---------------------------------------------------------------
[ 2022-06-03T00:00:24+08:00 ] 172.18.0.1 GET www.h2omedia.com/api/Notes/getCommentNotesList?notesId=1&comment_id=0&limit=10
[运行时间：0.324302s] [吞吐率：3.08req/s] [内存消耗：2,819.01kb] [文件加载：61]
[ info ] [ LANG ] /home/wwwroot/h2o-media-api/thinkphp/lang/zh-cn.php
[ info ] [ ROUTE ] array (
  'type' => 'module',
  'module' => 
  array (
    0 => 'api',
    1 => 'Notes',
    2 => 'getCommentNotesList',
  ),
)
[ info ] [ HEADER ] array (
  'accept-language' => 'zh-cn',
  'referer' => 'http://localhost:8001/',
  'authorization' => '"631be4f917a8847a97dc775222bfd74asYmSY4Grz6uFp7WWsH-moMqO0qB9nKeVmIdzow"',
  'user-agent' => 'Mozilla/5.0 (iPhone; CPU iPhone OS 14_0 like Mac OS X) AppleWebKit/605.1.15 (KHTML, like Gecko) Version/14.0 Mobile/15E148 Safari/604.1',
  'accept' => '*/*',
  'connection' => 'keep-alive',
  'accept-encoding' => 'gzip, deflate',
  'origin' => 'http://localhost:8001',
  'host' => 'www.h2omedia.com',
  'content-type' => '',
  'content-length' => '',
)
[ info ] [ PARAM ] array (
  'notesId' => '1',
  'comment_id' => '0',
  'limit' => '10',
)
[ info ] [ RUN ] app\api\controller\NotesController->getCommentNotesList[ /home/wwwroot/h2o-media-api/application/api/controller/NotesController.php ]
[ info ] [ DB ] INIT mysql
[ info ] [ LOG ] INIT File
[ sql ] [ DB ] CONNECT:[ UseTime:0.001371s ] mysql:host=127.0.0.1;dbname=h2o_media;charset=utf8mb4
[ sql ] [ SQL ] SHOW COLUMNS FROM `m_comment` [ RunTime:0.004830s ]
[ sql ] [ SQL ] SELECT `c`.*,`u`.`nickname`,`u`.`avatar` FROM `m_comment` `c` INNER JOIN `m_user` `u` ON `c`.`uid`=`u`.`id` WHERE  `note_id` = 1  AND `leave_pid` = 0 ORDER BY `c`.`id` DESC LIMIT 10 [ RunTime:0.003291s ]
[ sql ] [ SQL ] SELECT `c`.*,`u`.`nickname`,`u`.`avatar` FROM `m_comment` `c` INNER JOIN `m_user` `u` ON `c`.`uid`=`u`.`id` WHERE  `c`.`note_id` = '1'  AND `pid` = 1 ORDER BY `c`.`id` ASC [ RunTime:0.005978s ]
---------------------------------------------------------------
[ 2022-06-03T00:00:24+08:00 ] 172.18.0.1 GET www.h2omedia.com/api/Notes/getCommentNotesList?notesId=1&comment_id=0&limit=10
[运行时间：0.357291s] [吞吐率：2.80req/s] [内存消耗：2,818.98kb] [文件加载：61]
[ info ] [ LANG ] /home/wwwroot/h2o-media-api/thinkphp/lang/zh-cn.php
[ info ] [ ROUTE ] array (
  'type' => 'module',
  'module' => 
  array (
    0 => 'api',
    1 => 'Notes',
    2 => 'getCommentNotesList',
  ),
)
[ info ] [ HEADER ] array (
  'accept-language' => 'zh-CN,zh;q=0.9',
  'accept-encoding' => 'gzip, deflate',
  'referer' => 'http://localhost:8001/',
  'origin' => 'http://localhost:8001',
  'user-agent' => 'Mozilla/5.0 (iPhone; CPU iPhone OS 13_2_3 like Mac OS X) AppleWebKit/605.1.15 (KHTML, like Gecko) Version/13.0.3 Mobile/15E148 Safari/604.1',
  'accept' => 'application/json, text/plain, */*',
  'connection' => 'keep-alive',
  'host' => 'www.h2omedia.com',
  'content-type' => '',
  'content-length' => '',
)
[ info ] [ PARAM ] array (
  'notesId' => '1',
  'comment_id' => '0',
  'limit' => '10',
)
[ info ] [ RUN ] app\api\controller\NotesController->getCommentNotesList[ /home/wwwroot/h2o-media-api/application/api/controller/NotesController.php ]
[ info ] [ DB ] INIT mysql
[ info ] [ LOG ] INIT File
[ sql ] [ DB ] CONNECT:[ UseTime:0.004963s ] mysql:host=127.0.0.1;dbname=h2o_media;charset=utf8mb4
[ sql ] [ SQL ] SHOW COLUMNS FROM `m_comment` [ RunTime:0.004599s ]
[ sql ] [ SQL ] SELECT `c`.*,`u`.`nickname`,`u`.`avatar` FROM `m_comment` `c` INNER JOIN `m_user` `u` ON `c`.`uid`=`u`.`id` WHERE  `note_id` = 1  AND `leave_pid` = 0 ORDER BY `c`.`id` DESC LIMIT 10 [ RunTime:0.004485s ]
[ sql ] [ SQL ] SELECT `c`.*,`u`.`nickname`,`u`.`avatar` FROM `m_comment` `c` INNER JOIN `m_user` `u` ON `c`.`uid`=`u`.`id` WHERE  `c`.`note_id` = '1'  AND `pid` = 1 ORDER BY `c`.`id` ASC [ RunTime:0.002255s ]
---------------------------------------------------------------
[ 2022-06-03T00:00:24+08:00 ] 172.18.0.1 GET www.h2omedia.com/api/Notes/getNotesDetail?notesId=1&userId=1
[运行时间：0.436314s] [吞吐率：2.29req/s] [内存消耗：3,176.97kb] [文件加载：71]
[ info ] [ LANG ] /home/wwwroot/h2o-media-api/thinkphp/lang/zh-cn.php
[ info ] [ ROUTE ] array (
  'type' => 'module',
  'module' => 
  array (
    0 => 'api',
    1 => 'Notes',
    2 => 'getNotesDetail',
  ),
)
[ info ] [ HEADER ] array (
  'accept-language' => 'zh-CN,zh;q=0.9',
  'accept-encoding' => 'gzip, deflate',
  'referer' => 'http://localhost:8001/',
  'origin' => 'http://localhost:8001',
  'user-agent' => 'Mozilla/5.0 (iPhone; CPU iPhone OS 13_2_3 like Mac OS X) AppleWebKit/605.1.15 (KHTML, like Gecko) Version/13.0.3 Mobile/15E148 Safari/604.1',
  'accept' => 'application/json, text/plain, */*',
  'connection' => 'keep-alive',
  'host' => 'www.h2omedia.com',
  'content-type' => '',
  'content-length' => '',
)
[ info ] [ PARAM ] array (
  'notesId' => '1',
  'userId' => '1',
)
[ info ] [ RUN ] app\api\controller\NotesController->getNotesDetail[ /home/wwwroot/h2o-media-api/application/api/controller/NotesController.php ]
[ info ] [ DB ] INIT mysql
[ info ] [ CACHE ] INIT File
[ info ] [ LOG ] INIT File
[ sql ] [ DB ] CONNECT:[ UseTime:0.001552s ] mysql:host=127.0.0.1;dbname=h2o_media;charset=utf8mb4
[ sql ] [ SQL ] SHOW COLUMNS FROM `m_notes` [ RunTime:0.004766s ]
[ sql ] [ SQL ] SELECT `a`.*,`b`.`nickname`,`b`.`avatar` FROM `m_notes` `a` INNER JOIN `m_user` `b` ON `a`.`user_id`=`b`.`id` WHERE  `a`.`id` = '1' LIMIT 1 [ RunTime:0.002105s ]
[ sql ] [ SQL ] SHOW COLUMNS FROM `m_follow` [ RunTime:0.004665s ]
[ sql ] [ SQL ] SELECT * FROM `m_follow` WHERE  `uid` = 1  AND `follow_uid` = 1 LIMIT 1 [ RunTime:0.002948s ]
[ sql ] [ SQL ] SHOW COLUMNS FROM `m_like` [ RunTime:0.008425s ]
[ sql ] [ SQL ] SELECT * FROM `m_like` WHERE  `uid` = 1  AND `note_id` = 1  AND `state` = 1 LIMIT 1 [ RunTime:0.005892s ]
[ sql ] [ SQL ] SHOW COLUMNS FROM `m_collect` [ RunTime:0.005023s ]
[ sql ] [ SQL ] SELECT * FROM `m_collect` WHERE  `uid` = 1  AND `note_id` = 1  AND `state` = 1 LIMIT 1 [ RunTime:0.004479s ]
[ sql ] [ SQL ] SELECT COUNT(*) AS tp_count FROM `m_like` WHERE  `note_id` = 1  AND `state` = 1 LIMIT 1 [ RunTime:0.003018s ]
[ sql ] [ SQL ] SELECT COUNT(*) AS tp_count FROM `m_collect` WHERE  `note_id` = 1  AND `state` = 1 LIMIT 1 [ RunTime:0.001591s ]
[ sql ] [ SQL ] SHOW COLUMNS FROM `m_comment` [ RunTime:0.005222s ]
[ sql ] [ SQL ] SELECT COUNT(*) AS tp_count FROM `m_comment` WHERE  `note_id` = 1 LIMIT 1 [ RunTime:0.002708s ]
[ sql ] [ SQL ] SHOW COLUMNS FROM `m_reward` [ RunTime:0.003564s ]
[ sql ] [ SQL ] SELECT * FROM `m_reward` WHERE  `uid` = 1  AND `note_id` = 1 LIMIT 1 [ RunTime:0.001260s ]
[ sql ] [ SQL ] SELECT SUM(amount) AS tp_sum FROM `m_reward` WHERE  `note_id` = 1 LIMIT 1 [ RunTime:0.001191s ]
[ sql ] [ SQL ] SELECT * FROM m_notes_log WHERE to_days(`time`) = to_days(now()) AND `user_id`='1' AND `note_id`=1 AND `type`=3 LIMIT 1 [ RunTime:0.001994s ]
[ sql ] [ SQL ] SHOW COLUMNS FROM `m_notes_log` [ RunTime:0.002915s ]
[ sql ] [ SQL ] INSERT INTO `m_notes_log` (`note_id` , `desc` , `type` , `user_id` , `data` , `ip` , `hash` , `time` , `status` , `count` , `is_cancel`) VALUES (1 , '浏览作品' , 3 , 1 , '{\"id\":1,\"user_id\":1,\"address\":null,\"class_id\":0,\"content\":\"\\u7f8e\\u5973\",\"title\":\"\\u7f8e\\u5973\",\"cover\":\"https:\\/\\/h2o-finance-images.s3.amazonaws.com\\/h2oMedia\\/image\\/2022-06-02\\/231344_37434264.jpeg\",\"imgs\":[\"https:\\/\\/h2o-finance-images.s3.amazonaws.com\\/h2oMedia\\/image\\/2022-06-02\\/231344_37434264.jpeg\",\"https:\\/\\/h2o-finance-images.s3.amazonaws.com\\/h2oMedia\\/image\\/2022-06-02\\/231344_931933467.jpeg\",\"https:\\/\\/h2o-finance-images.s3.amazonaws.com\\/h2oMedia\\/image\\/2022-06-02\\/231344_699349857.jpeg\",\"https:\\/\\/h2o-finance-images.s3.amazonaws.com\\/h2oMedia\\/image\\/2022-06-02\\/231344_1523174403.jpeg\",\"https:\\/\\/h2o-finance-images.s3.amazonaws.com\\/h2oMedia\\/image\\/2022-06-02\\/231344_233774090.jpeg\"],\"video_url\":\"\",\"video_ts_url\":null,\"add_time\":\"2022-06-02 23:13:47\",\"state\":1,\"update_time\":\"2022-06-02 23:13:47\",\"type\":1,\"like_num\":0,\"comment_num\":1,\"nickname\":\"qinlh001\",\"avatar\":\"https:\\/\\/h2o-finance-images.s3.amazonaws.com\\/h2oMedia\\/picture\\/avatar\\/231424_1908139321_.jpg\",\"date\":\"2022-06-02\",\"is_follow\":false,\"is_like\":false,\"is_collect\":false,\"collect_num\":0,\"message_num\":1,\"is_reward\":false,\"reward_num\":0}' , '172.18.0.1' , '' , '2022-06-03 00:00:24' , 0 , 1 , 0) [ RunTime:0.001458s ]
[ sql ] [ SQL ] SELECT * FROM m_award WHERE `date` = '2022-06-03' AND `user_id` = '1' LIMIT 1 [ RunTime:0.001271s ]
[ sql ] [ SQL ] SHOW COLUMNS FROM `m_award` [ RunTime:0.002800s ]
[ sql ] [ SQL ] INSERT INTO `m_award` (`user_id` , `date` , `publish_images_num` , `publish_video_num` , `browse_num` , `status`) VALUES (1 , '2022-06-03' , 0 , 0 , 0 , 0) [ RunTime:0.001102s ]
[ sql ] [ SQL ] SELECT * FROM m_award WHERE `date` = '2022-06-03' AND `user_id` = '1' LIMIT 1 [ RunTime:0.001230s ]
[ sql ] [ SQL ] UPDATE `m_award`  SET `browse_num`=`browse_num`+1  WHERE  `user_id` = 1  AND `date` = '2022-06-03' [ RunTime:0.001425s ]
[ sql ] [ SQL ] SHOW COLUMNS FROM `m_user` [ RunTime:0.005790s ]
[ sql ] [ SQL ] UPDATE `m_user`  SET `balance`=`balance`+10  WHERE  `id` = 1 [ RunTime:0.001526s ]
---------------------------------------------------------------
[ 2022-06-03T00:00:24+08:00 ] 172.18.0.1 GET www.h2omedia.com/api/Notes/getNotesDetail?notesId=1&userId=6
[运行时间：0.273492s] [吞吐率：3.66req/s] [内存消耗：3,177.01kb] [文件加载：71]
[ info ] [ LANG ] /home/wwwroot/h2o-media-api/thinkphp/lang/zh-cn.php
[ info ] [ ROUTE ] array (
  'type' => 'module',
  'module' => 
  array (
    0 => 'api',
    1 => 'Notes',
    2 => 'getNotesDetail',
  ),
)
[ info ] [ HEADER ] array (
  'accept-language' => 'zh-cn',
  'referer' => 'http://localhost:8001/',
  'authorization' => '"631be4f917a8847a97dc775222bfd74asYmSY4Grz6uFp7WWsH-moMqO0qB9nKeVmIdzow"',
  'user-agent' => 'Mozilla/5.0 (iPhone; CPU iPhone OS 14_0 like Mac OS X) AppleWebKit/605.1.15 (KHTML, like Gecko) Version/14.0 Mobile/15E148 Safari/604.1',
  'accept' => '*/*',
  'connection' => 'keep-alive',
  'accept-encoding' => 'gzip, deflate',
  'origin' => 'http://localhost:8001',
  'host' => 'www.h2omedia.com',
  'content-type' => '',
  'content-length' => '',
)
[ info ] [ PARAM ] array (
  'notesId' => '1',
  'userId' => '6',
)
[ info ] [ RUN ] app\api\controller\NotesController->getNotesDetail[ /home/wwwroot/h2o-media-api/application/api/controller/NotesController.php ]
[ info ] [ DB ] INIT mysql
[ info ] [ CACHE ] INIT File
[ info ] [ LOG ] INIT File
[ sql ] [ DB ] CONNECT:[ UseTime:0.000900s ] mysql:host=127.0.0.1;dbname=h2o_media;charset=utf8mb4
[ sql ] [ SQL ] SHOW COLUMNS FROM `m_notes` [ RunTime:0.002695s ]
[ sql ] [ SQL ] SELECT `a`.*,`b`.`nickname`,`b`.`avatar` FROM `m_notes` `a` INNER JOIN `m_user` `b` ON `a`.`user_id`=`b`.`id` WHERE  `a`.`id` = '1' LIMIT 1 [ RunTime:0.001083s ]
[ sql ] [ SQL ] SHOW COLUMNS FROM `m_follow` [ RunTime:0.004101s ]
[ sql ] [ SQL ] SELECT * FROM `m_follow` WHERE  `uid` = 6  AND `follow_uid` = 1 LIMIT 1 [ RunTime:0.001025s ]
[ sql ] [ SQL ] SHOW COLUMNS FROM `m_like` [ RunTime:0.002531s ]
[ sql ] [ SQL ] SELECT * FROM `m_like` WHERE  `uid` = 6  AND `note_id` = 1  AND `state` = 1 LIMIT 1 [ RunTime:0.001335s ]
[ sql ] [ SQL ] SHOW COLUMNS FROM `m_collect` [ RunTime:0.002424s ]
[ sql ] [ SQL ] SELECT * FROM `m_collect` WHERE  `uid` = 6  AND `note_id` = 1  AND `state` = 1 LIMIT 1 [ RunTime:0.000867s ]
[ sql ] [ SQL ] SELECT COUNT(*) AS tp_count FROM `m_like` WHERE  `note_id` = 1  AND `state` = 1 LIMIT 1 [ RunTime:0.001460s ]
[ sql ] [ SQL ] SELECT COUNT(*) AS tp_count FROM `m_collect` WHERE  `note_id` = 1  AND `state` = 1 LIMIT 1 [ RunTime:0.000588s ]
[ sql ] [ SQL ] SHOW COLUMNS FROM `m_comment` [ RunTime:0.002525s ]
[ sql ] [ SQL ] SELECT COUNT(*) AS tp_count FROM `m_comment` WHERE  `note_id` = 1 LIMIT 1 [ RunTime:0.000577s ]
[ sql ] [ SQL ] SHOW COLUMNS FROM `m_reward` [ RunTime:0.002984s ]
[ sql ] [ SQL ] SELECT * FROM `m_reward` WHERE  `uid` = 6  AND `note_id` = 1 LIMIT 1 [ RunTime:0.000825s ]
[ sql ] [ SQL ] SELECT SUM(amount) AS tp_sum FROM `m_reward` WHERE  `note_id` = 1 LIMIT 1 [ RunTime:0.000653s ]
[ sql ] [ SQL ] SELECT * FROM m_notes_log WHERE to_days(`time`) = to_days(now()) AND `user_id`='6' AND `note_id`=1 AND `type`=3 LIMIT 1 [ RunTime:0.001552s ]
[ sql ] [ SQL ] SHOW COLUMNS FROM `m_notes_log` [ RunTime:0.002146s ]
[ sql ] [ SQL ] INSERT INTO `m_notes_log` (`note_id` , `desc` , `type` , `user_id` , `data` , `ip` , `hash` , `time` , `status` , `count` , `is_cancel`) VALUES (1 , '浏览作品' , 3 , 6 , '{\"id\":1,\"user_id\":1,\"address\":null,\"class_id\":0,\"content\":\"\\u7f8e\\u5973\",\"title\":\"\\u7f8e\\u5973\",\"cover\":\"https:\\/\\/h2o-finance-images.s3.amazonaws.com\\/h2oMedia\\/image\\/2022-06-02\\/231344_37434264.jpeg\",\"imgs\":[\"https:\\/\\/h2o-finance-images.s3.amazonaws.com\\/h2oMedia\\/image\\/2022-06-02\\/231344_37434264.jpeg\",\"https:\\/\\/h2o-finance-images.s3.amazonaws.com\\/h2oMedia\\/image\\/2022-06-02\\/231344_931933467.jpeg\",\"https:\\/\\/h2o-finance-images.s3.amazonaws.com\\/h2oMedia\\/image\\/2022-06-02\\/231344_699349857.jpeg\",\"https:\\/\\/h2o-finance-images.s3.amazonaws.com\\/h2oMedia\\/image\\/2022-06-02\\/231344_1523174403.jpeg\",\"https:\\/\\/h2o-finance-images.s3.amazonaws.com\\/h2oMedia\\/image\\/2022-06-02\\/231344_233774090.jpeg\"],\"video_url\":\"\",\"video_ts_url\":null,\"add_time\":\"2022-06-02 23:13:47\",\"state\":1,\"update_time\":\"2022-06-02 23:13:47\",\"type\":1,\"like_num\":0,\"comment_num\":1,\"nickname\":\"qinlh001\",\"avatar\":\"https:\\/\\/h2o-finance-images.s3.amazonaws.com\\/h2oMedia\\/picture\\/avatar\\/231424_1908139321_.jpg\",\"date\":\"2022-06-02\",\"is_follow\":false,\"is_like\":false,\"is_collect\":false,\"collect_num\":0,\"message_num\":1,\"is_reward\":false,\"reward_num\":0}' , '172.18.0.1' , '' , '2022-06-03 00:00:24' , 0 , 1 , 0) [ RunTime:0.000961s ]
[ sql ] [ SQL ] SELECT * FROM m_award WHERE `date` = '2022-06-03' AND `user_id` = '6' LIMIT 1 [ RunTime:0.001452s ]
[ sql ] [ SQL ] SHOW COLUMNS FROM `m_award` [ RunTime:0.002184s ]
[ sql ] [ SQL ] INSERT INTO `m_award` (`user_id` , `date` , `publish_images_num` , `publish_video_num` , `browse_num` , `status`) VALUES (6 , '2022-06-03' , 0 , 0 , 0 , 0) [ RunTime:0.000880s ]
[ sql ] [ SQL ] SELECT * FROM m_award WHERE `date` = '2022-06-03' AND `user_id` = '6' LIMIT 1 [ RunTime:0.001258s ]
[ sql ] [ SQL ] UPDATE `m_award`  SET `browse_num`=`browse_num`+1  WHERE  `user_id` = 6  AND `date` = '2022-06-03' [ RunTime:0.001747s ]
[ sql ] [ SQL ] SHOW COLUMNS FROM `m_user` [ RunTime:0.002608s ]
[ sql ] [ SQL ] UPDATE `m_user`  SET `balance`=`balance`+10  WHERE  `id` = 6 [ RunTime:0.001008s ]
---------------------------------------------------------------
[ 2022-06-03T00:00:27+08:00 ] 172.18.0.1 GET www.h2omedia.com/api/Notes/getNotesDetail?notesId=1&userId=0
[运行时间：0.224865s] [吞吐率：4.45req/s] [内存消耗：2,745.25kb] [文件加载：59]
[ info ] [ LANG ] /home/wwwroot/h2o-media-api/thinkphp/lang/zh-cn.php
[ info ] [ ROUTE ] array (
  'type' => 'module',
  'module' => 
  array (
    0 => 'api',
    1 => 'Notes',
    2 => 'getNotesDetail',
  ),
)
[ info ] [ HEADER ] array (
  'accept-language' => 'zh-cn',
  'referer' => 'http://localhost:8001/',
  'authorization' => '"631be4f917a8847a97dc775222bfd74asYmSY4Grz6uFp7WWsH-moMqO0qB9nKeVmIdzow"',
  'user-agent' => 'Mozilla/5.0 (iPhone; CPU iPhone OS 14_0 like Mac OS X) AppleWebKit/605.1.15 (KHTML, like Gecko) Version/14.0 Mobile/15E148 Safari/604.1',
  'accept' => '*/*',
  'connection' => 'keep-alive',
  'accept-encoding' => 'gzip, deflate',
  'origin' => 'http://localhost:8001',
  'host' => 'www.h2omedia.com',
  'content-type' => '',
  'content-length' => '',
)
[ info ] [ PARAM ] array (
  'notesId' => '1',
  'userId' => '0',
)
[ info ] [ RUN ] app\api\controller\NotesController->getNotesDetail[ /home/wwwroot/h2o-media-api/application/api/controller/NotesController.php ]
[ info ] [ DB ] INIT mysql
[ info ] [ LOG ] INIT File
[ sql ] [ DB ] CONNECT:[ UseTime:0.001244s ] mysql:host=127.0.0.1;dbname=h2o_media;charset=utf8mb4
[ sql ] [ SQL ] SHOW COLUMNS FROM `m_notes` [ RunTime:0.007589s ]
[ sql ] [ SQL ] SELECT `a`.*,`b`.`nickname`,`b`.`avatar` FROM `m_notes` `a` INNER JOIN `m_user` `b` ON `a`.`user_id`=`b`.`id` WHERE  `a`.`id` = '1' LIMIT 1 [ RunTime:0.006884s ]
---------------------------------------------------------------
[ 2022-06-03T00:00:27+08:00 ] 172.18.0.1 GET www.h2omedia.com/api/Notes/getCommentNotesList?notesId=1&comment_id=0&limit=10
[运行时间：0.264112s] [吞吐率：3.79req/s] [内存消耗：2,819.02kb] [文件加载：61]
[ info ] [ LANG ] /home/wwwroot/h2o-media-api/thinkphp/lang/zh-cn.php
[ info ] [ ROUTE ] array (
  'type' => 'module',
  'module' => 
  array (
    0 => 'api',
    1 => 'Notes',
    2 => 'getCommentNotesList',
  ),
)
[ info ] [ HEADER ] array (
  'accept-language' => 'zh-cn',
  'referer' => 'http://localhost:8001/',
  'authorization' => '"631be4f917a8847a97dc775222bfd74asYmSY4Grz6uFp7WWsH-moMqO0qB9nKeVmIdzow"',
  'user-agent' => 'Mozilla/5.0 (iPhone; CPU iPhone OS 14_0 like Mac OS X) AppleWebKit/605.1.15 (KHTML, like Gecko) Version/14.0 Mobile/15E148 Safari/604.1',
  'accept' => '*/*',
  'connection' => 'keep-alive',
  'accept-encoding' => 'gzip, deflate',
  'origin' => 'http://localhost:8001',
  'host' => 'www.h2omedia.com',
  'content-type' => '',
  'content-length' => '',
)
[ info ] [ PARAM ] array (
  'notesId' => '1',
  'comment_id' => '0',
  'limit' => '10',
)
[ info ] [ RUN ] app\api\controller\NotesController->getCommentNotesList[ /home/wwwroot/h2o-media-api/application/api/controller/NotesController.php ]
[ info ] [ DB ] INIT mysql
[ info ] [ LOG ] INIT File
[ sql ] [ DB ] CONNECT:[ UseTime:0.005790s ] mysql:host=127.0.0.1;dbname=h2o_media;charset=utf8mb4
[ sql ] [ SQL ] SHOW COLUMNS FROM `m_comment` [ RunTime:0.008861s ]
[ sql ] [ SQL ] SELECT `c`.*,`u`.`nickname`,`u`.`avatar` FROM `m_comment` `c` INNER JOIN `m_user` `u` ON `c`.`uid`=`u`.`id` WHERE  `note_id` = 1  AND `leave_pid` = 0 ORDER BY `c`.`id` DESC LIMIT 10 [ RunTime:0.006216s ]
[ sql ] [ SQL ] SELECT `c`.*,`u`.`nickname`,`u`.`avatar` FROM `m_comment` `c` INNER JOIN `m_user` `u` ON `c`.`uid`=`u`.`id` WHERE  `c`.`note_id` = '1'  AND `pid` = 1 ORDER BY `c`.`id` ASC [ RunTime:0.007786s ]
---------------------------------------------------------------
[ 2022-06-03T00:00:27+08:00 ] 172.18.0.1 GET www.h2omedia.com/api/Notes/getNotesDetail?notesId=1&userId=6
[运行时间：0.298949s] [吞吐率：3.35req/s] [内存消耗：3,177.01kb] [文件加载：71]
[ info ] [ LANG ] /home/wwwroot/h2o-media-api/thinkphp/lang/zh-cn.php
[ info ] [ ROUTE ] array (
  'type' => 'module',
  'module' => 
  array (
    0 => 'api',
    1 => 'Notes',
    2 => 'getNotesDetail',
  ),
)
[ info ] [ HEADER ] array (
  'accept-language' => 'zh-cn',
  'referer' => 'http://localhost:8001/',
  'authorization' => '"631be4f917a8847a97dc775222bfd74asYmSY4Grz6uFp7WWsH-moMqO0qB9nKeVmIdzow"',
  'user-agent' => 'Mozilla/5.0 (iPhone; CPU iPhone OS 14_0 like Mac OS X) AppleWebKit/605.1.15 (KHTML, like Gecko) Version/14.0 Mobile/15E148 Safari/604.1',
  'accept' => '*/*',
  'connection' => 'keep-alive',
  'accept-encoding' => 'gzip, deflate',
  'origin' => 'http://localhost:8001',
  'host' => 'www.h2omedia.com',
  'content-type' => '',
  'content-length' => '',
)
[ info ] [ PARAM ] array (
  'notesId' => '1',
  'userId' => '6',
)
[ info ] [ RUN ] app\api\controller\NotesController->getNotesDetail[ /home/wwwroot/h2o-media-api/application/api/controller/NotesController.php ]
[ info ] [ DB ] INIT mysql
[ info ] [ CACHE ] INIT File
[ info ] [ LOG ] INIT File
[ sql ] [ DB ] CONNECT:[ UseTime:0.001334s ] mysql:host=127.0.0.1;dbname=h2o_media;charset=utf8mb4
[ sql ] [ SQL ] SHOW COLUMNS FROM `m_notes` [ RunTime:0.003248s ]
[ sql ] [ SQL ] SELECT `a`.*,`b`.`nickname`,`b`.`avatar` FROM `m_notes` `a` INNER JOIN `m_user` `b` ON `a`.`user_id`=`b`.`id` WHERE  `a`.`id` = '1' LIMIT 1 [ RunTime:0.001539s ]
[ sql ] [ SQL ] SHOW COLUMNS FROM `m_follow` [ RunTime:0.002697s ]
[ sql ] [ SQL ] SELECT * FROM `m_follow` WHERE  `uid` = 6  AND `follow_uid` = 1 LIMIT 1 [ RunTime:0.001174s ]
[ sql ] [ SQL ] SHOW COLUMNS FROM `m_like` [ RunTime:0.002413s ]
[ sql ] [ SQL ] SELECT * FROM `m_like` WHERE  `uid` = 6  AND `note_id` = 1  AND `state` = 1 LIMIT 1 [ RunTime:0.000991s ]
[ sql ] [ SQL ] SHOW COLUMNS FROM `m_collect` [ RunTime:0.002550s ]
[ sql ] [ SQL ] SELECT * FROM `m_collect` WHERE  `uid` = 6  AND `note_id` = 1  AND `state` = 1 LIMIT 1 [ RunTime:0.000806s ]
[ sql ] [ SQL ] SELECT COUNT(*) AS tp_count FROM `m_like` WHERE  `note_id` = 1  AND `state` = 1 LIMIT 1 [ RunTime:0.000992s ]
[ sql ] [ SQL ] SELECT COUNT(*) AS tp_count FROM `m_collect` WHERE  `note_id` = 1  AND `state` = 1 LIMIT 1 [ RunTime:0.000757s ]
[ sql ] [ SQL ] SHOW COLUMNS FROM `m_comment` [ RunTime:0.002595s ]
[ sql ] [ SQL ] SELECT COUNT(*) AS tp_count FROM `m_comment` WHERE  `note_id` = 1 LIMIT 1 [ RunTime:0.001497s ]
[ sql ] [ SQL ] SHOW COLUMNS FROM `m_reward` [ RunTime:0.003091s ]
[ sql ] [ SQL ] SELECT * FROM `m_reward` WHERE  `uid` = 6  AND `note_id` = 1 LIMIT 1 [ RunTime:0.001414s ]
[ sql ] [ SQL ] SELECT SUM(amount) AS tp_sum FROM `m_reward` WHERE  `note_id` = 1 LIMIT 1 [ RunTime:0.001835s ]
[ sql ] [ SQL ] SELECT * FROM m_notes_log WHERE to_days(`time`) = to_days(now()) AND `user_id`='6' AND `note_id`=1 AND `type`=3 LIMIT 1 [ RunTime:0.002176s ]
[ sql ] [ SQL ] SHOW COLUMNS FROM `m_notes_log` [ RunTime:0.002210s ]
[ sql ] [ SQL ] INSERT INTO `m_notes_log` (`note_id` , `desc` , `type` , `user_id` , `data` , `ip` , `hash` , `time` , `status` , `count` , `is_cancel`) VALUES (1 , '浏览作品' , 3 , 6 , '{\"id\":1,\"user_id\":1,\"address\":null,\"class_id\":0,\"content\":\"\\u7f8e\\u5973\",\"title\":\"\\u7f8e\\u5973\",\"cover\":\"https:\\/\\/h2o-finance-images.s3.amazonaws.com\\/h2oMedia\\/image\\/2022-06-02\\/231344_37434264.jpeg\",\"imgs\":[\"https:\\/\\/h2o-finance-images.s3.amazonaws.com\\/h2oMedia\\/image\\/2022-06-02\\/231344_37434264.jpeg\",\"https:\\/\\/h2o-finance-images.s3.amazonaws.com\\/h2oMedia\\/image\\/2022-06-02\\/231344_931933467.jpeg\",\"https:\\/\\/h2o-finance-images.s3.amazonaws.com\\/h2oMedia\\/image\\/2022-06-02\\/231344_699349857.jpeg\",\"https:\\/\\/h2o-finance-images.s3.amazonaws.com\\/h2oMedia\\/image\\/2022-06-02\\/231344_1523174403.jpeg\",\"https:\\/\\/h2o-finance-images.s3.amazonaws.com\\/h2oMedia\\/image\\/2022-06-02\\/231344_233774090.jpeg\"],\"video_url\":\"\",\"video_ts_url\":null,\"add_time\":\"2022-06-02 23:13:47\",\"state\":1,\"update_time\":\"2022-06-02 23:13:47\",\"type\":1,\"like_num\":0,\"comment_num\":1,\"nickname\":\"qinlh001\",\"avatar\":\"https:\\/\\/h2o-finance-images.s3.amazonaws.com\\/h2oMedia\\/picture\\/avatar\\/231424_1908139321_.jpg\",\"date\":\"2022-06-02\",\"is_follow\":false,\"is_like\":false,\"is_collect\":false,\"collect_num\":0,\"message_num\":1,\"is_reward\":false,\"reward_num\":0}' , '172.18.0.1' , '' , '2022-06-03 00:00:27' , 0 , 1 , 0) [ RunTime:0.000943s ]
[ sql ] [ SQL ] SELECT * FROM m_award WHERE `date` = '2022-06-03' AND `user_id` = '6' LIMIT 1 [ RunTime:0.001212s ]
[ sql ] [ SQL ] SHOW COLUMNS FROM `m_award` [ RunTime:0.001995s ]
[ sql ] [ SQL ] INSERT INTO `m_award` (`user_id` , `date` , `publish_images_num` , `publish_video_num` , `browse_num` , `status`) VALUES (6 , '2022-06-03' , 0 , 0 , 0 , 0) [ RunTime:0.000894s ]
[ sql ] [ SQL ] SELECT * FROM m_award WHERE `date` = '2022-06-03' AND `user_id` = '6' LIMIT 1 [ RunTime:0.000898s ]
[ sql ] [ SQL ] UPDATE `m_award`  SET `browse_num`=`browse_num`+1  WHERE  `user_id` = 6  AND `date` = '2022-06-03' [ RunTime:0.000907s ]
[ sql ] [ SQL ] SHOW COLUMNS FROM `m_user` [ RunTime:0.002651s ]
[ sql ] [ SQL ] UPDATE `m_user`  SET `balance`=`balance`+10  WHERE  `id` = 6 [ RunTime:0.001324s ]
---------------------------------------------------------------
[ 2022-06-03T00:00:47+08:00 ] 172.18.0.1 GET www.h2omedia.com/api/Notes/getCommentNotesList?notesId=1&comment_id=0&limit=10
[运行时间：0.370068s] [吞吐率：2.70req/s] [内存消耗：2,818.98kb] [文件加载：61]
[ info ] [ LANG ] /home/wwwroot/h2o-media-api/thinkphp/lang/zh-cn.php
[ info ] [ ROUTE ] array (
  'type' => 'module',
  'module' => 
  array (
    0 => 'api',
    1 => 'Notes',
    2 => 'getCommentNotesList',
  ),
)
[ info ] [ HEADER ] array (
  'accept-language' => 'zh-CN,zh;q=0.9',
  'accept-encoding' => 'gzip, deflate',
  'referer' => 'http://localhost:8001/',
  'origin' => 'http://localhost:8001',
  'user-agent' => 'Mozilla/5.0 (iPhone; CPU iPhone OS 13_2_3 like Mac OS X) AppleWebKit/605.1.15 (KHTML, like Gecko) Version/13.0.3 Mobile/15E148 Safari/604.1',
  'accept' => 'application/json, text/plain, */*',
  'connection' => 'keep-alive',
  'host' => 'www.h2omedia.com',
  'content-type' => '',
  'content-length' => '',
)
[ info ] [ PARAM ] array (
  'notesId' => '1',
  'comment_id' => '0',
  'limit' => '10',
)
[ info ] [ RUN ] app\api\controller\NotesController->getCommentNotesList[ /home/wwwroot/h2o-media-api/application/api/controller/NotesController.php ]
[ info ] [ DB ] INIT mysql
[ info ] [ LOG ] INIT File
[ sql ] [ DB ] CONNECT:[ UseTime:0.005016s ] mysql:host=127.0.0.1;dbname=h2o_media;charset=utf8mb4
[ sql ] [ SQL ] SHOW COLUMNS FROM `m_comment` [ RunTime:0.005337s ]
[ sql ] [ SQL ] SELECT `c`.*,`u`.`nickname`,`u`.`avatar` FROM `m_comment` `c` INNER JOIN `m_user` `u` ON `c`.`uid`=`u`.`id` WHERE  `note_id` = 1  AND `leave_pid` = 0 ORDER BY `c`.`id` DESC LIMIT 10 [ RunTime:0.001635s ]
[ sql ] [ SQL ] SELECT `c`.*,`u`.`nickname`,`u`.`avatar` FROM `m_comment` `c` INNER JOIN `m_user` `u` ON `c`.`uid`=`u`.`id` WHERE  `c`.`note_id` = '1'  AND `pid` = 1 ORDER BY `c`.`id` ASC [ RunTime:0.004249s ]
---------------------------------------------------------------
[ 2022-06-03T00:00:47+08:00 ] 172.18.0.1 GET www.h2omedia.com/api/Notes/getNotesDetail?notesId=1&userId=6
[运行时间：0.458046s] [吞吐率：2.18req/s] [内存消耗：3,177.01kb] [文件加载：71]
[ info ] [ LANG ] /home/wwwroot/h2o-media-api/thinkphp/lang/zh-cn.php
[ info ] [ ROUTE ] array (
  'type' => 'module',
  'module' => 
  array (
    0 => 'api',
    1 => 'Notes',
    2 => 'getNotesDetail',
  ),
)
[ info ] [ HEADER ] array (
  'accept-language' => 'zh-cn',
  'referer' => 'http://localhost:8001/',
  'authorization' => '"631be4f917a8847a97dc775222bfd74asYmSY4Grz6uFp7WWsH-moMqO0qB9nKeVmIdzow"',
  'user-agent' => 'Mozilla/5.0 (iPhone; CPU iPhone OS 14_0 like Mac OS X) AppleWebKit/605.1.15 (KHTML, like Gecko) Version/14.0 Mobile/15E148 Safari/604.1',
  'accept' => '*/*',
  'connection' => 'keep-alive',
  'accept-encoding' => 'gzip, deflate',
  'origin' => 'http://localhost:8001',
  'host' => 'www.h2omedia.com',
  'content-type' => '',
  'content-length' => '',
)
[ info ] [ PARAM ] array (
  'notesId' => '1',
  'userId' => '6',
)
[ info ] [ RUN ] app\api\controller\NotesController->getNotesDetail[ /home/wwwroot/h2o-media-api/application/api/controller/NotesController.php ]
[ info ] [ DB ] INIT mysql
[ info ] [ CACHE ] INIT File
[ info ] [ LOG ] INIT File
[ sql ] [ DB ] CONNECT:[ UseTime:0.003540s ] mysql:host=127.0.0.1;dbname=h2o_media;charset=utf8mb4
[ sql ] [ SQL ] SHOW COLUMNS FROM `m_notes` [ RunTime:0.014452s ]
[ sql ] [ SQL ] SELECT `a`.*,`b`.`nickname`,`b`.`avatar` FROM `m_notes` `a` INNER JOIN `m_user` `b` ON `a`.`user_id`=`b`.`id` WHERE  `a`.`id` = '1' LIMIT 1 [ RunTime:0.006292s ]
[ sql ] [ SQL ] SHOW COLUMNS FROM `m_follow` [ RunTime:0.007752s ]
[ sql ] [ SQL ] SELECT * FROM `m_follow` WHERE  `uid` = 6  AND `follow_uid` = 1 LIMIT 1 [ RunTime:0.000931s ]
[ sql ] [ SQL ] SHOW COLUMNS FROM `m_like` [ RunTime:0.004468s ]
[ sql ] [ SQL ] SELECT * FROM `m_like` WHERE  `uid` = 6  AND `note_id` = 1  AND `state` = 1 LIMIT 1 [ RunTime:0.001544s ]
[ sql ] [ SQL ] SHOW COLUMNS FROM `m_collect` [ RunTime:0.003287s ]
[ sql ] [ SQL ] SELECT * FROM `m_collect` WHERE  `uid` = 6  AND `note_id` = 1  AND `state` = 1 LIMIT 1 [ RunTime:0.003406s ]
[ sql ] [ SQL ] SELECT COUNT(*) AS tp_count FROM `m_like` WHERE  `note_id` = 1  AND `state` = 1 LIMIT 1 [ RunTime:0.002172s ]
[ sql ] [ SQL ] SELECT COUNT(*) AS tp_count FROM `m_collect` WHERE  `note_id` = 1  AND `state` = 1 LIMIT 1 [ RunTime:0.001690s ]
[ sql ] [ SQL ] SHOW COLUMNS FROM `m_comment` [ RunTime:0.008340s ]
[ sql ] [ SQL ] SELECT COUNT(*) AS tp_count FROM `m_comment` WHERE  `note_id` = 1 LIMIT 1 [ RunTime:0.001208s ]
[ sql ] [ SQL ] SHOW COLUMNS FROM `m_reward` [ RunTime:0.004653s ]
[ sql ] [ SQL ] SELECT * FROM `m_reward` WHERE  `uid` = 6  AND `note_id` = 1 LIMIT 1 [ RunTime:0.001341s ]
[ sql ] [ SQL ] SELECT SUM(amount) AS tp_sum FROM `m_reward` WHERE  `note_id` = 1 LIMIT 1 [ RunTime:0.001311s ]
[ sql ] [ SQL ] SELECT * FROM m_notes_log WHERE to_days(`time`) = to_days(now()) AND `user_id`='6' AND `note_id`=1 AND `type`=3 LIMIT 1 [ RunTime:0.003184s ]
[ sql ] [ SQL ] SHOW COLUMNS FROM `m_notes_log` [ RunTime:0.005273s ]
[ sql ] [ SQL ] INSERT INTO `m_notes_log` (`note_id` , `desc` , `type` , `user_id` , `data` , `ip` , `hash` , `time` , `status` , `count` , `is_cancel`) VALUES (1 , '浏览作品' , 3 , 6 , '{\"id\":1,\"user_id\":1,\"address\":null,\"class_id\":0,\"content\":\"\\u7f8e\\u5973\",\"title\":\"\\u7f8e\\u5973\",\"cover\":\"https:\\/\\/h2o-finance-images.s3.amazonaws.com\\/h2oMedia\\/image\\/2022-06-02\\/231344_37434264.jpeg\",\"imgs\":[\"https:\\/\\/h2o-finance-images.s3.amazonaws.com\\/h2oMedia\\/image\\/2022-06-02\\/231344_37434264.jpeg\",\"https:\\/\\/h2o-finance-images.s3.amazonaws.com\\/h2oMedia\\/image\\/2022-06-02\\/231344_931933467.jpeg\",\"https:\\/\\/h2o-finance-images.s3.amazonaws.com\\/h2oMedia\\/image\\/2022-06-02\\/231344_699349857.jpeg\",\"https:\\/\\/h2o-finance-images.s3.amazonaws.com\\/h2oMedia\\/image\\/2022-06-02\\/231344_1523174403.jpeg\",\"https:\\/\\/h2o-finance-images.s3.amazonaws.com\\/h2oMedia\\/image\\/2022-06-02\\/231344_233774090.jpeg\"],\"video_url\":\"\",\"video_ts_url\":null,\"add_time\":\"2022-06-02 23:13:47\",\"state\":1,\"update_time\":\"2022-06-02 23:13:47\",\"type\":1,\"like_num\":0,\"comment_num\":1,\"nickname\":\"qinlh001\",\"avatar\":\"https:\\/\\/h2o-finance-images.s3.amazonaws.com\\/h2oMedia\\/picture\\/avatar\\/231424_1908139321_.jpg\",\"date\":\"2022-06-02\",\"is_follow\":false,\"is_like\":false,\"is_collect\":false,\"collect_num\":0,\"message_num\":1,\"is_reward\":false,\"reward_num\":0}' , '172.18.0.1' , '' , '2022-06-03 00:00:47' , 0 , 1 , 0) [ RunTime:0.004812s ]
[ sql ] [ SQL ] SELECT * FROM m_award WHERE `date` = '2022-06-03' AND `user_id` = '6' LIMIT 1 [ RunTime:0.003196s ]
[ sql ] [ SQL ] SHOW COLUMNS FROM `m_award` [ RunTime:0.003278s ]
[ sql ] [ SQL ] INSERT INTO `m_award` (`user_id` , `date` , `publish_images_num` , `publish_video_num` , `browse_num` , `status`) VALUES (6 , '2022-06-03' , 0 , 0 , 0 , 0) [ RunTime:0.001330s ]
[ sql ] [ SQL ] SELECT * FROM m_award WHERE `date` = '2022-06-03' AND `user_id` = '6' LIMIT 1 [ RunTime:0.002221s ]
[ sql ] [ SQL ] UPDATE `m_award`  SET `browse_num`=`browse_num`+1  WHERE  `user_id` = 6  AND `date` = '2022-06-03' [ RunTime:0.001825s ]
[ sql ] [ SQL ] SHOW COLUMNS FROM `m_user` [ RunTime:0.005136s ]
[ sql ] [ SQL ] UPDATE `m_user`  SET `balance`=`balance`+10  WHERE  `id` = 6 [ RunTime:0.001449s ]
---------------------------------------------------------------
[ 2022-06-03T00:00:47+08:00 ] 172.18.0.1 GET www.h2omedia.com/api/Notes/getNotesDetail?notesId=1&userId=1
[运行时间：0.483711s] [吞吐率：2.07req/s] [内存消耗：3,025.41kb] [文件加载：66]
[ info ] [ LANG ] /home/wwwroot/h2o-media-api/thinkphp/lang/zh-cn.php
[ info ] [ ROUTE ] array (
  'type' => 'module',
  'module' => 
  array (
    0 => 'api',
    1 => 'Notes',
    2 => 'getNotesDetail',
  ),
)
[ info ] [ HEADER ] array (
  'accept-language' => 'zh-CN,zh;q=0.9',
  'accept-encoding' => 'gzip, deflate',
  'referer' => 'http://localhost:8001/',
  'origin' => 'http://localhost:8001',
  'user-agent' => 'Mozilla/5.0 (iPhone; CPU iPhone OS 13_2_3 like Mac OS X) AppleWebKit/605.1.15 (KHTML, like Gecko) Version/13.0.3 Mobile/15E148 Safari/604.1',
  'accept' => 'application/json, text/plain, */*',
  'connection' => 'keep-alive',
  'host' => 'www.h2omedia.com',
  'content-type' => '',
  'content-length' => '',
)
[ info ] [ PARAM ] array (
  'notesId' => '1',
  'userId' => '1',
)
[ info ] [ RUN ] app\api\controller\NotesController->getNotesDetail[ /home/wwwroot/h2o-media-api/application/api/controller/NotesController.php ]
[ info ] [ DB ] INIT mysql
[ info ] [ LOG ] INIT File
[ sql ] [ DB ] CONNECT:[ UseTime:0.001862s ] mysql:host=127.0.0.1;dbname=h2o_media;charset=utf8mb4
[ sql ] [ SQL ] SHOW COLUMNS FROM `m_notes` [ RunTime:0.002934s ]
[ sql ] [ SQL ] SELECT `a`.*,`b`.`nickname`,`b`.`avatar` FROM `m_notes` `a` INNER JOIN `m_user` `b` ON `a`.`user_id`=`b`.`id` WHERE  `a`.`id` = '1' LIMIT 1 [ RunTime:0.003311s ]
[ sql ] [ SQL ] SHOW COLUMNS FROM `m_follow` [ RunTime:0.002888s ]
[ sql ] [ SQL ] SELECT * FROM `m_follow` WHERE  `uid` = 1  AND `follow_uid` = 1 LIMIT 1 [ RunTime:0.001111s ]
[ sql ] [ SQL ] SHOW COLUMNS FROM `m_like` [ RunTime:0.003801s ]
[ sql ] [ SQL ] SELECT * FROM `m_like` WHERE  `uid` = 1  AND `note_id` = 1  AND `state` = 1 LIMIT 1 [ RunTime:0.004543s ]
[ sql ] [ SQL ] SHOW COLUMNS FROM `m_collect` [ RunTime:0.009927s ]
[ sql ] [ SQL ] SELECT * FROM `m_collect` WHERE  `uid` = 1  AND `note_id` = 1  AND `state` = 1 LIMIT 1 [ RunTime:0.004761s ]
[ sql ] [ SQL ] SELECT COUNT(*) AS tp_count FROM `m_like` WHERE  `note_id` = 1  AND `state` = 1 LIMIT 1 [ RunTime:0.004154s ]
[ sql ] [ SQL ] SELECT COUNT(*) AS tp_count FROM `m_collect` WHERE  `note_id` = 1  AND `state` = 1 LIMIT 1 [ RunTime:0.001165s ]
[ sql ] [ SQL ] SHOW COLUMNS FROM `m_comment` [ RunTime:0.004074s ]
[ sql ] [ SQL ] SELECT COUNT(*) AS tp_count FROM `m_comment` WHERE  `note_id` = 1 LIMIT 1 [ RunTime:0.000973s ]
[ sql ] [ SQL ] SHOW COLUMNS FROM `m_reward` [ RunTime:0.005037s ]
[ sql ] [ SQL ] SELECT * FROM `m_reward` WHERE  `uid` = 1  AND `note_id` = 1 LIMIT 1 [ RunTime:0.002078s ]
[ sql ] [ SQL ] SELECT SUM(amount) AS tp_sum FROM `m_reward` WHERE  `note_id` = 1 LIMIT 1 [ RunTime:0.001882s ]
[ sql ] [ SQL ] SELECT * FROM m_notes_log WHERE to_days(`time`) = to_days(now()) AND `user_id`='1' AND `note_id`=1 AND `type`=3 LIMIT 1 [ RunTime:0.002677s ]
[ sql ] [ SQL ] SHOW COLUMNS FROM `m_notes_log` [ RunTime:0.006571s ]
[ sql ] [ SQL ] UPDATE `m_notes_log`  SET `time`='2022-06-03 00:00:47',`data`='{\"id\":1,\"user_id\":1,\"address\":null,\"class_id\":0,\"content\":\"\\u7f8e\\u5973\",\"title\":\"\\u7f8e\\u5973\",\"cover\":\"https:\\/\\/h2o-finance-images.s3.amazonaws.com\\/h2oMedia\\/image\\/2022-06-02\\/231344_37434264.jpeg\",\"imgs\":[\"https:\\/\\/h2o-finance-images.s3.amazonaws.com\\/h2oMedia\\/image\\/2022-06-02\\/231344_37434264.jpeg\",\"https:\\/\\/h2o-finance-images.s3.amazonaws.com\\/h2oMedia\\/image\\/2022-06-02\\/231344_931933467.jpeg\",\"https:\\/\\/h2o-finance-images.s3.amazonaws.com\\/h2oMedia\\/image\\/2022-06-02\\/231344_699349857.jpeg\",\"https:\\/\\/h2o-finance-images.s3.amazonaws.com\\/h2oMedia\\/image\\/2022-06-02\\/231344_1523174403.jpeg\",\"https:\\/\\/h2o-finance-images.s3.amazonaws.com\\/h2oMedia\\/image\\/2022-06-02\\/231344_233774090.jpeg\"],\"video_url\":\"\",\"video_ts_url\":null,\"add_time\":\"2022-06-02 23:13:47\",\"state\":1,\"update_time\":\"2022-06-02 23:13:47\",\"type\":1,\"like_num\":0,\"comment_num\":1,\"nickname\":\"qinlh001\",\"avatar\":\"https:\\/\\/h2o-finance-images.s3.amazonaws.com\\/h2oMedia\\/picture\\/avatar\\/231424_1908139321_.jpg\",\"date\":\"2022-06-02\",\"is_follow\":false,\"is_like\":false,\"is_collect\":false,\"collect_num\":0,\"message_num\":1,\"is_reward\":false,\"reward_num\":0}',`count`=2  WHERE  `user_id` = 1  AND `note_id` = 1  AND `type` = 3 [ RunTime:0.026908s ]
---------------------------------------------------------------
[ 2022-06-03T00:00:47+08:00 ] 172.18.0.1 GET www.h2omedia.com/api/Notes/getCommentNotesList?notesId=1&comment_id=0&limit=10
[运行时间：0.520769s] [吞吐率：1.92req/s] [内存消耗：2,819.02kb] [文件加载：61]
[ info ] [ LANG ] /home/wwwroot/h2o-media-api/thinkphp/lang/zh-cn.php
[ info ] [ ROUTE ] array (
  'type' => 'module',
  'module' => 
  array (
    0 => 'api',
    1 => 'Notes',
    2 => 'getCommentNotesList',
  ),
)
[ info ] [ HEADER ] array (
  'accept-language' => 'zh-cn',
  'referer' => 'http://localhost:8001/',
  'authorization' => '"631be4f917a8847a97dc775222bfd74asYmSY4Grz6uFp7WWsH-moMqO0qB9nKeVmIdzow"',
  'user-agent' => 'Mozilla/5.0 (iPhone; CPU iPhone OS 14_0 like Mac OS X) AppleWebKit/605.1.15 (KHTML, like Gecko) Version/14.0 Mobile/15E148 Safari/604.1',
  'accept' => '*/*',
  'connection' => 'keep-alive',
  'accept-encoding' => 'gzip, deflate',
  'origin' => 'http://localhost:8001',
  'host' => 'www.h2omedia.com',
  'content-type' => '',
  'content-length' => '',
)
[ info ] [ PARAM ] array (
  'notesId' => '1',
  'comment_id' => '0',
  'limit' => '10',
)
[ info ] [ RUN ] app\api\controller\NotesController->getCommentNotesList[ /home/wwwroot/h2o-media-api/application/api/controller/NotesController.php ]
[ info ] [ DB ] INIT mysql
[ info ] [ LOG ] INIT File
[ sql ] [ DB ] CONNECT:[ UseTime:0.026113s ] mysql:host=127.0.0.1;dbname=h2o_media;charset=utf8mb4
[ sql ] [ SQL ] SHOW COLUMNS FROM `m_comment` [ RunTime:0.076985s ]
[ sql ] [ SQL ] SELECT `c`.*,`u`.`nickname`,`u`.`avatar` FROM `m_comment` `c` INNER JOIN `m_user` `u` ON `c`.`uid`=`u`.`id` WHERE  `note_id` = 1  AND `leave_pid` = 0 ORDER BY `c`.`id` DESC LIMIT 10 [ RunTime:0.008281s ]
[ sql ] [ SQL ] SELECT `c`.*,`u`.`nickname`,`u`.`avatar` FROM `m_comment` `c` INNER JOIN `m_user` `u` ON `c`.`uid`=`u`.`id` WHERE  `c`.`note_id` = '1'  AND `pid` = 1 ORDER BY `c`.`id` ASC [ RunTime:0.002409s ]
---------------------------------------------------------------
[ 2022-06-03T00:00:55+08:00 ] 172.18.0.1 GET www.h2omedia.com/api/Notes/getNotesDetail?notesId=1&userId=0
[运行时间：0.199613s] [吞吐率：5.01req/s] [内存消耗：2,745.25kb] [文件加载：59]
[ info ] [ LANG ] /home/wwwroot/h2o-media-api/thinkphp/lang/zh-cn.php
[ info ] [ ROUTE ] array (
  'type' => 'module',
  'module' => 
  array (
    0 => 'api',
    1 => 'Notes',
    2 => 'getNotesDetail',
  ),
)
[ info ] [ HEADER ] array (
  'accept-language' => 'zh-cn',
  'referer' => 'http://localhost:8001/',
  'authorization' => '"631be4f917a8847a97dc775222bfd74asYmSY4Grz6uFp7WWsH-moMqO0qB9nKeVmIdzow"',
  'user-agent' => 'Mozilla/5.0 (iPhone; CPU iPhone OS 14_0 like Mac OS X) AppleWebKit/605.1.15 (KHTML, like Gecko) Version/14.0 Mobile/15E148 Safari/604.1',
  'accept' => '*/*',
  'connection' => 'keep-alive',
  'accept-encoding' => 'gzip, deflate',
  'origin' => 'http://localhost:8001',
  'host' => 'www.h2omedia.com',
  'content-type' => '',
  'content-length' => '',
)
[ info ] [ PARAM ] array (
  'notesId' => '1',
  'userId' => '0',
)
[ info ] [ RUN ] app\api\controller\NotesController->getNotesDetail[ /home/wwwroot/h2o-media-api/application/api/controller/NotesController.php ]
[ info ] [ DB ] INIT mysql
[ info ] [ LOG ] INIT File
[ sql ] [ DB ] CONNECT:[ UseTime:0.001153s ] mysql:host=127.0.0.1;dbname=h2o_media;charset=utf8mb4
[ sql ] [ SQL ] SHOW COLUMNS FROM `m_notes` [ RunTime:0.003978s ]
[ sql ] [ SQL ] SELECT `a`.*,`b`.`nickname`,`b`.`avatar` FROM `m_notes` `a` INNER JOIN `m_user` `b` ON `a`.`user_id`=`b`.`id` WHERE  `a`.`id` = '1' LIMIT 1 [ RunTime:0.001354s ]
---------------------------------------------------------------
[ 2022-06-03T00:00:55+08:00 ] 172.18.0.1 GET www.h2omedia.com/api/Notes/getCommentNotesList?notesId=1&comment_id=0&limit=10
[运行时间：0.215885s] [吞吐率：4.63req/s] [内存消耗：2,819.02kb] [文件加载：61]
[ info ] [ LANG ] /home/wwwroot/h2o-media-api/thinkphp/lang/zh-cn.php
[ info ] [ ROUTE ] array (
  'type' => 'module',
  'module' => 
  array (
    0 => 'api',
    1 => 'Notes',
    2 => 'getCommentNotesList',
  ),
)
[ info ] [ HEADER ] array (
  'accept-language' => 'zh-cn',
  'referer' => 'http://localhost:8001/',
  'authorization' => '"631be4f917a8847a97dc775222bfd74asYmSY4Grz6uFp7WWsH-moMqO0qB9nKeVmIdzow"',
  'user-agent' => 'Mozilla/5.0 (iPhone; CPU iPhone OS 14_0 like Mac OS X) AppleWebKit/605.1.15 (KHTML, like Gecko) Version/14.0 Mobile/15E148 Safari/604.1',
  'accept' => '*/*',
  'connection' => 'keep-alive',
  'accept-encoding' => 'gzip, deflate',
  'origin' => 'http://localhost:8001',
  'host' => 'www.h2omedia.com',
  'content-type' => '',
  'content-length' => '',
)
[ info ] [ PARAM ] array (
  'notesId' => '1',
  'comment_id' => '0',
  'limit' => '10',
)
[ info ] [ RUN ] app\api\controller\NotesController->getCommentNotesList[ /home/wwwroot/h2o-media-api/application/api/controller/NotesController.php ]
[ info ] [ DB ] INIT mysql
[ info ] [ LOG ] INIT File
[ sql ] [ DB ] CONNECT:[ UseTime:0.001517s ] mysql:host=127.0.0.1;dbname=h2o_media;charset=utf8mb4
[ sql ] [ SQL ] SHOW COLUMNS FROM `m_comment` [ RunTime:0.005105s ]
[ sql ] [ SQL ] SELECT `c`.*,`u`.`nickname`,`u`.`avatar` FROM `m_comment` `c` INNER JOIN `m_user` `u` ON `c`.`uid`=`u`.`id` WHERE  `note_id` = 1  AND `leave_pid` = 0 ORDER BY `c`.`id` DESC LIMIT 10 [ RunTime:0.001196s ]
[ sql ] [ SQL ] SELECT `c`.*,`u`.`nickname`,`u`.`avatar` FROM `m_comment` `c` INNER JOIN `m_user` `u` ON `c`.`uid`=`u`.`id` WHERE  `c`.`note_id` = '1'  AND `pid` = 1 ORDER BY `c`.`id` ASC [ RunTime:0.004598s ]
---------------------------------------------------------------
[ 2022-06-03T00:00:55+08:00 ] 172.18.0.1 GET www.h2omedia.com/api/Notes/getNotesDetail?notesId=1&userId=6
[运行时间：0.239349s] [吞吐率：4.18req/s] [内存消耗：3,177.01kb] [文件加载：71]
[ info ] [ LANG ] /home/wwwroot/h2o-media-api/thinkphp/lang/zh-cn.php
[ info ] [ ROUTE ] array (
  'type' => 'module',
  'module' => 
  array (
    0 => 'api',
    1 => 'Notes',
    2 => 'getNotesDetail',
  ),
)
[ info ] [ HEADER ] array (
  'accept-language' => 'zh-cn',
  'referer' => 'http://localhost:8001/',
  'authorization' => '"631be4f917a8847a97dc775222bfd74asYmSY4Grz6uFp7WWsH-moMqO0qB9nKeVmIdzow"',
  'user-agent' => 'Mozilla/5.0 (iPhone; CPU iPhone OS 14_0 like Mac OS X) AppleWebKit/605.1.15 (KHTML, like Gecko) Version/14.0 Mobile/15E148 Safari/604.1',
  'accept' => '*/*',
  'connection' => 'keep-alive',
  'accept-encoding' => 'gzip, deflate',
  'origin' => 'http://localhost:8001',
  'host' => 'www.h2omedia.com',
  'content-type' => '',
  'content-length' => '',
)
[ info ] [ PARAM ] array (
  'notesId' => '1',
  'userId' => '6',
)
[ info ] [ RUN ] app\api\controller\NotesController->getNotesDetail[ /home/wwwroot/h2o-media-api/application/api/controller/NotesController.php ]
[ info ] [ DB ] INIT mysql
[ info ] [ CACHE ] INIT File
[ info ] [ LOG ] INIT File
[ sql ] [ DB ] CONNECT:[ UseTime:0.001068s ] mysql:host=127.0.0.1;dbname=h2o_media;charset=utf8mb4
[ sql ] [ SQL ] SHOW COLUMNS FROM `m_notes` [ RunTime:0.002789s ]
[ sql ] [ SQL ] SELECT `a`.*,`b`.`nickname`,`b`.`avatar` FROM `m_notes` `a` INNER JOIN `m_user` `b` ON `a`.`user_id`=`b`.`id` WHERE  `a`.`id` = '1' LIMIT 1 [ RunTime:0.001293s ]
[ sql ] [ SQL ] SHOW COLUMNS FROM `m_follow` [ RunTime:0.002249s ]
[ sql ] [ SQL ] SELECT * FROM `m_follow` WHERE  `uid` = 6  AND `follow_uid` = 1 LIMIT 1 [ RunTime:0.000797s ]
[ sql ] [ SQL ] SHOW COLUMNS FROM `m_like` [ RunTime:0.002369s ]
[ sql ] [ SQL ] SELECT * FROM `m_like` WHERE  `uid` = 6  AND `note_id` = 1  AND `state` = 1 LIMIT 1 [ RunTime:0.000832s ]
[ sql ] [ SQL ] SHOW COLUMNS FROM `m_collect` [ RunTime:0.002645s ]
[ sql ] [ SQL ] SELECT * FROM `m_collect` WHERE  `uid` = 6  AND `note_id` = 1  AND `state` = 1 LIMIT 1 [ RunTime:0.000968s ]
[ sql ] [ SQL ] SELECT COUNT(*) AS tp_count FROM `m_like` WHERE  `note_id` = 1  AND `state` = 1 LIMIT 1 [ RunTime:0.001174s ]
[ sql ] [ SQL ] SELECT COUNT(*) AS tp_count FROM `m_collect` WHERE  `note_id` = 1  AND `state` = 1 LIMIT 1 [ RunTime:0.000802s ]
[ sql ] [ SQL ] SHOW COLUMNS FROM `m_comment` [ RunTime:0.002311s ]
[ sql ] [ SQL ] SELECT COUNT(*) AS tp_count FROM `m_comment` WHERE  `note_id` = 1 LIMIT 1 [ RunTime:0.000780s ]
[ sql ] [ SQL ] SHOW COLUMNS FROM `m_reward` [ RunTime:0.002668s ]
[ sql ] [ SQL ] SELECT * FROM `m_reward` WHERE  `uid` = 6  AND `note_id` = 1 LIMIT 1 [ RunTime:0.000804s ]
[ sql ] [ SQL ] SELECT SUM(amount) AS tp_sum FROM `m_reward` WHERE  `note_id` = 1 LIMIT 1 [ RunTime:0.000717s ]
[ sql ] [ SQL ] SELECT * FROM m_notes_log WHERE to_days(`time`) = to_days(now()) AND `user_id`='6' AND `note_id`=1 AND `type`=3 LIMIT 1 [ RunTime:0.001495s ]
[ sql ] [ SQL ] SHOW COLUMNS FROM `m_notes_log` [ RunTime:0.002348s ]
[ sql ] [ SQL ] INSERT INTO `m_notes_log` (`note_id` , `desc` , `type` , `user_id` , `data` , `ip` , `hash` , `time` , `status` , `count` , `is_cancel`) VALUES (1 , '浏览作品' , 3 , 6 , '{\"id\":1,\"user_id\":1,\"address\":null,\"class_id\":0,\"content\":\"\\u7f8e\\u5973\",\"title\":\"\\u7f8e\\u5973\",\"cover\":\"https:\\/\\/h2o-finance-images.s3.amazonaws.com\\/h2oMedia\\/image\\/2022-06-02\\/231344_37434264.jpeg\",\"imgs\":[\"https:\\/\\/h2o-finance-images.s3.amazonaws.com\\/h2oMedia\\/image\\/2022-06-02\\/231344_37434264.jpeg\",\"https:\\/\\/h2o-finance-images.s3.amazonaws.com\\/h2oMedia\\/image\\/2022-06-02\\/231344_931933467.jpeg\",\"https:\\/\\/h2o-finance-images.s3.amazonaws.com\\/h2oMedia\\/image\\/2022-06-02\\/231344_699349857.jpeg\",\"https:\\/\\/h2o-finance-images.s3.amazonaws.com\\/h2oMedia\\/image\\/2022-06-02\\/231344_1523174403.jpeg\",\"https:\\/\\/h2o-finance-images.s3.amazonaws.com\\/h2oMedia\\/image\\/2022-06-02\\/231344_233774090.jpeg\"],\"video_url\":\"\",\"video_ts_url\":null,\"add_time\":\"2022-06-02 23:13:47\",\"state\":1,\"update_time\":\"2022-06-02 23:13:47\",\"type\":1,\"like_num\":0,\"comment_num\":1,\"nickname\":\"qinlh001\",\"avatar\":\"https:\\/\\/h2o-finance-images.s3.amazonaws.com\\/h2oMedia\\/picture\\/avatar\\/231424_1908139321_.jpg\",\"date\":\"2022-06-02\",\"is_follow\":false,\"is_like\":false,\"is_collect\":false,\"collect_num\":0,\"message_num\":1,\"is_reward\":false,\"reward_num\":0}' , '172.18.0.1' , '' , '2022-06-03 00:00:55' , 0 , 1 , 0) [ RunTime:0.000796s ]
[ sql ] [ SQL ] SELECT * FROM m_award WHERE `date` = '2022-06-03' AND `user_id` = '6' LIMIT 1 [ RunTime:0.001233s ]
[ sql ] [ SQL ] SHOW COLUMNS FROM `m_award` [ RunTime:0.002029s ]
[ sql ] [ SQL ] INSERT INTO `m_award` (`user_id` , `date` , `publish_images_num` , `publish_video_num` , `browse_num` , `status`) VALUES (6 , '2022-06-03' , 0 , 0 , 0 , 0) [ RunTime:0.001288s ]
[ sql ] [ SQL ] SELECT * FROM m_award WHERE `date` = '2022-06-03' AND `user_id` = '6' LIMIT 1 [ RunTime:0.000741s ]
[ sql ] [ SQL ] UPDATE `m_award`  SET `browse_num`=`browse_num`+1  WHERE  `user_id` = 6  AND `date` = '2022-06-03' [ RunTime:0.000834s ]
[ sql ] [ SQL ] SHOW COLUMNS FROM `m_user` [ RunTime:0.002758s ]
[ sql ] [ SQL ] UPDATE `m_user`  SET `balance`=`balance`+10  WHERE  `id` = 6 [ RunTime:0.001349s ]
---------------------------------------------------------------
[ 2022-06-03T00:01:45+08:00 ] 172.18.0.1 GET www.h2omedia.com/api/Notes/getNotesDetail?notesId=1&userId=0
[运行时间：0.252307s] [吞吐率：3.96req/s] [内存消耗：2,745.25kb] [文件加载：59]
[ info ] [ LANG ] /home/wwwroot/h2o-media-api/thinkphp/lang/zh-cn.php
[ info ] [ ROUTE ] array (
  'type' => 'module',
  'module' => 
  array (
    0 => 'api',
    1 => 'Notes',
    2 => 'getNotesDetail',
  ),
)
[ info ] [ HEADER ] array (
  'accept-language' => 'zh-cn',
  'referer' => 'http://localhost:8001/',
  'authorization' => '"631be4f917a8847a97dc775222bfd74asYmSY4Grz6uFp7WWsH-moMqO0qB9nKeVmIdzow"',
  'user-agent' => 'Mozilla/5.0 (iPhone; CPU iPhone OS 14_0 like Mac OS X) AppleWebKit/605.1.15 (KHTML, like Gecko) Version/14.0 Mobile/15E148 Safari/604.1',
  'accept' => '*/*',
  'connection' => 'keep-alive',
  'accept-encoding' => 'gzip, deflate',
  'origin' => 'http://localhost:8001',
  'host' => 'www.h2omedia.com',
  'content-type' => '',
  'content-length' => '',
)
[ info ] [ PARAM ] array (
  'notesId' => '1',
  'userId' => '0',
)
[ info ] [ RUN ] app\api\controller\NotesController->getNotesDetail[ /home/wwwroot/h2o-media-api/application/api/controller/NotesController.php ]
[ info ] [ DB ] INIT mysql
[ info ] [ LOG ] INIT File
[ sql ] [ DB ] CONNECT:[ UseTime:0.010837s ] mysql:host=127.0.0.1;dbname=h2o_media;charset=utf8mb4
[ sql ] [ SQL ] SHOW COLUMNS FROM `m_notes` [ RunTime:0.014753s ]
[ sql ] [ SQL ] SELECT `a`.*,`b`.`nickname`,`b`.`avatar` FROM `m_notes` `a` INNER JOIN `m_user` `b` ON `a`.`user_id`=`b`.`id` WHERE  `a`.`id` = '1' LIMIT 1 [ RunTime:0.002491s ]
---------------------------------------------------------------
[ 2022-06-03T00:01:45+08:00 ] 172.18.0.1 GET www.h2omedia.com/api/Notes/getCommentNotesList?notesId=1&comment_id=0&limit=10
[运行时间：0.263488s] [吞吐率：3.80req/s] [内存消耗：2,819.02kb] [文件加载：61]
[ info ] [ LANG ] /home/wwwroot/h2o-media-api/thinkphp/lang/zh-cn.php
[ info ] [ ROUTE ] array (
  'type' => 'module',
  'module' => 
  array (
    0 => 'api',
    1 => 'Notes',
    2 => 'getCommentNotesList',
  ),
)
[ info ] [ HEADER ] array (
  'accept-language' => 'zh-cn',
  'referer' => 'http://localhost:8001/',
  'authorization' => '"631be4f917a8847a97dc775222bfd74asYmSY4Grz6uFp7WWsH-moMqO0qB9nKeVmIdzow"',
  'user-agent' => 'Mozilla/5.0 (iPhone; CPU iPhone OS 14_0 like Mac OS X) AppleWebKit/605.1.15 (KHTML, like Gecko) Version/14.0 Mobile/15E148 Safari/604.1',
  'accept' => '*/*',
  'connection' => 'keep-alive',
  'accept-encoding' => 'gzip, deflate',
  'origin' => 'http://localhost:8001',
  'host' => 'www.h2omedia.com',
  'content-type' => '',
  'content-length' => '',
)
[ info ] [ PARAM ] array (
  'notesId' => '1',
  'comment_id' => '0',
  'limit' => '10',
)
[ info ] [ RUN ] app\api\controller\NotesController->getCommentNotesList[ /home/wwwroot/h2o-media-api/application/api/controller/NotesController.php ]
[ info ] [ DB ] INIT mysql
[ info ] [ LOG ] INIT File
[ sql ] [ DB ] CONNECT:[ UseTime:0.003345s ] mysql:host=127.0.0.1;dbname=h2o_media;charset=utf8mb4
[ sql ] [ SQL ] SHOW COLUMNS FROM `m_comment` [ RunTime:0.015271s ]
[ sql ] [ SQL ] SELECT `c`.*,`u`.`nickname`,`u`.`avatar` FROM `m_comment` `c` INNER JOIN `m_user` `u` ON `c`.`uid`=`u`.`id` WHERE  `note_id` = 1  AND `leave_pid` = 0 ORDER BY `c`.`id` DESC LIMIT 10 [ RunTime:0.001702s ]
[ sql ] [ SQL ] SELECT `c`.*,`u`.`nickname`,`u`.`avatar` FROM `m_comment` `c` INNER JOIN `m_user` `u` ON `c`.`uid`=`u`.`id` WHERE  `c`.`note_id` = '1'  AND `pid` = 1 ORDER BY `c`.`id` ASC [ RunTime:0.002002s ]
---------------------------------------------------------------
[ 2022-06-03T00:01:45+08:00 ] 172.18.0.1 GET www.h2omedia.com/api/Notes/getNotesDetail?notesId=1&userId=6
[运行时间：0.294494s] [吞吐率：3.40req/s] [内存消耗：3,177.01kb] [文件加载：71]
[ info ] [ LANG ] /home/wwwroot/h2o-media-api/thinkphp/lang/zh-cn.php
[ info ] [ ROUTE ] array (
  'type' => 'module',
  'module' => 
  array (
    0 => 'api',
    1 => 'Notes',
    2 => 'getNotesDetail',
  ),
)
[ info ] [ HEADER ] array (
  'accept-language' => 'zh-cn',
  'referer' => 'http://localhost:8001/',
  'authorization' => '"631be4f917a8847a97dc775222bfd74asYmSY4Grz6uFp7WWsH-moMqO0qB9nKeVmIdzow"',
  'user-agent' => 'Mozilla/5.0 (iPhone; CPU iPhone OS 14_0 like Mac OS X) AppleWebKit/605.1.15 (KHTML, like Gecko) Version/14.0 Mobile/15E148 Safari/604.1',
  'accept' => '*/*',
  'connection' => 'keep-alive',
  'accept-encoding' => 'gzip, deflate',
  'origin' => 'http://localhost:8001',
  'host' => 'www.h2omedia.com',
  'content-type' => '',
  'content-length' => '',
)
[ info ] [ PARAM ] array (
  'notesId' => '1',
  'userId' => '6',
)
[ info ] [ RUN ] app\api\controller\NotesController->getNotesDetail[ /home/wwwroot/h2o-media-api/application/api/controller/NotesController.php ]
[ info ] [ DB ] INIT mysql
[ info ] [ CACHE ] INIT File
[ info ] [ LOG ] INIT File
[ sql ] [ DB ] CONNECT:[ UseTime:0.001715s ] mysql:host=127.0.0.1;dbname=h2o_media;charset=utf8mb4
[ sql ] [ SQL ] SHOW COLUMNS FROM `m_notes` [ RunTime:0.003277s ]
[ sql ] [ SQL ] SELECT `a`.*,`b`.`nickname`,`b`.`avatar` FROM `m_notes` `a` INNER JOIN `m_user` `b` ON `a`.`user_id`=`b`.`id` WHERE  `a`.`id` = '1' LIMIT 1 [ RunTime:0.001132s ]
[ sql ] [ SQL ] SHOW COLUMNS FROM `m_follow` [ RunTime:0.002503s ]
[ sql ] [ SQL ] SELECT * FROM `m_follow` WHERE  `uid` = 6  AND `follow_uid` = 1 LIMIT 1 [ RunTime:0.001012s ]
[ sql ] [ SQL ] SHOW COLUMNS FROM `m_like` [ RunTime:0.002155s ]
[ sql ] [ SQL ] SELECT * FROM `m_like` WHERE  `uid` = 6  AND `note_id` = 1  AND `state` = 1 LIMIT 1 [ RunTime:0.000721s ]
[ sql ] [ SQL ] SHOW COLUMNS FROM `m_collect` [ RunTime:0.002399s ]
[ sql ] [ SQL ] SELECT * FROM `m_collect` WHERE  `uid` = 6  AND `note_id` = 1  AND `state` = 1 LIMIT 1 [ RunTime:0.000826s ]
[ sql ] [ SQL ] SELECT COUNT(*) AS tp_count FROM `m_like` WHERE  `note_id` = 1  AND `state` = 1 LIMIT 1 [ RunTime:0.000865s ]
[ sql ] [ SQL ] SELECT COUNT(*) AS tp_count FROM `m_collect` WHERE  `note_id` = 1  AND `state` = 1 LIMIT 1 [ RunTime:0.000376s ]
[ sql ] [ SQL ] SHOW COLUMNS FROM `m_comment` [ RunTime:0.002543s ]
[ sql ] [ SQL ] SELECT COUNT(*) AS tp_count FROM `m_comment` WHERE  `note_id` = 1 LIMIT 1 [ RunTime:0.000864s ]
[ sql ] [ SQL ] SHOW COLUMNS FROM `m_reward` [ RunTime:0.002527s ]
[ sql ] [ SQL ] SELECT * FROM `m_reward` WHERE  `uid` = 6  AND `note_id` = 1 LIMIT 1 [ RunTime:0.000919s ]
[ sql ] [ SQL ] SELECT SUM(amount) AS tp_sum FROM `m_reward` WHERE  `note_id` = 1 LIMIT 1 [ RunTime:0.000566s ]
[ sql ] [ SQL ] SELECT * FROM m_notes_log WHERE to_days(`time`) = to_days(now()) AND `user_id`='6' AND `note_id`=1 AND `type`=3 LIMIT 1 [ RunTime:0.003016s ]
[ sql ] [ SQL ] SHOW COLUMNS FROM `m_notes_log` [ RunTime:0.002175s ]
[ sql ] [ SQL ] INSERT INTO `m_notes_log` (`note_id` , `desc` , `type` , `user_id` , `data` , `ip` , `hash` , `time` , `status` , `count` , `is_cancel`) VALUES (1 , '浏览作品' , 3 , 6 , '{\"id\":1,\"user_id\":1,\"address\":null,\"class_id\":0,\"content\":\"\\u7f8e\\u5973\",\"title\":\"\\u7f8e\\u5973\",\"cover\":\"https:\\/\\/h2o-finance-images.s3.amazonaws.com\\/h2oMedia\\/image\\/2022-06-02\\/231344_37434264.jpeg\",\"imgs\":[\"https:\\/\\/h2o-finance-images.s3.amazonaws.com\\/h2oMedia\\/image\\/2022-06-02\\/231344_37434264.jpeg\",\"https:\\/\\/h2o-finance-images.s3.amazonaws.com\\/h2oMedia\\/image\\/2022-06-02\\/231344_931933467.jpeg\",\"https:\\/\\/h2o-finance-images.s3.amazonaws.com\\/h2oMedia\\/image\\/2022-06-02\\/231344_699349857.jpeg\",\"https:\\/\\/h2o-finance-images.s3.amazonaws.com\\/h2oMedia\\/image\\/2022-06-02\\/231344_1523174403.jpeg\",\"https:\\/\\/h2o-finance-images.s3.amazonaws.com\\/h2oMedia\\/image\\/2022-06-02\\/231344_233774090.jpeg\"],\"video_url\":\"\",\"video_ts_url\":null,\"add_time\":\"2022-06-02 23:13:47\",\"state\":1,\"update_time\":\"2022-06-02 23:13:47\",\"type\":1,\"like_num\":0,\"comment_num\":1,\"nickname\":\"qinlh001\",\"avatar\":\"https:\\/\\/h2o-finance-images.s3.amazonaws.com\\/h2oMedia\\/picture\\/avatar\\/231424_1908139321_.jpg\",\"date\":\"2022-06-02\",\"is_follow\":false,\"is_like\":false,\"is_collect\":false,\"collect_num\":0,\"message_num\":1,\"is_reward\":false,\"reward_num\":0}' , '172.18.0.1' , '' , '2022-06-03 00:01:45' , 0 , 1 , 0) [ RunTime:0.001142s ]
[ sql ] [ SQL ] SELECT * FROM m_award WHERE `date` = '2022-06-03' AND `user_id` = '6' LIMIT 1 [ RunTime:0.001264s ]
[ sql ] [ SQL ] SHOW COLUMNS FROM `m_award` [ RunTime:0.001959s ]
[ sql ] [ SQL ] INSERT INTO `m_award` (`user_id` , `date` , `publish_images_num` , `publish_video_num` , `browse_num` , `status`) VALUES (6 , '2022-06-03' , 0 , 0 , 0 , 0) [ RunTime:0.000679s ]
[ sql ] [ SQL ] SELECT * FROM m_award WHERE `date` = '2022-06-03' AND `user_id` = '6' LIMIT 1 [ RunTime:0.001280s ]
[ sql ] [ SQL ] UPDATE `m_award`  SET `browse_num`=`browse_num`+1  WHERE  `user_id` = 6  AND `date` = '2022-06-03' [ RunTime:0.001685s ]
[ sql ] [ SQL ] SHOW COLUMNS FROM `m_user` [ RunTime:0.002644s ]
[ sql ] [ SQL ] UPDATE `m_user`  SET `balance`=`balance`+10  WHERE  `id` = 6 [ RunTime:0.000900s ]
---------------------------------------------------------------
[ 2022-06-03T00:02:01+08:00 ] 172.18.0.1 GET www.h2omedia.com/api/Notes/getNotesList?limit=20&page=1&userId=6
[运行时间：0.245818s] [吞吐率：4.07req/s] [内存消耗：2,884.91kb] [文件加载：63]
[ info ] [ LANG ] /home/wwwroot/h2o-media-api/thinkphp/lang/zh-cn.php
[ info ] [ ROUTE ] array (
  'type' => 'module',
  'module' => 
  array (
    0 => 'api',
    1 => 'Notes',
    2 => 'getNotesList',
  ),
)
[ info ] [ HEADER ] array (
  'accept-language' => 'zh-cn',
  'referer' => 'http://localhost:8001/',
  'authorization' => '"631be4f917a8847a97dc775222bfd74asYmSY4Grz6uFp7WWsH-moMqO0qB9nKeVmIdzow"',
  'user-agent' => 'Mozilla/5.0 (iPhone; CPU iPhone OS 14_0 like Mac OS X) AppleWebKit/605.1.15 (KHTML, like Gecko) Version/14.0 Mobile/15E148 Safari/604.1',
  'accept' => '*/*',
  'connection' => 'keep-alive',
  'accept-encoding' => 'gzip, deflate',
  'origin' => 'http://localhost:8001',
  'host' => 'www.h2omedia.com',
  'content-type' => '',
  'content-length' => '',
)
[ info ] [ PARAM ] array (
  'limit' => '20',
  'page' => '1',
  'userId' => '6',
)
[ info ] [ RUN ] app\api\controller\NotesController->getNotesList[ /home/wwwroot/h2o-media-api/application/api/controller/NotesController.php ]
[ info ] [ DB ] INIT mysql
[ info ] [ LOG ] INIT File
[ sql ] [ DB ] CONNECT:[ UseTime:0.004345s ] mysql:host=127.0.0.1;dbname=h2o_media;charset=utf8mb4
[ sql ] [ SQL ] SHOW COLUMNS FROM `m_notes` [ RunTime:0.010711s ]
[ sql ] [ SQL ] SELECT COUNT(*) AS tp_count FROM `m_notes` `a` LEFT JOIN `m_user` `b` ON `a`.`user_id`=`b`.`id` WHERE  `a`.`state` = 1 LIMIT 1 [ RunTime:0.001629s ]
[ sql ] [ SQL ] SELECT `a`.*,`b`.`nickname`,`b`.`avatar` FROM `m_notes` `a` LEFT JOIN `m_user` `b` ON `a`.`user_id`=`b`.`id` WHERE  `a`.`state` = 1 LIMIT 0,20 [ RunTime:0.001294s ]
[ sql ] [ SQL ] SHOW COLUMNS FROM `m_like` [ RunTime:0.002450s ]
[ sql ] [ SQL ] SELECT * FROM `m_like` WHERE  `uid` = 6  AND `note_id` = 1  AND `state` = 1 LIMIT 1 [ RunTime:0.001044s ]
[ sql ] [ SQL ] SELECT * FROM `m_like` WHERE  `uid` = 6  AND `note_id` = 2  AND `state` = 1 LIMIT 1 [ RunTime:0.000516s ]
---------------------------------------------------------------
[ 2022-06-03T00:06:18+08:00 ] 172.18.0.1 GET www.h2omedia.com/api/User/getUserAddressInfo?address=0x7DCBFF9995AC72222C6d46A45e82aA90B627f36D
[运行时间：0.213762s] [吞吐率：4.68req/s] [内存消耗：2,735.16kb] [文件加载：59]
[ info ] [ LANG ] /home/wwwroot/h2o-media-api/thinkphp/lang/zh-cn.php
[ info ] [ ROUTE ] array (
  'type' => 'module',
  'module' => 
  array (
    0 => 'api',
    1 => 'User',
    2 => 'getUserAddressInfo',
  ),
)
[ info ] [ HEADER ] array (
  'accept-language' => 'zh-CN,zh;q=0.9',
  'accept-encoding' => 'gzip, deflate',
  'referer' => 'http://localhost:8001/',
  'origin' => 'http://localhost:8001',
  'user-agent' => 'Mozilla/5.0 (iPhone; CPU iPhone OS 13_2_3 like Mac OS X) AppleWebKit/605.1.15 (KHTML, like Gecko) Version/13.0.3 Mobile/15E148 Safari/604.1',
  'accept' => 'application/json, text/plain, */*',
  'connection' => 'keep-alive',
  'host' => 'www.h2omedia.com',
  'content-type' => '',
  'content-length' => '',
)
[ info ] [ PARAM ] array (
  'address' => '0x7DCBFF9995AC72222C6d46A45e82aA90B627f36D',
)
[ info ] [ RUN ] app\api\controller\UserController->getUserAddressInfo[ /home/wwwroot/h2o-media-api/application/api/controller/UserController.php ]
[ info ] [ DB ] INIT mysql
[ info ] [ LOG ] INIT File
[ sql ] [ DB ] CONNECT:[ UseTime:0.003030s ] mysql:host=127.0.0.1;dbname=h2o_media;charset=utf8mb4
[ sql ] [ SQL ] SHOW COLUMNS FROM `m_user` [ RunTime:0.007004s ]
[ sql ] [ SQL ] SELECT * FROM `m_user` WHERE  `address` = '0x7DCBFF9995AC72222C6d46A45e82aA90B627f36D' LIMIT 1 [ RunTime:0.001400s ]
---------------------------------------------------------------
[ 2022-06-03T00:06:18+08:00 ] 172.18.0.1 GET www.h2omedia.com/api/Notes/getNotesDetail?notesId=1&userId=0
[运行时间：0.206990s] [吞吐率：4.83req/s] [内存消耗：2,745.21kb] [文件加载：59]
[ info ] [ LANG ] /home/wwwroot/h2o-media-api/thinkphp/lang/zh-cn.php
[ info ] [ ROUTE ] array (
  'type' => 'module',
  'module' => 
  array (
    0 => 'api',
    1 => 'Notes',
    2 => 'getNotesDetail',
  ),
)
[ info ] [ HEADER ] array (
  'accept-language' => 'zh-CN,zh;q=0.9',
  'accept-encoding' => 'gzip, deflate',
  'referer' => 'http://localhost:8001/',
  'origin' => 'http://localhost:8001',
  'user-agent' => 'Mozilla/5.0 (iPhone; CPU iPhone OS 13_2_3 like Mac OS X) AppleWebKit/605.1.15 (KHTML, like Gecko) Version/13.0.3 Mobile/15E148 Safari/604.1',
  'accept' => 'application/json, text/plain, */*',
  'connection' => 'keep-alive',
  'host' => 'www.h2omedia.com',
  'content-type' => '',
  'content-length' => '',
)
[ info ] [ PARAM ] array (
  'notesId' => '1',
  'userId' => '0',
)
[ info ] [ RUN ] app\api\controller\NotesController->getNotesDetail[ /home/wwwroot/h2o-media-api/application/api/controller/NotesController.php ]
[ info ] [ DB ] INIT mysql
[ info ] [ LOG ] INIT File
[ sql ] [ DB ] CONNECT:[ UseTime:0.001355s ] mysql:host=127.0.0.1;dbname=h2o_media;charset=utf8mb4
[ sql ] [ SQL ] SHOW COLUMNS FROM `m_notes` [ RunTime:0.004175s ]
[ sql ] [ SQL ] SELECT `a`.*,`b`.`nickname`,`b`.`avatar` FROM `m_notes` `a` INNER JOIN `m_user` `b` ON `a`.`user_id`=`b`.`id` WHERE  `a`.`id` = '1' LIMIT 1 [ RunTime:0.001311s ]
---------------------------------------------------------------
[ 2022-06-03T00:06:18+08:00 ] 172.18.0.1 GET www.h2omedia.com/api/Notes/getNotesDetail?notesId=1&userId=1
[运行时间：0.210392s] [吞吐率：4.75req/s] [内存消耗：3,025.41kb] [文件加载：66]
[ info ] [ LANG ] /home/wwwroot/h2o-media-api/thinkphp/lang/zh-cn.php
[ info ] [ ROUTE ] array (
  'type' => 'module',
  'module' => 
  array (
    0 => 'api',
    1 => 'Notes',
    2 => 'getNotesDetail',
  ),
)
[ info ] [ HEADER ] array (
  'accept-language' => 'zh-CN,zh;q=0.9',
  'accept-encoding' => 'gzip, deflate',
  'referer' => 'http://localhost:8001/',
  'origin' => 'http://localhost:8001',
  'user-agent' => 'Mozilla/5.0 (iPhone; CPU iPhone OS 13_2_3 like Mac OS X) AppleWebKit/605.1.15 (KHTML, like Gecko) Version/13.0.3 Mobile/15E148 Safari/604.1',
  'accept' => 'application/json, text/plain, */*',
  'connection' => 'keep-alive',
  'host' => 'www.h2omedia.com',
  'content-type' => '',
  'content-length' => '',
)
[ info ] [ PARAM ] array (
  'notesId' => '1',
  'userId' => '1',
)
[ info ] [ RUN ] app\api\controller\NotesController->getNotesDetail[ /home/wwwroot/h2o-media-api/application/api/controller/NotesController.php ]
[ info ] [ DB ] INIT mysql
[ info ] [ LOG ] INIT File
[ sql ] [ DB ] CONNECT:[ UseTime:0.001299s ] mysql:host=127.0.0.1;dbname=h2o_media;charset=utf8mb4
[ sql ] [ SQL ] SHOW COLUMNS FROM `m_notes` [ RunTime:0.003107s ]
[ sql ] [ SQL ] SELECT `a`.*,`b`.`nickname`,`b`.`avatar` FROM `m_notes` `a` INNER JOIN `m_user` `b` ON `a`.`user_id`=`b`.`id` WHERE  `a`.`id` = '1' LIMIT 1 [ RunTime:0.001186s ]
[ sql ] [ SQL ] SHOW COLUMNS FROM `m_follow` [ RunTime:0.002308s ]
[ sql ] [ SQL ] SELECT * FROM `m_follow` WHERE  `uid` = 1  AND `follow_uid` = 1 LIMIT 1 [ RunTime:0.001207s ]
[ sql ] [ SQL ] SHOW COLUMNS FROM `m_like` [ RunTime:0.002303s ]
[ sql ] [ SQL ] SELECT * FROM `m_like` WHERE  `uid` = 1  AND `note_id` = 1  AND `state` = 1 LIMIT 1 [ RunTime:0.000771s ]
[ sql ] [ SQL ] SHOW COLUMNS FROM `m_collect` [ RunTime:0.002218s ]
[ sql ] [ SQL ] SELECT * FROM `m_collect` WHERE  `uid` = 1  AND `note_id` = 1  AND `state` = 1 LIMIT 1 [ RunTime:0.000915s ]
[ sql ] [ SQL ] SELECT COUNT(*) AS tp_count FROM `m_like` WHERE  `note_id` = 1  AND `state` = 1 LIMIT 1 [ RunTime:0.000913s ]
[ sql ] [ SQL ] SELECT COUNT(*) AS tp_count FROM `m_collect` WHERE  `note_id` = 1  AND `state` = 1 LIMIT 1 [ RunTime:0.000861s ]
[ sql ] [ SQL ] SHOW COLUMNS FROM `m_comment` [ RunTime:0.002294s ]
[ sql ] [ SQL ] SELECT COUNT(*) AS tp_count FROM `m_comment` WHERE  `note_id` = 1 LIMIT 1 [ RunTime:0.000722s ]
[ sql ] [ SQL ] SHOW COLUMNS FROM `m_reward` [ RunTime:0.002081s ]
[ sql ] [ SQL ] SELECT * FROM `m_reward` WHERE  `uid` = 1  AND `note_id` = 1 LIMIT 1 [ RunTime:0.000799s ]
[ sql ] [ SQL ] SELECT SUM(amount) AS tp_sum FROM `m_reward` WHERE  `note_id` = 1 LIMIT 1 [ RunTime:0.000584s ]
[ sql ] [ SQL ] SELECT * FROM m_notes_log WHERE to_days(`time`) = to_days(now()) AND `user_id`='1' AND `note_id`=1 AND `type`=3 LIMIT 1 [ RunTime:0.001346s ]
[ sql ] [ SQL ] SHOW COLUMNS FROM `m_notes_log` [ RunTime:0.002068s ]
[ sql ] [ SQL ] UPDATE `m_notes_log`  SET `time`='2022-06-03 00:06:18',`data`='{\"id\":1,\"user_id\":1,\"address\":null,\"class_id\":0,\"content\":\"\\u7f8e\\u5973\",\"title\":\"\\u7f8e\\u5973\",\"cover\":\"https:\\/\\/h2o-finance-images.s3.amazonaws.com\\/h2oMedia\\/image\\/2022-06-02\\/231344_37434264.jpeg\",\"imgs\":[\"https:\\/\\/h2o-finance-images.s3.amazonaws.com\\/h2oMedia\\/image\\/2022-06-02\\/231344_37434264.jpeg\",\"https:\\/\\/h2o-finance-images.s3.amazonaws.com\\/h2oMedia\\/image\\/2022-06-02\\/231344_931933467.jpeg\",\"https:\\/\\/h2o-finance-images.s3.amazonaws.com\\/h2oMedia\\/image\\/2022-06-02\\/231344_699349857.jpeg\",\"https:\\/\\/h2o-finance-images.s3.amazonaws.com\\/h2oMedia\\/image\\/2022-06-02\\/231344_1523174403.jpeg\",\"https:\\/\\/h2o-finance-images.s3.amazonaws.com\\/h2oMedia\\/image\\/2022-06-02\\/231344_233774090.jpeg\"],\"video_url\":\"\",\"video_ts_url\":null,\"add_time\":\"2022-06-02 23:13:47\",\"state\":1,\"update_time\":\"2022-06-02 23:13:47\",\"type\":1,\"like_num\":0,\"comment_num\":1,\"nickname\":\"qinlh001\",\"avatar\":\"https:\\/\\/h2o-finance-images.s3.amazonaws.com\\/h2oMedia\\/picture\\/avatar\\/231424_1908139321_.jpg\",\"date\":\"2022-06-02\",\"is_follow\":false,\"is_like\":false,\"is_collect\":false,\"collect_num\":0,\"message_num\":1,\"is_reward\":false,\"reward_num\":0}',`count`=3  WHERE  `user_id` = 1  AND `note_id` = 1  AND `type` = 3 [ RunTime:0.001375s ]
---------------------------------------------------------------
[ 2022-06-03T00:06:19+08:00 ] 172.18.0.1 GET www.h2omedia.com/api/Notes/getNotesList?limit=20&page=1&userId=1
[运行时间：0.235414s] [吞吐率：4.25req/s] [内存消耗：2,884.88kb] [文件加载：63]
[ info ] [ LANG ] /home/wwwroot/h2o-media-api/thinkphp/lang/zh-cn.php
[ info ] [ ROUTE ] array (
  'type' => 'module',
  'module' => 
  array (
    0 => 'api',
    1 => 'Notes',
    2 => 'getNotesList',
  ),
)
[ info ] [ HEADER ] array (
  'accept-language' => 'zh-CN,zh;q=0.9',
  'accept-encoding' => 'gzip, deflate',
  'referer' => 'http://localhost:8001/',
  'origin' => 'http://localhost:8001',
  'user-agent' => 'Mozilla/5.0 (iPhone; CPU iPhone OS 13_2_3 like Mac OS X) AppleWebKit/605.1.15 (KHTML, like Gecko) Version/13.0.3 Mobile/15E148 Safari/604.1',
  'accept' => 'application/json, text/plain, */*',
  'connection' => 'keep-alive',
  'host' => 'www.h2omedia.com',
  'content-type' => '',
  'content-length' => '',
)
[ info ] [ PARAM ] array (
  'limit' => '20',
  'page' => '1',
  'userId' => '1',
)
[ info ] [ RUN ] app\api\controller\NotesController->getNotesList[ /home/wwwroot/h2o-media-api/application/api/controller/NotesController.php ]
[ info ] [ DB ] INIT mysql
[ info ] [ LOG ] INIT File
[ sql ] [ DB ] CONNECT:[ UseTime:0.001513s ] mysql:host=127.0.0.1;dbname=h2o_media;charset=utf8mb4
[ sql ] [ SQL ] SHOW COLUMNS FROM `m_notes` [ RunTime:0.002980s ]
[ sql ] [ SQL ] SELECT COUNT(*) AS tp_count FROM `m_notes` `a` LEFT JOIN `m_user` `b` ON `a`.`user_id`=`b`.`id` WHERE  `a`.`state` = 1 LIMIT 1 [ RunTime:0.000845s ]
[ sql ] [ SQL ] SELECT `a`.*,`b`.`nickname`,`b`.`avatar` FROM `m_notes` `a` LEFT JOIN `m_user` `b` ON `a`.`user_id`=`b`.`id` WHERE  `a`.`state` = 1 LIMIT 0,20 [ RunTime:0.001136s ]
[ sql ] [ SQL ] SHOW COLUMNS FROM `m_like` [ RunTime:0.002700s ]
[ sql ] [ SQL ] SELECT * FROM `m_like` WHERE  `uid` = 1  AND `note_id` = 1  AND `state` = 1 LIMIT 1 [ RunTime:0.000718s ]
[ sql ] [ SQL ] SELECT * FROM `m_like` WHERE  `uid` = 1  AND `note_id` = 2  AND `state` = 1 LIMIT 1 [ RunTime:0.000504s ]
---------------------------------------------------------------
[ 2022-06-03T00:06:24+08:00 ] 172.18.0.1 GET www.h2omedia.com/api/Notes/getNotesList?limit=20&page=1&userId=0
[运行时间：0.298850s] [吞吐率：3.35req/s] [内存消耗：2,854.91kb] [文件加载：62]
[ info ] [ LANG ] /home/wwwroot/h2o-media-api/thinkphp/lang/zh-cn.php
[ info ] [ ROUTE ] array (
  'type' => 'module',
  'module' => 
  array (
    0 => 'api',
    1 => 'Notes',
    2 => 'getNotesList',
  ),
)
[ info ] [ HEADER ] array (
  'accept-language' => 'zh-CN,zh;q=0.9',
  'accept-encoding' => 'gzip, deflate',
  'referer' => 'http://localhost:8001/',
  'origin' => 'http://localhost:8001',
  'user-agent' => 'Mozilla/5.0 (iPhone; CPU iPhone OS 13_2_3 like Mac OS X) AppleWebKit/605.1.15 (KHTML, like Gecko) Version/13.0.3 Mobile/15E148 Safari/604.1',
  'accept' => 'application/json, text/plain, */*',
  'connection' => 'keep-alive',
  'host' => 'www.h2omedia.com',
  'content-type' => '',
  'content-length' => '',
)
[ info ] [ PARAM ] array (
  'limit' => '20',
  'page' => '1',
  'userId' => '0',
)
[ info ] [ RUN ] app\api\controller\NotesController->getNotesList[ /home/wwwroot/h2o-media-api/application/api/controller/NotesController.php ]
[ info ] [ DB ] INIT mysql
[ info ] [ LOG ] INIT File
[ sql ] [ DB ] CONNECT:[ UseTime:0.001519s ] mysql:host=127.0.0.1;dbname=h2o_media;charset=utf8mb4
[ sql ] [ SQL ] SHOW COLUMNS FROM `m_notes` [ RunTime:0.004323s ]
[ sql ] [ SQL ] SELECT COUNT(*) AS tp_count FROM `m_notes` `a` LEFT JOIN `m_user` `b` ON `a`.`user_id`=`b`.`id` WHERE  `a`.`state` = 1 LIMIT 1 [ RunTime:0.001561s ]
[ sql ] [ SQL ] SELECT `a`.*,`b`.`nickname`,`b`.`avatar` FROM `m_notes` `a` LEFT JOIN `m_user` `b` ON `a`.`user_id`=`b`.`id` WHERE  `a`.`state` = 1 LIMIT 0,20 [ RunTime:0.001784s ]
---------------------------------------------------------------
[ 2022-06-03T00:06:24+08:00 ] 172.18.0.1 GET www.h2omedia.com/api/User/getUserAddressInfo?address=0x7DCBFF9995AC72222C6d46A45e82aA90B627f36D
[运行时间：0.210646s] [吞吐率：4.75req/s] [内存消耗：2,735.16kb] [文件加载：59]
[ info ] [ LANG ] /home/wwwroot/h2o-media-api/thinkphp/lang/zh-cn.php
[ info ] [ ROUTE ] array (
  'type' => 'module',
  'module' => 
  array (
    0 => 'api',
    1 => 'User',
    2 => 'getUserAddressInfo',
  ),
)
[ info ] [ HEADER ] array (
  'accept-language' => 'zh-CN,zh;q=0.9',
  'accept-encoding' => 'gzip, deflate',
  'referer' => 'http://localhost:8001/',
  'origin' => 'http://localhost:8001',
  'user-agent' => 'Mozilla/5.0 (iPhone; CPU iPhone OS 13_2_3 like Mac OS X) AppleWebKit/605.1.15 (KHTML, like Gecko) Version/13.0.3 Mobile/15E148 Safari/604.1',
  'accept' => 'application/json, text/plain, */*',
  'connection' => 'keep-alive',
  'host' => 'www.h2omedia.com',
  'content-type' => '',
  'content-length' => '',
)
[ info ] [ PARAM ] array (
  'address' => '0x7DCBFF9995AC72222C6d46A45e82aA90B627f36D',
)
[ info ] [ RUN ] app\api\controller\UserController->getUserAddressInfo[ /home/wwwroot/h2o-media-api/application/api/controller/UserController.php ]
[ info ] [ DB ] INIT mysql
[ info ] [ LOG ] INIT File
[ sql ] [ DB ] CONNECT:[ UseTime:0.001189s ] mysql:host=127.0.0.1;dbname=h2o_media;charset=utf8mb4
[ sql ] [ SQL ] SHOW COLUMNS FROM `m_user` [ RunTime:0.008051s ]
[ sql ] [ SQL ] SELECT * FROM `m_user` WHERE  `address` = '0x7DCBFF9995AC72222C6d46A45e82aA90B627f36D' LIMIT 1 [ RunTime:0.001362s ]
---------------------------------------------------------------
[ 2022-06-03T00:06:24+08:00 ] 172.18.0.1 GET www.h2omedia.com/api/Notes/getNotesList?limit=20&page=1&userId=1
[运行时间：0.176032s] [吞吐率：5.68req/s] [内存消耗：2,884.88kb] [文件加载：63]
[ info ] [ LANG ] /home/wwwroot/h2o-media-api/thinkphp/lang/zh-cn.php
[ info ] [ ROUTE ] array (
  'type' => 'module',
  'module' => 
  array (
    0 => 'api',
    1 => 'Notes',
    2 => 'getNotesList',
  ),
)
[ info ] [ HEADER ] array (
  'accept-language' => 'zh-CN,zh;q=0.9',
  'accept-encoding' => 'gzip, deflate',
  'referer' => 'http://localhost:8001/',
  'origin' => 'http://localhost:8001',
  'user-agent' => 'Mozilla/5.0 (iPhone; CPU iPhone OS 13_2_3 like Mac OS X) AppleWebKit/605.1.15 (KHTML, like Gecko) Version/13.0.3 Mobile/15E148 Safari/604.1',
  'accept' => 'application/json, text/plain, */*',
  'connection' => 'keep-alive',
  'host' => 'www.h2omedia.com',
  'content-type' => '',
  'content-length' => '',
)
[ info ] [ PARAM ] array (
  'limit' => '20',
  'page' => '1',
  'userId' => '1',
)
[ info ] [ RUN ] app\api\controller\NotesController->getNotesList[ /home/wwwroot/h2o-media-api/application/api/controller/NotesController.php ]
[ info ] [ DB ] INIT mysql
[ info ] [ LOG ] INIT File
[ sql ] [ DB ] CONNECT:[ UseTime:0.000924s ] mysql:host=127.0.0.1;dbname=h2o_media;charset=utf8mb4
[ sql ] [ SQL ] SHOW COLUMNS FROM `m_notes` [ RunTime:0.002918s ]
[ sql ] [ SQL ] SELECT COUNT(*) AS tp_count FROM `m_notes` `a` LEFT JOIN `m_user` `b` ON `a`.`user_id`=`b`.`id` WHERE  `a`.`state` = 1 LIMIT 1 [ RunTime:0.001261s ]
[ sql ] [ SQL ] SELECT `a`.*,`b`.`nickname`,`b`.`avatar` FROM `m_notes` `a` LEFT JOIN `m_user` `b` ON `a`.`user_id`=`b`.`id` WHERE  `a`.`state` = 1 LIMIT 0,20 [ RunTime:0.001060s ]
[ sql ] [ SQL ] SHOW COLUMNS FROM `m_like` [ RunTime:0.004536s ]
[ sql ] [ SQL ] SELECT * FROM `m_like` WHERE  `uid` = 1  AND `note_id` = 1  AND `state` = 1 LIMIT 1 [ RunTime:0.001263s ]
[ sql ] [ SQL ] SELECT * FROM `m_like` WHERE  `uid` = 1  AND `note_id` = 2  AND `state` = 1 LIMIT 1 [ RunTime:0.000797s ]
---------------------------------------------------------------
[ 2022-06-03T00:06:30+08:00 ] 172.18.0.1 GET www.h2omedia.com/api/Notes/getNotesList?limit=20&page=1&userId=0
[运行时间：0.242739s] [吞吐率：4.12req/s] [内存消耗：2,854.91kb] [文件加载：62]
[ info ] [ LANG ] /home/wwwroot/h2o-media-api/thinkphp/lang/zh-cn.php
[ info ] [ ROUTE ] array (
  'type' => 'module',
  'module' => 
  array (
    0 => 'api',
    1 => 'Notes',
    2 => 'getNotesList',
  ),
)
[ info ] [ HEADER ] array (
  'accept-language' => 'zh-CN,zh;q=0.9',
  'accept-encoding' => 'gzip, deflate',
  'referer' => 'http://localhost:8001/',
  'origin' => 'http://localhost:8001',
  'user-agent' => 'Mozilla/5.0 (Linux; Android 6.0; Nexus 5 Build/MRA58N) AppleWebKit/537.36 (KHTML, like Gecko) Chrome/102.0.0.0 Mobile Safari/537.36',
  'accept' => 'application/json, text/plain, */*',
  'connection' => 'keep-alive',
  'host' => 'www.h2omedia.com',
  'content-type' => '',
  'content-length' => '',
)
[ info ] [ PARAM ] array (
  'limit' => '20',
  'page' => '1',
  'userId' => '0',
)
[ info ] [ RUN ] app\api\controller\NotesController->getNotesList[ /home/wwwroot/h2o-media-api/application/api/controller/NotesController.php ]
[ info ] [ DB ] INIT mysql
[ info ] [ LOG ] INIT File
[ sql ] [ DB ] CONNECT:[ UseTime:0.001534s ] mysql:host=127.0.0.1;dbname=h2o_media;charset=utf8mb4
[ sql ] [ SQL ] SHOW COLUMNS FROM `m_notes` [ RunTime:0.004013s ]
[ sql ] [ SQL ] SELECT COUNT(*) AS tp_count FROM `m_notes` `a` LEFT JOIN `m_user` `b` ON `a`.`user_id`=`b`.`id` WHERE  `a`.`state` = 1 LIMIT 1 [ RunTime:0.001538s ]
[ sql ] [ SQL ] SELECT `a`.*,`b`.`nickname`,`b`.`avatar` FROM `m_notes` `a` LEFT JOIN `m_user` `b` ON `a`.`user_id`=`b`.`id` WHERE  `a`.`state` = 1 LIMIT 0,20 [ RunTime:0.001861s ]
---------------------------------------------------------------
[ 2022-06-03T00:06:30+08:00 ] 172.18.0.1 GET www.h2omedia.com/api/User/getUserAddressInfo?address=0x7DCBFF9995AC72222C6d46A45e82aA90B627f36D
[运行时间：0.220083s] [吞吐率：4.54req/s] [内存消耗：2,735.16kb] [文件加载：59]
[ info ] [ LANG ] /home/wwwroot/h2o-media-api/thinkphp/lang/zh-cn.php
[ info ] [ ROUTE ] array (
  'type' => 'module',
  'module' => 
  array (
    0 => 'api',
    1 => 'User',
    2 => 'getUserAddressInfo',
  ),
)
[ info ] [ HEADER ] array (
  'accept-language' => 'zh-CN,zh;q=0.9',
  'accept-encoding' => 'gzip, deflate',
  'referer' => 'http://localhost:8001/',
  'origin' => 'http://localhost:8001',
  'user-agent' => 'Mozilla/5.0 (Linux; Android 6.0; Nexus 5 Build/MRA58N) AppleWebKit/537.36 (KHTML, like Gecko) Chrome/102.0.0.0 Mobile Safari/537.36',
  'accept' => 'application/json, text/plain, */*',
  'connection' => 'keep-alive',
  'host' => 'www.h2omedia.com',
  'content-type' => '',
  'content-length' => '',
)
[ info ] [ PARAM ] array (
  'address' => '0x7DCBFF9995AC72222C6d46A45e82aA90B627f36D',
)
[ info ] [ RUN ] app\api\controller\UserController->getUserAddressInfo[ /home/wwwroot/h2o-media-api/application/api/controller/UserController.php ]
[ info ] [ DB ] INIT mysql
[ info ] [ LOG ] INIT File
[ sql ] [ DB ] CONNECT:[ UseTime:0.001219s ] mysql:host=127.0.0.1;dbname=h2o_media;charset=utf8mb4
[ sql ] [ SQL ] SHOW COLUMNS FROM `m_user` [ RunTime:0.002866s ]
[ sql ] [ SQL ] SELECT * FROM `m_user` WHERE  `address` = '0x7DCBFF9995AC72222C6d46A45e82aA90B627f36D' LIMIT 1 [ RunTime:0.001094s ]
---------------------------------------------------------------
[ 2022-06-03T00:06:30+08:00 ] 172.18.0.1 GET www.h2omedia.com/api/Notes/getNotesList?limit=20&page=1&userId=1
[运行时间：0.168728s] [吞吐率：5.93req/s] [内存消耗：2,884.88kb] [文件加载：63]
[ info ] [ LANG ] /home/wwwroot/h2o-media-api/thinkphp/lang/zh-cn.php
[ info ] [ ROUTE ] array (
  'type' => 'module',
  'module' => 
  array (
    0 => 'api',
    1 => 'Notes',
    2 => 'getNotesList',
  ),
)
[ info ] [ HEADER ] array (
  'accept-language' => 'zh-CN,zh;q=0.9',
  'accept-encoding' => 'gzip, deflate',
  'referer' => 'http://localhost:8001/',
  'origin' => 'http://localhost:8001',
  'user-agent' => 'Mozilla/5.0 (Linux; Android 6.0; Nexus 5 Build/MRA58N) AppleWebKit/537.36 (KHTML, like Gecko) Chrome/102.0.0.0 Mobile Safari/537.36',
  'accept' => 'application/json, text/plain, */*',
  'connection' => 'keep-alive',
  'host' => 'www.h2omedia.com',
  'content-type' => '',
  'content-length' => '',
)
[ info ] [ PARAM ] array (
  'limit' => '20',
  'page' => '1',
  'userId' => '1',
)
[ info ] [ RUN ] app\api\controller\NotesController->getNotesList[ /home/wwwroot/h2o-media-api/application/api/controller/NotesController.php ]
[ info ] [ DB ] INIT mysql
[ info ] [ LOG ] INIT File
[ sql ] [ DB ] CONNECT:[ UseTime:0.000882s ] mysql:host=127.0.0.1;dbname=h2o_media;charset=utf8mb4
[ sql ] [ SQL ] SHOW COLUMNS FROM `m_notes` [ RunTime:0.002829s ]
[ sql ] [ SQL ] SELECT COUNT(*) AS tp_count FROM `m_notes` `a` LEFT JOIN `m_user` `b` ON `a`.`user_id`=`b`.`id` WHERE  `a`.`state` = 1 LIMIT 1 [ RunTime:0.000981s ]
[ sql ] [ SQL ] SELECT `a`.*,`b`.`nickname`,`b`.`avatar` FROM `m_notes` `a` LEFT JOIN `m_user` `b` ON `a`.`user_id`=`b`.`id` WHERE  `a`.`state` = 1 LIMIT 0,20 [ RunTime:0.000958s ]
[ sql ] [ SQL ] SHOW COLUMNS FROM `m_like` [ RunTime:0.002763s ]
[ sql ] [ SQL ] SELECT * FROM `m_like` WHERE  `uid` = 1  AND `note_id` = 1  AND `state` = 1 LIMIT 1 [ RunTime:0.000956s ]
[ sql ] [ SQL ] SELECT * FROM `m_like` WHERE  `uid` = 1  AND `note_id` = 2  AND `state` = 1 LIMIT 1 [ RunTime:0.000505s ]
---------------------------------------------------------------
[ 2022-06-03T00:06:31+08:00 ] 172.18.0.1 GET www.h2omedia.com/api/Notes/getCommentNotesList?notesId=2&comment_id=0&limit=10
[运行时间：0.174355s] [吞吐率：5.74req/s] [内存消耗：2,817.57kb] [文件加载：61]
[ info ] [ LANG ] /home/wwwroot/h2o-media-api/thinkphp/lang/zh-cn.php
[ info ] [ ROUTE ] array (
  'type' => 'module',
  'module' => 
  array (
    0 => 'api',
    1 => 'Notes',
    2 => 'getCommentNotesList',
  ),
)
[ info ] [ HEADER ] array (
  'accept-language' => 'zh-CN,zh;q=0.9',
  'accept-encoding' => 'gzip, deflate',
  'referer' => 'http://localhost:8001/',
  'origin' => 'http://localhost:8001',
  'user-agent' => 'Mozilla/5.0 (Linux; Android 6.0; Nexus 5 Build/MRA58N) AppleWebKit/537.36 (KHTML, like Gecko) Chrome/102.0.0.0 Mobile Safari/537.36',
  'accept' => 'application/json, text/plain, */*',
  'connection' => 'keep-alive',
  'host' => 'www.h2omedia.com',
  'content-type' => '',
  'content-length' => '',
)
[ info ] [ PARAM ] array (
  'notesId' => '2',
  'comment_id' => '0',
  'limit' => '10',
)
[ info ] [ RUN ] app\api\controller\NotesController->getCommentNotesList[ /home/wwwroot/h2o-media-api/application/api/controller/NotesController.php ]
[ info ] [ DB ] INIT mysql
[ info ] [ LOG ] INIT File
[ sql ] [ DB ] CONNECT:[ UseTime:0.000994s ] mysql:host=127.0.0.1;dbname=h2o_media;charset=utf8mb4
[ sql ] [ SQL ] SHOW COLUMNS FROM `m_comment` [ RunTime:0.002374s ]
[ sql ] [ SQL ] SELECT `c`.*,`u`.`nickname`,`u`.`avatar` FROM `m_comment` `c` INNER JOIN `m_user` `u` ON `c`.`uid`=`u`.`id` WHERE  `note_id` = 2  AND `leave_pid` = 0 ORDER BY `c`.`id` DESC LIMIT 10 [ RunTime:0.001350s ]
---------------------------------------------------------------
[ 2022-06-03T00:06:31+08:00 ] 172.18.0.1 GET www.h2omedia.com/api/Notes/getNotesDetail?notesId=2&userId=1
[运行时间：0.214142s] [吞吐率：4.67req/s] [内存消耗：3,169.68kb] [文件加载：71]
[ info ] [ LANG ] /home/wwwroot/h2o-media-api/thinkphp/lang/zh-cn.php
[ info ] [ ROUTE ] array (
  'type' => 'module',
  'module' => 
  array (
    0 => 'api',
    1 => 'Notes',
    2 => 'getNotesDetail',
  ),
)
[ info ] [ HEADER ] array (
  'accept-language' => 'zh-CN,zh;q=0.9',
  'accept-encoding' => 'gzip, deflate',
  'referer' => 'http://localhost:8001/',
  'origin' => 'http://localhost:8001',
  'user-agent' => 'Mozilla/5.0 (Linux; Android 6.0; Nexus 5 Build/MRA58N) AppleWebKit/537.36 (KHTML, like Gecko) Chrome/102.0.0.0 Mobile Safari/537.36',
  'accept' => 'application/json, text/plain, */*',
  'connection' => 'keep-alive',
  'host' => 'www.h2omedia.com',
  'content-type' => '',
  'content-length' => '',
)
[ info ] [ PARAM ] array (
  'notesId' => '2',
  'userId' => '1',
)
[ info ] [ RUN ] app\api\controller\NotesController->getNotesDetail[ /home/wwwroot/h2o-media-api/application/api/controller/NotesController.php ]
[ info ] [ DB ] INIT mysql
[ info ] [ CACHE ] INIT File
[ info ] [ LOG ] INIT File
[ sql ] [ DB ] CONNECT:[ UseTime:0.001259s ] mysql:host=127.0.0.1;dbname=h2o_media;charset=utf8mb4
[ sql ] [ SQL ] SHOW COLUMNS FROM `m_notes` [ RunTime:0.003046s ]
[ sql ] [ SQL ] SELECT `a`.*,`b`.`nickname`,`b`.`avatar` FROM `m_notes` `a` INNER JOIN `m_user` `b` ON `a`.`user_id`=`b`.`id` WHERE  `a`.`id` = '2' LIMIT 1 [ RunTime:0.001220s ]
[ sql ] [ SQL ] SHOW COLUMNS FROM `m_follow` [ RunTime:0.002039s ]
[ sql ] [ SQL ] SELECT * FROM `m_follow` WHERE  `uid` = 1  AND `follow_uid` = 1 LIMIT 1 [ RunTime:0.000630s ]
[ sql ] [ SQL ] SHOW COLUMNS FROM `m_like` [ RunTime:0.001769s ]
[ sql ] [ SQL ] SELECT * FROM `m_like` WHERE  `uid` = 1  AND `note_id` = 2  AND `state` = 1 LIMIT 1 [ RunTime:0.000758s ]
[ sql ] [ SQL ] SHOW COLUMNS FROM `m_collect` [ RunTime:0.001990s ]
[ sql ] [ SQL ] SELECT * FROM `m_collect` WHERE  `uid` = 1  AND `note_id` = 2  AND `state` = 1 LIMIT 1 [ RunTime:0.000775s ]
[ sql ] [ SQL ] SELECT COUNT(*) AS tp_count FROM `m_like` WHERE  `note_id` = 2  AND `state` = 1 LIMIT 1 [ RunTime:0.000846s ]
[ sql ] [ SQL ] SELECT COUNT(*) AS tp_count FROM `m_collect` WHERE  `note_id` = 2  AND `state` = 1 LIMIT 1 [ RunTime:0.000837s ]
[ sql ] [ SQL ] SHOW COLUMNS FROM `m_comment` [ RunTime:0.002222s ]
[ sql ] [ SQL ] SELECT COUNT(*) AS tp_count FROM `m_comment` WHERE  `note_id` = 2 LIMIT 1 [ RunTime:0.000773s ]
[ sql ] [ SQL ] SHOW COLUMNS FROM `m_reward` [ RunTime:0.002105s ]
[ sql ] [ SQL ] SELECT * FROM `m_reward` WHERE  `uid` = 1  AND `note_id` = 2 LIMIT 1 [ RunTime:0.000596s ]
[ sql ] [ SQL ] SELECT SUM(amount) AS tp_sum FROM `m_reward` WHERE  `note_id` = 2 LIMIT 1 [ RunTime:0.000458s ]
[ sql ] [ SQL ] SELECT * FROM m_notes_log WHERE to_days(`time`) = to_days(now()) AND `user_id`='1' AND `note_id`=2 AND `type`=3 LIMIT 1 [ RunTime:0.001242s ]
[ sql ] [ SQL ] SHOW COLUMNS FROM `m_notes_log` [ RunTime:0.001966s ]
[ sql ] [ SQL ] INSERT INTO `m_notes_log` (`note_id` , `desc` , `type` , `user_id` , `data` , `ip` , `hash` , `time` , `status` , `count` , `is_cancel`) VALUES (2 , '浏览作品' , 3 , 1 , '{\"id\":2,\"user_id\":1,\"address\":null,\"class_id\":0,\"content\":\"\\u7334\\u5b50\\u89c6\\u9891\",\"title\":\"\\u7334\\u5b50\\u89c6\\u9891\",\"cover\":\"\",\"imgs\":null,\"video_url\":\"https:\\/\\/h2o-finance-images.s3.amazonaws.com\\/h2oMedia\\/video\\/2022-06-02\\/234708_1413860858.mp4\",\"video_ts_url\":null,\"add_time\":\"2022-06-02 23:47:11\",\"state\":1,\"update_time\":\"2022-06-02 23:47:11\",\"type\":2,\"like_num\":0,\"comment_num\":0,\"nickname\":\"qinlh001\",\"avatar\":\"https:\\/\\/h2o-finance-images.s3.amazonaws.com\\/h2oMedia\\/picture\\/avatar\\/231424_1908139321_.jpg\",\"date\":\"2022-06-02\",\"is_follow\":false,\"is_like\":false,\"is_collect\":false,\"collect_num\":0,\"message_num\":0,\"is_reward\":false,\"reward_num\":0}' , '172.18.0.1' , '' , '2022-06-03 00:06:31' , 0 , 1 , 0) [ RunTime:0.001116s ]
[ sql ] [ SQL ] SELECT * FROM m_award WHERE `date` = '2022-06-03' AND `user_id` = '1' LIMIT 1 [ RunTime:0.001457s ]
[ sql ] [ SQL ] SELECT * FROM m_award WHERE `date` = '2022-06-03' AND `user_id` = '1' LIMIT 1 [ RunTime:0.000581s ]
[ sql ] [ SQL ] SHOW COLUMNS FROM `m_award` [ RunTime:0.001932s ]
[ sql ] [ SQL ] UPDATE `m_award`  SET `browse_num`=`browse_num`+1  WHERE  `user_id` = 1  AND `date` = '2022-06-03' [ RunTime:0.000917s ]
[ sql ] [ SQL ] SHOW COLUMNS FROM `m_user` [ RunTime:0.002026s ]
[ sql ] [ SQL ] UPDATE `m_user`  SET `balance`=`balance`+10  WHERE  `id` = 1 [ RunTime:0.001168s ]
---------------------------------------------------------------
[ 2022-06-03T00:06:32+08:00 ] 172.18.0.1 GET www.h2omedia.com/api/Notes/getNotesList?limit=10&page=1&userId=1&is_video=1&not_note_id=2
[运行时间：0.254586s] [吞吐率：3.93req/s] [内存消耗：2,852.24kb] [文件加载：62]
[ info ] [ LANG ] /home/wwwroot/h2o-media-api/thinkphp/lang/zh-cn.php
[ info ] [ ROUTE ] array (
  'type' => 'module',
  'module' => 
  array (
    0 => 'api',
    1 => 'Notes',
    2 => 'getNotesList',
  ),
)
[ info ] [ HEADER ] array (
  'accept-language' => 'zh-CN,zh;q=0.9',
  'accept-encoding' => 'gzip, deflate',
  'referer' => 'http://localhost:8001/',
  'origin' => 'http://localhost:8001',
  'user-agent' => 'Mozilla/5.0 (Linux; Android 6.0; Nexus 5 Build/MRA58N) AppleWebKit/537.36 (KHTML, like Gecko) Chrome/102.0.0.0 Mobile Safari/537.36',
  'accept' => 'application/json, text/plain, */*',
  'connection' => 'keep-alive',
  'host' => 'www.h2omedia.com',
  'content-type' => '',
  'content-length' => '',
)
[ info ] [ PARAM ] array (
  'limit' => '10',
  'page' => '1',
  'userId' => '1',
  'is_video' => '1',
  'not_note_id' => '2',
)
[ info ] [ RUN ] app\api\controller\NotesController->getNotesList[ /home/wwwroot/h2o-media-api/application/api/controller/NotesController.php ]
[ info ] [ DB ] INIT mysql
[ info ] [ LOG ] INIT File
[ sql ] [ DB ] CONNECT:[ UseTime:0.001195s ] mysql:host=127.0.0.1;dbname=h2o_media;charset=utf8mb4
[ sql ] [ SQL ] SHOW COLUMNS FROM `m_notes` [ RunTime:0.003582s ]
[ sql ] [ SQL ] SELECT COUNT(*) AS tp_count FROM `m_notes` `a` LEFT JOIN `m_user` `b` ON `a`.`user_id`=`b`.`id` WHERE  `a`.`state` = 1  AND `a`.`type` = 2  AND `a`.`id` NOT IN ('2') LIMIT 1 [ RunTime:0.001579s ]
[ sql ] [ SQL ] SELECT `a`.*,`b`.`nickname`,`b`.`avatar` FROM `m_notes` `a` LEFT JOIN `m_user` `b` ON `a`.`user_id`=`b`.`id` WHERE  `a`.`state` = 1  AND `a`.`type` = 2  AND `a`.`id` NOT IN ('2') LIMIT 0,10 [ RunTime:0.001266s ]
---------------------------------------------------------------
[ 2022-06-03T00:06:33+08:00 ] 172.18.0.1 GET www.h2omedia.com/api/Notes/getNotesList?limit=20&page=1&userId=1
[运行时间：0.194670s] [吞吐率：5.14req/s] [内存消耗：2,884.88kb] [文件加载：63]
[ info ] [ LANG ] /home/wwwroot/h2o-media-api/thinkphp/lang/zh-cn.php
[ info ] [ ROUTE ] array (
  'type' => 'module',
  'module' => 
  array (
    0 => 'api',
    1 => 'Notes',
    2 => 'getNotesList',
  ),
)
[ info ] [ HEADER ] array (
  'accept-language' => 'zh-CN,zh;q=0.9',
  'accept-encoding' => 'gzip, deflate',
  'referer' => 'http://localhost:8001/',
  'origin' => 'http://localhost:8001',
  'user-agent' => 'Mozilla/5.0 (Linux; Android 6.0; Nexus 5 Build/MRA58N) AppleWebKit/537.36 (KHTML, like Gecko) Chrome/102.0.0.0 Mobile Safari/537.36',
  'accept' => 'application/json, text/plain, */*',
  'connection' => 'keep-alive',
  'host' => 'www.h2omedia.com',
  'content-type' => '',
  'content-length' => '',
)
[ info ] [ PARAM ] array (
  'limit' => '20',
  'page' => '1',
  'userId' => '1',
)
[ info ] [ RUN ] app\api\controller\NotesController->getNotesList[ /home/wwwroot/h2o-media-api/application/api/controller/NotesController.php ]
[ info ] [ DB ] INIT mysql
[ info ] [ LOG ] INIT File
[ sql ] [ DB ] CONNECT:[ UseTime:0.001158s ] mysql:host=127.0.0.1;dbname=h2o_media;charset=utf8mb4
[ sql ] [ SQL ] SHOW COLUMNS FROM `m_notes` [ RunTime:0.003059s ]
[ sql ] [ SQL ] SELECT COUNT(*) AS tp_count FROM `m_notes` `a` LEFT JOIN `m_user` `b` ON `a`.`user_id`=`b`.`id` WHERE  `a`.`state` = 1 LIMIT 1 [ RunTime:0.000969s ]
[ sql ] [ SQL ] SELECT `a`.*,`b`.`nickname`,`b`.`avatar` FROM `m_notes` `a` LEFT JOIN `m_user` `b` ON `a`.`user_id`=`b`.`id` WHERE  `a`.`state` = 1 LIMIT 0,20 [ RunTime:0.001140s ]
[ sql ] [ SQL ] SHOW COLUMNS FROM `m_like` [ RunTime:0.002597s ]
[ sql ] [ SQL ] SELECT * FROM `m_like` WHERE  `uid` = 1  AND `note_id` = 1  AND `state` = 1 LIMIT 1 [ RunTime:0.000973s ]
[ sql ] [ SQL ] SELECT * FROM `m_like` WHERE  `uid` = 1  AND `note_id` = 2  AND `state` = 1 LIMIT 1 [ RunTime:0.000968s ]
