---------------------------------------------------------------
[ 2022-06-06T21:37:17+08:00 ] 172.18.0.1 GET www.h2omedia.com/api/Notes/getNotesList?limit=20&page=1&userId=0
[运行时间：0.679147s] [吞吐率：1.47req/s] [内存消耗：2,854.37kb] [文件加载：62]
[ info ] [ LANG ] /home/wwwroot/h2o-media-api/thinkphp/lang/zh-cn.php
[ info ] [ ROUTE ] array (
  'type' => 'module',
  'module' => 
  array (
    0 => 'api',
    1 => 'Notes',
    2 => 'getNotesList',
  ),
)
[ info ] [ HEADER ] array (
  'referer' => 'http://localhost:8001/',
  'origin' => 'http://localhost:8001',
  'accept-language' => 'zh-CN,zh;q=0.9',
  'accept-encoding' => 'gzip, deflate',
  'accept' => 'application/json, text/plain, */*',
  'user-agent' => 'Mozilla/5.0 (Macintosh; Intel Mac OS X 10_15_7) AppleWebKit/537.36 (KHTML, like Gecko) Chrome/102.0.0.0 Safari/537.36',
  'host' => 'www.h2omedia.com',
  'content-type' => '',
  'content-length' => '',
)
[ info ] [ PARAM ] array (
  'limit' => '20',
  'page' => '1',
  'userId' => '0',
)
[ info ] [ RUN ] app\api\controller\NotesController->getNotesList[ /home/wwwroot/h2o-media-api/application/api/controller/NotesController.php ]
[ info ] [ DB ] INIT mysql
[ info ] [ LOG ] INIT File
[ sql ] [ DB ] CONNECT:[ UseTime:0.003332s ] mysql:host=127.0.0.1;dbname=h2o_media;charset=utf8mb4
[ sql ] [ SQL ] SHOW COLUMNS FROM `m_notes` [ RunTime:0.005464s ]
[ sql ] [ SQL ] SELECT COUNT(*) AS tp_count FROM `m_notes` `a` LEFT JOIN `m_user` `b` ON `a`.`user_id`=`b`.`id` WHERE  `a`.`state` = 1 LIMIT 1 [ RunTime:0.005398s ]
[ sql ] [ SQL ] SELECT `a`.*,`b`.`nickname`,`b`.`avatar` FROM `m_notes` `a` LEFT JOIN `m_user` `b` ON `a`.`user_id`=`b`.`id` WHERE  `a`.`state` = 1 LIMIT 0,20 [ RunTime:0.007410s ]
---------------------------------------------------------------
[ 2022-06-06T21:37:26+08:00 ] 172.18.0.1 GET www.h2omedia.com/api/User/getUserAddressInfo?address=0x295920EFC1261BC51604ad9F2a46F05F4F4F68FD
[运行时间：0.463658s] [吞吐率：2.16req/s] [内存消耗：2,824.29kb] [文件加载：63]
[ info ] [ LANG ] /home/wwwroot/h2o-media-api/thinkphp/lang/zh-cn.php
[ info ] [ ROUTE ] array (
  'type' => 'module',
  'module' => 
  array (
    0 => 'api',
    1 => 'User',
    2 => 'getUserAddressInfo',
  ),
)
[ info ] [ HEADER ] array (
  'referer' => 'http://localhost:8001/',
  'origin' => 'http://localhost:8001',
  'accept-language' => 'zh-CN,zh;q=0.9',
  'accept-encoding' => 'gzip, deflate',
  'accept' => 'application/json, text/plain, */*',
  'user-agent' => 'Mozilla/5.0 (Macintosh; Intel Mac OS X 10_15_7) AppleWebKit/537.36 (KHTML, like Gecko) Chrome/102.0.0.0 Safari/537.36',
  'host' => 'www.h2omedia.com',
  'content-type' => '',
  'content-length' => '',
)
[ info ] [ PARAM ] array (
  'address' => '0x295920EFC1261BC51604ad9F2a46F05F4F4F68FD',
)
[ info ] [ RUN ] app\api\controller\UserController->getUserAddressInfo[ /home/wwwroot/h2o-media-api/application/api/controller/UserController.php ]
[ info ] [ DB ] INIT mysql
[ info ] [ LOG ] INIT File
[ sql ] [ DB ] CONNECT:[ UseTime:0.066580s ] mysql:host=127.0.0.1;dbname=h2o_media;charset=utf8mb4
[ sql ] [ SQL ] SHOW COLUMNS FROM `m_user` [ RunTime:0.010408s ]
[ sql ] [ SQL ] SELECT * FROM `m_user` WHERE  `address` = '0x295920EFC1261BC51604ad9F2a46F05F4F4F68FD' LIMIT 1 [ RunTime:0.006332s ]
[ error ] [10501]SQLSTATE[23000]: Integrity constraint violation: 1062 Duplicate entry '' for key 'username'[/home/wwwroot/h2o-media-api/thinkphp/library/think/db/Connection.php:453]
