[ 2022-06-09T15:12:51+08:00 ][ info ] [ LANG ] /home/wwwroot/h2o-media-api/thinkphp/lang/zh-cn.php
[ info ] [ LOG ] INIT File
[ 2022-06-09T15:12:52+08:00 ][ info ] [ ROUTE ] array (
  'type' => 'module',
  'module' => 
  array (
    0 => 'Tools',
    1 => 'Task',
    2 => 'awsUpload',
  ),
)
[ 2022-06-09T15:12:52+08:00 ][ info ] [ HEADER ] array (
)
[ 2022-06-09T15:12:52+08:00 ][ info ] [ PARAM ] array (
)
[ 2022-06-09T15:14:36+08:00 ][ info ] [ LANG ] /home/wwwroot/h2o-media-api/thinkphp/lang/zh-cn.php
[ info ] [ LOG ] INIT File
[ 2022-06-09T15:14:36+08:00 ][ info ] [ ROUTE ] array (
  'type' => 'module',
  'module' => 
  array (
    0 => 'Tools',
    1 => 'Task',
    2 => 'awsUpload',
  ),
)
[ 2022-06-09T15:14:36+08:00 ][ info ] [ HEADER ] array (
)
[ 2022-06-09T15:14:36+08:00 ][ info ] [ PARAM ] array (
)
[ 2022-06-09T15:15:55+08:00 ][ info ] [ LANG ] /home/wwwroot/h2o-media-api/thinkphp/lang/zh-cn.php
[ info ] [ LOG ] INIT File
[ 2022-06-09T15:15:55+08:00 ][ info ] [ ROUTE ] array (
  'type' => 'module',
  'module' => 
  array (
    0 => 'Tools',
    1 => 'Task',
    2 => 'awsUpload',
  ),
)
[ 2022-06-09T15:15:55+08:00 ][ info ] [ HEADER ] array (
)
[ 2022-06-09T15:15:55+08:00 ][ info ] [ PARAM ] array (
)
[ 2022-06-09T15:16:14+08:00 ][ info ] [ LANG ] /home/wwwroot/h2o-media-api/thinkphp/lang/zh-cn.php
[ info ] [ LOG ] INIT File
[ 2022-06-09T15:16:14+08:00 ][ info ] [ ROUTE ] array (
  'type' => 'module',
  'module' => 
  array (
    0 => 'Tools',
    1 => 'Task',
    2 => 'awsUpload',
  ),
)
[ 2022-06-09T15:16:14+08:00 ][ info ] [ HEADER ] array (
)
[ 2022-06-09T15:16:14+08:00 ][ info ] [ PARAM ] array (
)
[ 2022-06-09T15:17:59+08:00 ][ info ] [ LANG ] /home/wwwroot/h2o-media-api/thinkphp/lang/zh-cn.php
[ info ] [ LOG ] INIT File
[ 2022-06-09T15:17:59+08:00 ][ info ] [ ROUTE ] array (
  'type' => 'module',
  'module' => 
  array (
    0 => 'Tools',
    1 => 'Task',
    2 => 'awsUpload',
  ),
)
[ 2022-06-09T15:17:59+08:00 ][ info ] [ HEADER ] array (
)
[ 2022-06-09T15:17:59+08:00 ][ info ] [ PARAM ] array (
)
