---------------------------------------------------------------
[ 2022-06-12T15:00:44+08:00 ] 172.18.0.1 GET www.h2omedia.com/api/Notes/monitorTaskRunStatus?task_id=46&userId=1
[运行时间：0.171398s] [吞吐率：5.83req/s] [内存消耗：2,713.05kb] [文件加载：59]
[ info ] [ LANG ] /home/wwwroot/h2o-media-api/thinkphp/lang/zh-cn.php
[ info ] [ ROUTE ] array (
  'type' => 'module',
  'module' => 
  array (
    0 => 'api',
    1 => 'Notes',
    2 => 'monitorTaskRunStatus',
  ),
)
[ info ] [ HEADER ] array (
  'host' => 'www.h2omedia.com',
  'connection' => 'close',
  'accept' => 'application/json, text/plain, */*',
  'user-agent' => 'Mozilla/5.0 (iPhone; CPU iPhone OS 13_2_3 like Mac OS X) AppleWebKit/605.1.15 (KHTML, like Gecko) Version/13.0.3 Mobile/15E148 Safari/604.1',
  'referer' => 'http://192.168.1.6:8001/',
  'accept-encoding' => 'gzip, deflate',
  'accept-language' => 'zh-CN,zh;q=0.9',
  'content-type' => '',
  'content-length' => '',
)
[ info ] [ PARAM ] array (
  'task_id' => '46',
  'userId' => '1',
)
[ info ] [ RUN ] app\api\controller\NotesController->monitorTaskRunStatus[ /home/wwwroot/h2o-media-api/application/api/controller/NotesController.php ]
[ info ] [ DB ] INIT mysql
[ info ] [ LOG ] INIT File
[ sql ] [ DB ] CONNECT:[ UseTime:0.001141s ] mysql:host=127.0.0.1;dbname=h2o_media;charset=utf8mb4
[ sql ] [ SQL ] SHOW COLUMNS FROM `m_task` [ RunTime:0.002947s ]
[ sql ] [ SQL ] SELECT * FROM `m_task` WHERE  `id` = 46 LIMIT 1 [ RunTime:0.000837s ]
---------------------------------------------------------------
[ 2022-06-12T15:00:46+08:00 ] 172.18.0.1 GET www.h2omedia.com/api/Notes/monitorTaskRunStatus?task_id=46&userId=1
[运行时间：0.178884s] [吞吐率：5.59req/s] [内存消耗：2,713.10kb] [文件加载：59]
[ info ] [ LANG ] /home/wwwroot/h2o-media-api/thinkphp/lang/zh-cn.php
[ info ] [ ROUTE ] array (
  'type' => 'module',
  'module' => 
  array (
    0 => 'api',
    1 => 'Notes',
    2 => 'monitorTaskRunStatus',
  ),
)
[ info ] [ HEADER ] array (
  'host' => 'www.h2omedia.com',
  'connection' => 'close',
  'accept' => 'application/json, text/plain, */*',
  'user-agent' => 'Mozilla/5.0 (iPhone; CPU iPhone OS 13_2_3 like Mac OS X) AppleWebKit/605.1.15 (KHTML, like Gecko) Version/13.0.3 Mobile/15E148 Safari/604.1',
  'referer' => 'http://192.168.1.6:8001/',
  'accept-encoding' => 'gzip, deflate',
  'accept-language' => 'zh-CN,zh;q=0.9',
  'content-type' => '',
  'content-length' => '',
)
[ info ] [ PARAM ] array (
  'task_id' => '46',
  'userId' => '1',
)
[ info ] [ RUN ] app\api\controller\NotesController->monitorTaskRunStatus[ /home/wwwroot/h2o-media-api/application/api/controller/NotesController.php ]
[ info ] [ DB ] INIT mysql
[ info ] [ LOG ] INIT File
[ sql ] [ DB ] CONNECT:[ UseTime:0.001124s ] mysql:host=127.0.0.1;dbname=h2o_media;charset=utf8mb4
[ sql ] [ SQL ] SHOW COLUMNS FROM `m_task` [ RunTime:0.002663s ]
[ sql ] [ SQL ] SELECT * FROM `m_task` WHERE  `id` = 46 LIMIT 1 [ RunTime:0.000938s ]
---------------------------------------------------------------
[ 2022-06-12T15:00:48+08:00 ] 172.18.0.1 GET www.h2omedia.com/api/Notes/monitorTaskRunStatus?task_id=46&userId=1
[运行时间：0.160707s] [吞吐率：6.22req/s] [内存消耗：2,713.10kb] [文件加载：59]
[ info ] [ LANG ] /home/wwwroot/h2o-media-api/thinkphp/lang/zh-cn.php
[ info ] [ ROUTE ] array (
  'type' => 'module',
  'module' => 
  array (
    0 => 'api',
    1 => 'Notes',
    2 => 'monitorTaskRunStatus',
  ),
)
[ info ] [ HEADER ] array (
  'host' => 'www.h2omedia.com',
  'connection' => 'close',
  'accept' => 'application/json, text/plain, */*',
  'user-agent' => 'Mozilla/5.0 (iPhone; CPU iPhone OS 13_2_3 like Mac OS X) AppleWebKit/605.1.15 (KHTML, like Gecko) Version/13.0.3 Mobile/15E148 Safari/604.1',
  'referer' => 'http://192.168.1.6:8001/',
  'accept-encoding' => 'gzip, deflate',
  'accept-language' => 'zh-CN,zh;q=0.9',
  'content-type' => '',
  'content-length' => '',
)
[ info ] [ PARAM ] array (
  'task_id' => '46',
  'userId' => '1',
)
[ info ] [ RUN ] app\api\controller\NotesController->monitorTaskRunStatus[ /home/wwwroot/h2o-media-api/application/api/controller/NotesController.php ]
[ info ] [ DB ] INIT mysql
[ info ] [ LOG ] INIT File
[ sql ] [ DB ] CONNECT:[ UseTime:0.001078s ] mysql:host=127.0.0.1;dbname=h2o_media;charset=utf8mb4
[ sql ] [ SQL ] SHOW COLUMNS FROM `m_task` [ RunTime:0.002433s ]
[ sql ] [ SQL ] SELECT * FROM `m_task` WHERE  `id` = 46 LIMIT 1 [ RunTime:0.000958s ]
---------------------------------------------------------------
[ 2022-06-12T15:00:51+08:00 ] 172.18.0.1 GET www.h2omedia.com/api/Notes/monitorTaskRunStatus?task_id=46&userId=1
[运行时间：0.171874s] [吞吐率：5.82req/s] [内存消耗：2,713.10kb] [文件加载：59]
[ info ] [ LANG ] /home/wwwroot/h2o-media-api/thinkphp/lang/zh-cn.php
[ info ] [ ROUTE ] array (
  'type' => 'module',
  'module' => 
  array (
    0 => 'api',
    1 => 'Notes',
    2 => 'monitorTaskRunStatus',
  ),
)
[ info ] [ HEADER ] array (
  'host' => 'www.h2omedia.com',
  'connection' => 'close',
  'accept' => 'application/json, text/plain, */*',
  'user-agent' => 'Mozilla/5.0 (iPhone; CPU iPhone OS 13_2_3 like Mac OS X) AppleWebKit/605.1.15 (KHTML, like Gecko) Version/13.0.3 Mobile/15E148 Safari/604.1',
  'referer' => 'http://192.168.1.6:8001/',
  'accept-encoding' => 'gzip, deflate',
  'accept-language' => 'zh-CN,zh;q=0.9',
  'content-type' => '',
  'content-length' => '',
)
[ info ] [ PARAM ] array (
  'task_id' => '46',
  'userId' => '1',
)
[ info ] [ RUN ] app\api\controller\NotesController->monitorTaskRunStatus[ /home/wwwroot/h2o-media-api/application/api/controller/NotesController.php ]
[ info ] [ DB ] INIT mysql
[ info ] [ LOG ] INIT File
[ sql ] [ DB ] CONNECT:[ UseTime:0.001093s ] mysql:host=127.0.0.1;dbname=h2o_media;charset=utf8mb4
[ sql ] [ SQL ] SHOW COLUMNS FROM `m_task` [ RunTime:0.002571s ]
[ sql ] [ SQL ] SELECT * FROM `m_task` WHERE  `id` = 46 LIMIT 1 [ RunTime:0.000961s ]
---------------------------------------------------------------
[ 2022-06-12T15:00:53+08:00 ] 172.18.0.1 GET www.h2omedia.com/api/Notes/monitorTaskRunStatus?task_id=46&userId=1
[运行时间：0.178101s] [吞吐率：5.61req/s] [内存消耗：2,713.10kb] [文件加载：59]
[ info ] [ LANG ] /home/wwwroot/h2o-media-api/thinkphp/lang/zh-cn.php
[ info ] [ ROUTE ] array (
  'type' => 'module',
  'module' => 
  array (
    0 => 'api',
    1 => 'Notes',
    2 => 'monitorTaskRunStatus',
  ),
)
[ info ] [ HEADER ] array (
  'host' => 'www.h2omedia.com',
  'connection' => 'close',
  'accept' => 'application/json, text/plain, */*',
  'user-agent' => 'Mozilla/5.0 (iPhone; CPU iPhone OS 13_2_3 like Mac OS X) AppleWebKit/605.1.15 (KHTML, like Gecko) Version/13.0.3 Mobile/15E148 Safari/604.1',
  'referer' => 'http://192.168.1.6:8001/',
  'accept-encoding' => 'gzip, deflate',
  'accept-language' => 'zh-CN,zh;q=0.9',
  'content-type' => '',
  'content-length' => '',
)
[ info ] [ PARAM ] array (
  'task_id' => '46',
  'userId' => '1',
)
[ info ] [ RUN ] app\api\controller\NotesController->monitorTaskRunStatus[ /home/wwwroot/h2o-media-api/application/api/controller/NotesController.php ]
[ info ] [ DB ] INIT mysql
[ info ] [ LOG ] INIT File
[ sql ] [ DB ] CONNECT:[ UseTime:0.001000s ] mysql:host=127.0.0.1;dbname=h2o_media;charset=utf8mb4
[ sql ] [ SQL ] SHOW COLUMNS FROM `m_task` [ RunTime:0.002490s ]
[ sql ] [ SQL ] SELECT * FROM `m_task` WHERE  `id` = 46 LIMIT 1 [ RunTime:0.001040s ]
---------------------------------------------------------------
[ 2022-06-12T15:00:55+08:00 ] 172.18.0.1 GET www.h2omedia.com/api/Notes/monitorTaskRunStatus?task_id=46&userId=1
[运行时间：0.182179s] [吞吐率：5.49req/s] [内存消耗：2,713.10kb] [文件加载：59]
[ info ] [ LANG ] /home/wwwroot/h2o-media-api/thinkphp/lang/zh-cn.php
[ info ] [ ROUTE ] array (
  'type' => 'module',
  'module' => 
  array (
    0 => 'api',
    1 => 'Notes',
    2 => 'monitorTaskRunStatus',
  ),
)
[ info ] [ HEADER ] array (
  'host' => 'www.h2omedia.com',
  'connection' => 'close',
  'accept' => 'application/json, text/plain, */*',
  'user-agent' => 'Mozilla/5.0 (iPhone; CPU iPhone OS 13_2_3 like Mac OS X) AppleWebKit/605.1.15 (KHTML, like Gecko) Version/13.0.3 Mobile/15E148 Safari/604.1',
  'referer' => 'http://192.168.1.6:8001/',
  'accept-encoding' => 'gzip, deflate',
  'accept-language' => 'zh-CN,zh;q=0.9',
  'content-type' => '',
  'content-length' => '',
)
[ info ] [ PARAM ] array (
  'task_id' => '46',
  'userId' => '1',
)
[ info ] [ RUN ] app\api\controller\NotesController->monitorTaskRunStatus[ /home/wwwroot/h2o-media-api/application/api/controller/NotesController.php ]
[ info ] [ DB ] INIT mysql
[ info ] [ LOG ] INIT File
[ sql ] [ DB ] CONNECT:[ UseTime:0.001270s ] mysql:host=127.0.0.1;dbname=h2o_media;charset=utf8mb4
[ sql ] [ SQL ] SHOW COLUMNS FROM `m_task` [ RunTime:0.002879s ]
[ sql ] [ SQL ] SELECT * FROM `m_task` WHERE  `id` = 46 LIMIT 1 [ RunTime:0.000905s ]
---------------------------------------------------------------
[ 2022-06-12T15:00:57+08:00 ] 172.18.0.1 GET www.h2omedia.com/api/Notes/monitorTaskRunStatus?task_id=46&userId=1
[运行时间：0.181797s] [吞吐率：5.50req/s] [内存消耗：2,713.10kb] [文件加载：59]
[ info ] [ LANG ] /home/wwwroot/h2o-media-api/thinkphp/lang/zh-cn.php
[ info ] [ ROUTE ] array (
  'type' => 'module',
  'module' => 
  array (
    0 => 'api',
    1 => 'Notes',
    2 => 'monitorTaskRunStatus',
  ),
)
[ info ] [ HEADER ] array (
  'host' => 'www.h2omedia.com',
  'connection' => 'close',
  'accept' => 'application/json, text/plain, */*',
  'user-agent' => 'Mozilla/5.0 (iPhone; CPU iPhone OS 13_2_3 like Mac OS X) AppleWebKit/605.1.15 (KHTML, like Gecko) Version/13.0.3 Mobile/15E148 Safari/604.1',
  'referer' => 'http://192.168.1.6:8001/',
  'accept-encoding' => 'gzip, deflate',
  'accept-language' => 'zh-CN,zh;q=0.9',
  'content-type' => '',
  'content-length' => '',
)
[ info ] [ PARAM ] array (
  'task_id' => '46',
  'userId' => '1',
)
[ info ] [ RUN ] app\api\controller\NotesController->monitorTaskRunStatus[ /home/wwwroot/h2o-media-api/application/api/controller/NotesController.php ]
[ info ] [ DB ] INIT mysql
[ info ] [ LOG ] INIT File
[ sql ] [ DB ] CONNECT:[ UseTime:0.001136s ] mysql:host=127.0.0.1;dbname=h2o_media;charset=utf8mb4
[ sql ] [ SQL ] SHOW COLUMNS FROM `m_task` [ RunTime:0.002690s ]
[ sql ] [ SQL ] SELECT * FROM `m_task` WHERE  `id` = 46 LIMIT 1 [ RunTime:0.000894s ]
---------------------------------------------------------------
[ 2022-06-12T15:00:59+08:00 ] 172.18.0.1 GET www.h2omedia.com/api/Notes/monitorTaskRunStatus?task_id=46&userId=1
[运行时间：0.176300s] [吞吐率：5.67req/s] [内存消耗：2,713.10kb] [文件加载：59]
[ info ] [ LANG ] /home/wwwroot/h2o-media-api/thinkphp/lang/zh-cn.php
[ info ] [ ROUTE ] array (
  'type' => 'module',
  'module' => 
  array (
    0 => 'api',
    1 => 'Notes',
    2 => 'monitorTaskRunStatus',
  ),
)
[ info ] [ HEADER ] array (
  'host' => 'www.h2omedia.com',
  'connection' => 'close',
  'accept' => 'application/json, text/plain, */*',
  'user-agent' => 'Mozilla/5.0 (iPhone; CPU iPhone OS 13_2_3 like Mac OS X) AppleWebKit/605.1.15 (KHTML, like Gecko) Version/13.0.3 Mobile/15E148 Safari/604.1',
  'referer' => 'http://192.168.1.6:8001/',
  'accept-encoding' => 'gzip, deflate',
  'accept-language' => 'zh-CN,zh;q=0.9',
  'content-type' => '',
  'content-length' => '',
)
[ info ] [ PARAM ] array (
  'task_id' => '46',
  'userId' => '1',
)
[ info ] [ RUN ] app\api\controller\NotesController->monitorTaskRunStatus[ /home/wwwroot/h2o-media-api/application/api/controller/NotesController.php ]
[ info ] [ DB ] INIT mysql
[ info ] [ LOG ] INIT File
[ sql ] [ DB ] CONNECT:[ UseTime:0.001057s ] mysql:host=127.0.0.1;dbname=h2o_media;charset=utf8mb4
[ sql ] [ SQL ] SHOW COLUMNS FROM `m_task` [ RunTime:0.002846s ]
[ sql ] [ SQL ] SELECT * FROM `m_task` WHERE  `id` = 46 LIMIT 1 [ RunTime:0.000961s ]
---------------------------------------------------------------
[ 2022-06-12T15:01:02+08:00 ] 172.18.0.1 GET www.h2omedia.com/api/Notes/monitorTaskRunStatus?task_id=46&userId=1
[运行时间：0.181377s] [吞吐率：5.51req/s] [内存消耗：2,713.10kb] [文件加载：59]
[ info ] [ LANG ] /home/wwwroot/h2o-media-api/thinkphp/lang/zh-cn.php
[ info ] [ ROUTE ] array (
  'type' => 'module',
  'module' => 
  array (
    0 => 'api',
    1 => 'Notes',
    2 => 'monitorTaskRunStatus',
  ),
)
[ info ] [ HEADER ] array (
  'host' => 'www.h2omedia.com',
  'connection' => 'close',
  'accept' => 'application/json, text/plain, */*',
  'user-agent' => 'Mozilla/5.0 (iPhone; CPU iPhone OS 13_2_3 like Mac OS X) AppleWebKit/605.1.15 (KHTML, like Gecko) Version/13.0.3 Mobile/15E148 Safari/604.1',
  'referer' => 'http://192.168.1.6:8001/',
  'accept-encoding' => 'gzip, deflate',
  'accept-language' => 'zh-CN,zh;q=0.9',
  'content-type' => '',
  'content-length' => '',
)
[ info ] [ PARAM ] array (
  'task_id' => '46',
  'userId' => '1',
)
[ info ] [ RUN ] app\api\controller\NotesController->monitorTaskRunStatus[ /home/wwwroot/h2o-media-api/application/api/controller/NotesController.php ]
[ info ] [ DB ] INIT mysql
[ info ] [ LOG ] INIT File
[ sql ] [ DB ] CONNECT:[ UseTime:0.001115s ] mysql:host=127.0.0.1;dbname=h2o_media;charset=utf8mb4
[ sql ] [ SQL ] SHOW COLUMNS FROM `m_task` [ RunTime:0.003093s ]
[ sql ] [ SQL ] SELECT * FROM `m_task` WHERE  `id` = 46 LIMIT 1 [ RunTime:0.001113s ]
---------------------------------------------------------------
[ 2022-06-12T15:01:04+08:00 ] 172.18.0.1 GET www.h2omedia.com/api/Notes/monitorTaskRunStatus?task_id=46&userId=1
[运行时间：0.230939s] [吞吐率：4.33req/s] [内存消耗：2,713.10kb] [文件加载：59]
[ info ] [ LANG ] /home/wwwroot/h2o-media-api/thinkphp/lang/zh-cn.php
[ info ] [ ROUTE ] array (
  'type' => 'module',
  'module' => 
  array (
    0 => 'api',
    1 => 'Notes',
    2 => 'monitorTaskRunStatus',
  ),
)
[ info ] [ HEADER ] array (
  'host' => 'www.h2omedia.com',
  'connection' => 'close',
  'accept' => 'application/json, text/plain, */*',
  'user-agent' => 'Mozilla/5.0 (iPhone; CPU iPhone OS 13_2_3 like Mac OS X) AppleWebKit/605.1.15 (KHTML, like Gecko) Version/13.0.3 Mobile/15E148 Safari/604.1',
  'referer' => 'http://192.168.1.6:8001/',
  'accept-encoding' => 'gzip, deflate',
  'accept-language' => 'zh-CN,zh;q=0.9',
  'content-type' => '',
  'content-length' => '',
)
[ info ] [ PARAM ] array (
  'task_id' => '46',
  'userId' => '1',
)
[ info ] [ RUN ] app\api\controller\NotesController->monitorTaskRunStatus[ /home/wwwroot/h2o-media-api/application/api/controller/NotesController.php ]
[ info ] [ DB ] INIT mysql
[ info ] [ LOG ] INIT File
[ sql ] [ DB ] CONNECT:[ UseTime:0.001373s ] mysql:host=127.0.0.1;dbname=h2o_media;charset=utf8mb4
[ sql ] [ SQL ] SHOW COLUMNS FROM `m_task` [ RunTime:0.003678s ]
[ sql ] [ SQL ] SELECT * FROM `m_task` WHERE  `id` = 46 LIMIT 1 [ RunTime:0.000904s ]
---------------------------------------------------------------
[ 2022-06-12T15:01:06+08:00 ] 172.18.0.1 GET www.h2omedia.com/api/Notes/monitorTaskRunStatus?task_id=46&userId=1
[运行时间：0.186241s] [吞吐率：5.37req/s] [内存消耗：2,713.10kb] [文件加载：59]
[ info ] [ LANG ] /home/wwwroot/h2o-media-api/thinkphp/lang/zh-cn.php
[ info ] [ ROUTE ] array (
  'type' => 'module',
  'module' => 
  array (
    0 => 'api',
    1 => 'Notes',
    2 => 'monitorTaskRunStatus',
  ),
)
[ info ] [ HEADER ] array (
  'host' => 'www.h2omedia.com',
  'connection' => 'close',
  'accept' => 'application/json, text/plain, */*',
  'user-agent' => 'Mozilla/5.0 (iPhone; CPU iPhone OS 13_2_3 like Mac OS X) AppleWebKit/605.1.15 (KHTML, like Gecko) Version/13.0.3 Mobile/15E148 Safari/604.1',
  'referer' => 'http://192.168.1.6:8001/',
  'accept-encoding' => 'gzip, deflate',
  'accept-language' => 'zh-CN,zh;q=0.9',
  'content-type' => '',
  'content-length' => '',
)
[ info ] [ PARAM ] array (
  'task_id' => '46',
  'userId' => '1',
)
[ info ] [ RUN ] app\api\controller\NotesController->monitorTaskRunStatus[ /home/wwwroot/h2o-media-api/application/api/controller/NotesController.php ]
[ info ] [ DB ] INIT mysql
[ info ] [ LOG ] INIT File
[ sql ] [ DB ] CONNECT:[ UseTime:0.001116s ] mysql:host=127.0.0.1;dbname=h2o_media;charset=utf8mb4
[ sql ] [ SQL ] SHOW COLUMNS FROM `m_task` [ RunTime:0.002830s ]
[ sql ] [ SQL ] SELECT * FROM `m_task` WHERE  `id` = 46 LIMIT 1 [ RunTime:0.001177s ]
---------------------------------------------------------------
[ 2022-06-12T15:01:08+08:00 ] 172.18.0.1 GET www.h2omedia.com/api/Notes/monitorTaskRunStatus?task_id=46&userId=1
[运行时间：0.183771s] [吞吐率：5.44req/s] [内存消耗：2,713.10kb] [文件加载：59]
[ info ] [ LANG ] /home/wwwroot/h2o-media-api/thinkphp/lang/zh-cn.php
[ info ] [ ROUTE ] array (
  'type' => 'module',
  'module' => 
  array (
    0 => 'api',
    1 => 'Notes',
    2 => 'monitorTaskRunStatus',
  ),
)
[ info ] [ HEADER ] array (
  'host' => 'www.h2omedia.com',
  'connection' => 'close',
  'accept' => 'application/json, text/plain, */*',
  'user-agent' => 'Mozilla/5.0 (iPhone; CPU iPhone OS 13_2_3 like Mac OS X) AppleWebKit/605.1.15 (KHTML, like Gecko) Version/13.0.3 Mobile/15E148 Safari/604.1',
  'referer' => 'http://192.168.1.6:8001/',
  'accept-encoding' => 'gzip, deflate',
  'accept-language' => 'zh-CN,zh;q=0.9',
  'content-type' => '',
  'content-length' => '',
)
[ info ] [ PARAM ] array (
  'task_id' => '46',
  'userId' => '1',
)
[ info ] [ RUN ] app\api\controller\NotesController->monitorTaskRunStatus[ /home/wwwroot/h2o-media-api/application/api/controller/NotesController.php ]
[ info ] [ DB ] INIT mysql
[ info ] [ LOG ] INIT File
[ sql ] [ DB ] CONNECT:[ UseTime:0.001161s ] mysql:host=127.0.0.1;dbname=h2o_media;charset=utf8mb4
[ sql ] [ SQL ] SHOW COLUMNS FROM `m_task` [ RunTime:0.002774s ]
[ sql ] [ SQL ] SELECT * FROM `m_task` WHERE  `id` = 46 LIMIT 1 [ RunTime:0.001081s ]
---------------------------------------------------------------
[ 2022-06-12T15:01:10+08:00 ] 172.18.0.1 GET www.h2omedia.com/api/Notes/monitorTaskRunStatus?task_id=46&userId=1
[运行时间：0.186569s] [吞吐率：5.36req/s] [内存消耗：2,713.10kb] [文件加载：59]
[ info ] [ LANG ] /home/wwwroot/h2o-media-api/thinkphp/lang/zh-cn.php
[ info ] [ ROUTE ] array (
  'type' => 'module',
  'module' => 
  array (
    0 => 'api',
    1 => 'Notes',
    2 => 'monitorTaskRunStatus',
  ),
)
[ info ] [ HEADER ] array (
  'host' => 'www.h2omedia.com',
  'connection' => 'close',
  'accept' => 'application/json, text/plain, */*',
  'user-agent' => 'Mozilla/5.0 (iPhone; CPU iPhone OS 13_2_3 like Mac OS X) AppleWebKit/605.1.15 (KHTML, like Gecko) Version/13.0.3 Mobile/15E148 Safari/604.1',
  'referer' => 'http://192.168.1.6:8001/',
  'accept-encoding' => 'gzip, deflate',
  'accept-language' => 'zh-CN,zh;q=0.9',
  'content-type' => '',
  'content-length' => '',
)
[ info ] [ PARAM ] array (
  'task_id' => '46',
  'userId' => '1',
)
[ info ] [ RUN ] app\api\controller\NotesController->monitorTaskRunStatus[ /home/wwwroot/h2o-media-api/application/api/controller/NotesController.php ]
[ info ] [ DB ] INIT mysql
[ info ] [ LOG ] INIT File
[ sql ] [ DB ] CONNECT:[ UseTime:0.001129s ] mysql:host=127.0.0.1;dbname=h2o_media;charset=utf8mb4
[ sql ] [ SQL ] SHOW COLUMNS FROM `m_task` [ RunTime:0.002606s ]
[ sql ] [ SQL ] SELECT * FROM `m_task` WHERE  `id` = 46 LIMIT 1 [ RunTime:0.000746s ]
---------------------------------------------------------------
[ 2022-06-12T15:01:13+08:00 ] 172.18.0.1 GET www.h2omedia.com/api/Notes/monitorTaskRunStatus?task_id=46&userId=1
[运行时间：0.176995s] [吞吐率：5.65req/s] [内存消耗：2,713.10kb] [文件加载：59]
[ info ] [ LANG ] /home/wwwroot/h2o-media-api/thinkphp/lang/zh-cn.php
[ info ] [ ROUTE ] array (
  'type' => 'module',
  'module' => 
  array (
    0 => 'api',
    1 => 'Notes',
    2 => 'monitorTaskRunStatus',
  ),
)
[ info ] [ HEADER ] array (
  'host' => 'www.h2omedia.com',
  'connection' => 'close',
  'accept' => 'application/json, text/plain, */*',
  'user-agent' => 'Mozilla/5.0 (iPhone; CPU iPhone OS 13_2_3 like Mac OS X) AppleWebKit/605.1.15 (KHTML, like Gecko) Version/13.0.3 Mobile/15E148 Safari/604.1',
  'referer' => 'http://192.168.1.6:8001/',
  'accept-encoding' => 'gzip, deflate',
  'accept-language' => 'zh-CN,zh;q=0.9',
  'content-type' => '',
  'content-length' => '',
)
[ info ] [ PARAM ] array (
  'task_id' => '46',
  'userId' => '1',
)
[ info ] [ RUN ] app\api\controller\NotesController->monitorTaskRunStatus[ /home/wwwroot/h2o-media-api/application/api/controller/NotesController.php ]
[ info ] [ DB ] INIT mysql
[ info ] [ LOG ] INIT File
[ sql ] [ DB ] CONNECT:[ UseTime:0.002359s ] mysql:host=127.0.0.1;dbname=h2o_media;charset=utf8mb4
[ sql ] [ SQL ] SHOW COLUMNS FROM `m_task` [ RunTime:0.003908s ]
[ sql ] [ SQL ] SELECT * FROM `m_task` WHERE  `id` = 46 LIMIT 1 [ RunTime:0.001035s ]
---------------------------------------------------------------
[ 2022-06-12T15:01:15+08:00 ] 172.18.0.1 GET www.h2omedia.com/api/Notes/monitorTaskRunStatus?task_id=46&userId=1
[运行时间：0.173887s] [吞吐率：5.75req/s] [内存消耗：2,713.10kb] [文件加载：59]
[ info ] [ LANG ] /home/wwwroot/h2o-media-api/thinkphp/lang/zh-cn.php
[ info ] [ ROUTE ] array (
  'type' => 'module',
  'module' => 
  array (
    0 => 'api',
    1 => 'Notes',
    2 => 'monitorTaskRunStatus',
  ),
)
[ info ] [ HEADER ] array (
  'host' => 'www.h2omedia.com',
  'connection' => 'close',
  'accept' => 'application/json, text/plain, */*',
  'user-agent' => 'Mozilla/5.0 (iPhone; CPU iPhone OS 13_2_3 like Mac OS X) AppleWebKit/605.1.15 (KHTML, like Gecko) Version/13.0.3 Mobile/15E148 Safari/604.1',
  'referer' => 'http://192.168.1.6:8001/',
  'accept-encoding' => 'gzip, deflate',
  'accept-language' => 'zh-CN,zh;q=0.9',
  'content-type' => '',
  'content-length' => '',
)
[ info ] [ PARAM ] array (
  'task_id' => '46',
  'userId' => '1',
)
[ info ] [ RUN ] app\api\controller\NotesController->monitorTaskRunStatus[ /home/wwwroot/h2o-media-api/application/api/controller/NotesController.php ]
[ info ] [ DB ] INIT mysql
[ info ] [ LOG ] INIT File
[ sql ] [ DB ] CONNECT:[ UseTime:0.001104s ] mysql:host=127.0.0.1;dbname=h2o_media;charset=utf8mb4
[ sql ] [ SQL ] SHOW COLUMNS FROM `m_task` [ RunTime:0.002613s ]
[ sql ] [ SQL ] SELECT * FROM `m_task` WHERE  `id` = 46 LIMIT 1 [ RunTime:0.001001s ]
---------------------------------------------------------------
[ 2022-06-12T15:01:18+08:00 ] 172.18.0.1 GET www.h2omedia.com/api/Notes/monitorTaskRunStatus?task_id=46&userId=1
[运行时间：0.326933s] [吞吐率：3.06req/s] [内存消耗：2,713.10kb] [文件加载：59]
[ info ] [ LANG ] /home/wwwroot/h2o-media-api/thinkphp/lang/zh-cn.php
[ info ] [ ROUTE ] array (
  'type' => 'module',
  'module' => 
  array (
    0 => 'api',
    1 => 'Notes',
    2 => 'monitorTaskRunStatus',
  ),
)
[ info ] [ HEADER ] array (
  'host' => 'www.h2omedia.com',
  'connection' => 'close',
  'accept' => 'application/json, text/plain, */*',
  'user-agent' => 'Mozilla/5.0 (iPhone; CPU iPhone OS 13_2_3 like Mac OS X) AppleWebKit/605.1.15 (KHTML, like Gecko) Version/13.0.3 Mobile/15E148 Safari/604.1',
  'referer' => 'http://192.168.1.6:8001/',
  'accept-encoding' => 'gzip, deflate',
  'accept-language' => 'zh-CN,zh;q=0.9',
  'content-type' => '',
  'content-length' => '',
)
[ info ] [ PARAM ] array (
  'task_id' => '46',
  'userId' => '1',
)
[ info ] [ RUN ] app\api\controller\NotesController->monitorTaskRunStatus[ /home/wwwroot/h2o-media-api/application/api/controller/NotesController.php ]
[ info ] [ DB ] INIT mysql
[ info ] [ LOG ] INIT File
[ sql ] [ DB ] CONNECT:[ UseTime:0.002566s ] mysql:host=127.0.0.1;dbname=h2o_media;charset=utf8mb4
[ sql ] [ SQL ] SHOW COLUMNS FROM `m_task` [ RunTime:0.004034s ]
[ sql ] [ SQL ] SELECT * FROM `m_task` WHERE  `id` = 46 LIMIT 1 [ RunTime:0.001196s ]
---------------------------------------------------------------
[ 2022-06-12T22:55:39+08:00 ] 172.18.0.1 GET www.h2omedia.com/
[运行时间：0.271464s] [吞吐率：3.68req/s] [内存消耗：1,715.30kb] [文件加载：50]
[ info ] [ LANG ] /home/wwwroot/h2o-media-api/thinkphp/lang/zh-cn.php
[ info ] [ ROUTE ] array (
  'type' => 'module',
  'module' => 
  array (
    0 => '',
    1 => NULL,
    2 => NULL,
  ),
)
[ info ] [ HEADER ] array (
  'upgrade-insecure-requests' => '1',
  'accept-language' => 'zh-CN,zh;q=0.9',
  'accept-encoding' => 'gzip, deflate',
  'accept' => 'text/html,application/xhtml+xml,application/xml;q=0.9,image/avif,image/webp,image/apng,*/*;q=0.8,application/signed-exchange;v=b3;q=0.9',
  'user-agent' => 'Mozilla/5.0 (Macintosh; Intel Mac OS X 10_15_7) AppleWebKit/537.36 (KHTML, like Gecko) Chrome/102.0.0.0 Safari/537.36',
  'host' => 'www.h2omedia.com',
  'content-type' => '',
  'content-length' => '',
)
[ info ] [ PARAM ] array (
)
[ info ] [ RUN ] app\index\controller\IndexController->index[ /home/wwwroot/h2o-media-api/application/index/controller/IndexController.php ]
[ info ] [ VIEW ] /home/wwwroot/h2o-media-api/public/../application/index/view/index/index.html [ array (
) ]
[ info ] [ LOG ] INIT File
---------------------------------------------------------------
[ 2022-06-12T22:56:02+08:00 ] 172.18.0.1 GET www.h2omedia.com/api/Notes
[运行时间：5.016708s] [吞吐率：0.20req/s] [内存消耗：1,836.56kb] [文件加载：50]
[ info ] [ LANG ] /home/wwwroot/h2o-media-api/thinkphp/lang/zh-cn.php
[ info ] [ ROUTE ] array (
  'type' => 'module',
  'module' => 
  array (
    0 => 'api',
    1 => 'Notes',
    2 => NULL,
  ),
)
[ info ] [ HEADER ] array (
  'upgrade-insecure-requests' => '1',
  'accept-language' => 'zh-CN,zh;q=0.9',
  'accept-encoding' => 'gzip, deflate',
  'accept' => 'text/html,application/xhtml+xml,application/xml;q=0.9,image/avif,image/webp,image/apng,*/*;q=0.8,application/signed-exchange;v=b3;q=0.9',
  'user-agent' => 'Mozilla/5.0 (Macintosh; Intel Mac OS X 10_15_7) AppleWebKit/537.36 (KHTML, like Gecko) Chrome/102.0.0.0 Safari/537.36',
  'host' => 'www.h2omedia.com',
  'content-type' => '',
  'content-length' => '',
)
[ info ] [ PARAM ] array (
)
[ info ] [ RUN ] app\api\controller\NotesController->index[ /home/wwwroot/h2o-media-api/application/api/controller/NotesController.php ]
[ info ] [ LOG ] INIT File
[ log ] [ClFileCatchRemote]file_size:, 1M
[ log ] [ClFileCatchRemote]file_size:, 2M
---------------------------------------------------------------
[ 2022-06-12T23:00:48+08:00 ] 172.18.0.1 GET www.h2omedia.com/api/Notes
[运行时间：40.584032s] [吞吐率：0.02req/s] [内存消耗：1,888.48kb] [文件加载：52]
[ info ] [ LANG ] /home/wwwroot/h2o-media-api/thinkphp/lang/zh-cn.php
[ info ] [ ROUTE ] array (
  'type' => 'module',
  'module' => 
  array (
    0 => 'api',
    1 => 'Notes',
    2 => NULL,
  ),
)
[ info ] [ HEADER ] array (
  'upgrade-insecure-requests' => '1',
  'cache-control' => 'max-age=0',
  'accept-language' => 'zh-CN,zh;q=0.9',
  'accept-encoding' => 'gzip, deflate',
  'accept' => 'text/html,application/xhtml+xml,application/xml;q=0.9,image/avif,image/webp,image/apng,*/*;q=0.8,application/signed-exchange;v=b3;q=0.9',
  'user-agent' => 'Mozilla/5.0 (Macintosh; Intel Mac OS X 10_15_7) AppleWebKit/537.36 (KHTML, like Gecko) Chrome/102.0.0.0 Safari/537.36',
  'host' => 'www.h2omedia.com',
  'content-type' => '',
  'content-length' => '',
)
[ info ] [ PARAM ] array (
)
[ info ] [ RUN ] app\api\controller\NotesController->index[ /home/wwwroot/h2o-media-api/application/api/controller/NotesController.php ]
[ info ] [ LOG ] INIT File
[ log ] [ClFileCatchRemote]file_size:, 1M
[ log ] [ClFileCatchRemote]file_size:, 2M
[ log ] [ClFileCatchRemote]file_size:, 3M
[ log ] [ClFileCatchRemote]file_size:, 4M
[ log ] [ClFileCatchRemote]file_size:, 5M
[ log ] [ClFileCatchRemote]file_size:, 6M
[ log ] [ClFileCatchRemote]file_size:, 7M
[ log ] [ClFileCatchRemote]file_size:, 8M
[ log ] [ClFileCatchRemote]file_size:, 9M
[ log ] [ClFileCatchRemote]file_size:, 10M
[ log ] [ClFileCatchRemote]file_size:, 11M
[ log ] [ClFileCatchRemote]file_size:, 12M
[ log ] [ClFileCatchRemote]file_size:, 13M
[ log ] [ClFileCatchRemote]file_size:, 14M
[ log ] [ClFileCatchRemote]file_size:, 15M
[ log ] [ClFileCatchRemote]file_size:, 16M
[ log ] [ClFileCatchRemote]file_size:, 17M
[ log ] [ClFileCatchRemote]file_size:, 18M
[ log ] [ClFileCatchRemote]file_size:, 19M
[ log ] [ClFileCatchRemote]file_size:, 20M
---------------------------------------------------------------
[ 2022-06-12T23:01:21+08:00 ] 172.18.0.1 GET www.h2omedia.com/api/Notes
[运行时间：2.233717s] [吞吐率：0.45req/s] [内存消耗：1,759.38kb] [文件加载：50]
[ info ] [ LANG ] /home/wwwroot/h2o-media-api/thinkphp/lang/zh-cn.php
[ info ] [ ROUTE ] array (
  'type' => 'module',
  'module' => 
  array (
    0 => 'api',
    1 => 'Notes',
    2 => NULL,
  ),
)
[ info ] [ HEADER ] array (
  'upgrade-insecure-requests' => '1',
  'cache-control' => 'max-age=0',
  'accept-language' => 'zh-CN,zh;q=0.9',
  'accept-encoding' => 'gzip, deflate',
  'accept' => 'text/html,application/xhtml+xml,application/xml;q=0.9,image/avif,image/webp,image/apng,*/*;q=0.8,application/signed-exchange;v=b3;q=0.9',
  'user-agent' => 'Mozilla/5.0 (Macintosh; Intel Mac OS X 10_15_7) AppleWebKit/537.36 (KHTML, like Gecko) Chrome/102.0.0.0 Safari/537.36',
  'host' => 'www.h2omedia.com',
  'content-type' => '',
  'content-length' => '',
)
[ info ] [ PARAM ] array (
)
[ info ] [ RUN ] app\api\controller\NotesController->index[ /home/wwwroot/h2o-media-api/application/api/controller/NotesController.php ]
[ info ] [ LOG ] INIT File
---------------------------------------------------------------
[ 2022-06-12T23:01:27+08:00 ] 172.18.0.1 GET www.h2omedia.com/api/Notes
[运行时间：2.093948s] [吞吐率：0.48req/s] [内存消耗：1,759.38kb] [文件加载：50]
[ info ] [ LANG ] /home/wwwroot/h2o-media-api/thinkphp/lang/zh-cn.php
[ info ] [ ROUTE ] array (
  'type' => 'module',
  'module' => 
  array (
    0 => 'api',
    1 => 'Notes',
    2 => NULL,
  ),
)
[ info ] [ HEADER ] array (
  'upgrade-insecure-requests' => '1',
  'cache-control' => 'max-age=0',
  'accept-language' => 'zh-CN,zh;q=0.9',
  'accept-encoding' => 'gzip, deflate',
  'accept' => 'text/html,application/xhtml+xml,application/xml;q=0.9,image/avif,image/webp,image/apng,*/*;q=0.8,application/signed-exchange;v=b3;q=0.9',
  'user-agent' => 'Mozilla/5.0 (Macintosh; Intel Mac OS X 10_15_7) AppleWebKit/537.36 (KHTML, like Gecko) Chrome/102.0.0.0 Safari/537.36',
  'host' => 'www.h2omedia.com',
  'content-type' => '',
  'content-length' => '',
)
[ info ] [ PARAM ] array (
)
[ info ] [ RUN ] app\api\controller\NotesController->index[ /home/wwwroot/h2o-media-api/application/api/controller/NotesController.php ]
[ info ] [ LOG ] INIT File
---------------------------------------------------------------
[ 2022-06-12T23:03:50+08:00 ] 172.18.0.1 GET www.h2omedia.com/api/Notes
[运行时间：44.275460s] [吞吐率：0.02req/s] [内存消耗：1,899.52kb] [文件加载：52]
[ info ] [ LANG ] /home/wwwroot/h2o-media-api/thinkphp/lang/zh-cn.php
[ info ] [ ROUTE ] array (
  'type' => 'module',
  'module' => 
  array (
    0 => 'api',
    1 => 'Notes',
    2 => NULL,
  ),
)
[ info ] [ HEADER ] array (
  'upgrade-insecure-requests' => '1',
  'cache-control' => 'max-age=0',
  'accept-language' => 'zh-CN,zh;q=0.9',
  'accept-encoding' => 'gzip, deflate',
  'accept' => 'text/html,application/xhtml+xml,application/xml;q=0.9,image/avif,image/webp,image/apng,*/*;q=0.8,application/signed-exchange;v=b3;q=0.9',
  'user-agent' => 'Mozilla/5.0 (Macintosh; Intel Mac OS X 10_15_7) AppleWebKit/537.36 (KHTML, like Gecko) Chrome/102.0.0.0 Safari/537.36',
  'host' => 'www.h2omedia.com',
  'content-type' => '',
  'content-length' => '',
)
[ info ] [ PARAM ] array (
)
[ info ] [ RUN ] app\api\controller\NotesController->index[ /home/wwwroot/h2o-media-api/application/api/controller/NotesController.php ]
[ info ] [ LOG ] INIT File
[ log ] [ClFileCatchRemote]file_size:, 1M
[ log ] [ClFileCatchRemote]file_size:, 2M
[ log ] [ClFileCatchRemote]file_size:, 3M
[ log ] [ClFileCatchRemote]file_size:, 4M
[ log ] [ClFileCatchRemote]file_size:, 5M
[ log ] [ClFileCatchRemote]file_size:, 6M
[ log ] [ClFileCatchRemote]file_size:, 7M
[ log ] [ClFileCatchRemote]file_size:, 8M
[ log ] [ClFileCatchRemote]file_size:, 9M
[ log ] [ClFileCatchRemote]file_size:, 10M
[ log ] [ClFileCatchRemote]file_size:, 11M
[ log ] [ClFileCatchRemote]file_size:, 12M
[ log ] [ClFileCatchRemote]file_size:, 13M
[ log ] [ClFileCatchRemote]file_size:, 14M
[ log ] [ClFileCatchRemote]file_size:, 15M
[ log ] [ClFileCatchRemote]file_size:, 16M
[ log ] [ClFileCatchRemote]file_size:, 17M
[ log ] [ClFileCatchRemote]file_size:, 18M
[ log ] [ClFileCatchRemote]file_size:, 19M
[ log ] [ClFileCatchRemote]file_size:, 20M
[ log ] [ClFileCatchRemote]file_size:, 21M
[ log ] [ClFileCatchRemote]file_size:, 22M
[ log ] [ClFileCatchRemote]file_size:, 23M
[ log ] [ClFileCatchRemote]file_size:, 24M
[ log ] [ClFileCatchRemote]file_size:, 25M
[ log ] [ClFileCatchRemote]file_size:, 26M
[ log ] [ClFileCatchRemote]file_size:, 27M
[ log ] [ClFileCatchRemote]file_size:, 28M
[ log ] [ClFileCatchRemote]file_size:, 29M
[ log ] [ClFileCatchRemote]file_size:, 30M
[ log ] [ClFileCatchRemote]file_size:, 31M
[ log ] [ClFileCatchRemote]file_size:, 32M
[ log ] [ClFileCatchRemote]file_size:, 33M
[ log ] [ClFileCatchRemote]file_size:, 34M
[ log ] [ClFileCatchRemote]file_size:, 35M
[ log ] [ClFileCatchRemote]file_size:, 36M
[ log ] [ClFileCatchRemote]file_size:, 37M
[ log ] [ClFileCatchRemote]file_size:, 38M
[ log ] [ClFileCatchRemote]file_size:, 39M
[ log ] [ClFileCatchRemote]file_size:, 40M
[ log ] [ClFileCatchRemote]file_size:, 41M
[ log ] [ClFileCatchRemote]file_size:, 42M
[ log ] [ClFileCatchRemote]file_size:, 43M
[ log ] [ClFileCatchRemote]file_size:, 44M
[ log ] [ClFileCatchRemote]file_size:, 45M
[ log ] [ClFileCatchRemote]file_size:, 46M
[ log ] [ClFileCatchRemote]file_size:, 47M
[ log ] [ClFileCatchRemote]file_size:, 48M
[ log ] [ClFileCatchRemote]file_size:, 49M
[ log ] [ClFileCatchRemote]file_size:, 50M
[ log ] [ClFileCatchRemote]file_size:, 51M
[ log ] [ClFileCatchRemote]file_size:, 52M
[ log ] [ClFileCatchRemote]file_size:, 53M
[ log ] [ClFileCatchRemote]file_size:, 54M
[ log ] [ClFileCatchRemote]file_size:, 55M
[ log ] [ClFileCatchRemote]file_size:, 56M
[ log ] [ClFileCatchRemote]file_size:, 57M
[ log ] [ClFileCatchRemote]file_size:, 58M
[ log ] [ClFileCatchRemote]file_size:, 59M
[ log ] [ClFileCatchRemote]file_size:, 60M
[ log ] [ClFileCatchRemote]file_size:, 61M
---------------------------------------------------------------
[ 2022-06-12T23:03:56+08:00 ] 172.18.0.1 GET www.h2omedia.com/api/Notes
[运行时间：63.603448s] [吞吐率：0.02req/s] [内存消耗：2,012.60kb] [文件加载：55]
[ info ] [ LANG ] /home/wwwroot/h2o-media-api/thinkphp/lang/zh-cn.php
[ info ] [ ROUTE ] array (
  'type' => 'module',
  'module' => 
  array (
    0 => 'api',
    1 => 'Notes',
    2 => NULL,
  ),
)
[ info ] [ HEADER ] array (
  'upgrade-insecure-requests' => '1',
  'cache-control' => 'max-age=0',
  'accept-language' => 'zh-CN,zh;q=0.9',
  'accept-encoding' => 'gzip, deflate',
  'accept' => 'text/html,application/xhtml+xml,application/xml;q=0.9,image/avif,image/webp,image/apng,*/*;q=0.8,application/signed-exchange;v=b3;q=0.9',
  'user-agent' => 'Mozilla/5.0 (Macintosh; Intel Mac OS X 10_15_7) AppleWebKit/537.36 (KHTML, like Gecko) Chrome/102.0.0.0 Safari/537.36',
  'host' => 'www.h2omedia.com',
  'content-type' => '',
  'content-length' => '',
)
[ info ] [ PARAM ] array (
)
[ info ] [ RUN ] app\api\controller\NotesController->index[ /home/wwwroot/h2o-media-api/application/api/controller/NotesController.php ]
[ info ] [ LOG ] INIT File
[ log ] [ClFileCatchRemote]file_size:, 1M
[ log ] [ClFileCatchRemote]file_size:, 2M
[ log ] [ClFileCatchRemote]file_size:, 3M
[ log ] [ClFileCatchRemote]file_size:, 4M
[ log ] [ClFileCatchRemote]file_size:, 5M
[ log ] [ClFileCatchRemote]file_size:, 6M
[ log ] [ClFileCatchRemote]file_size:, 7M
[ log ] [ClFileCatchRemote]file_size:, 8M
[ log ] [ClFileCatchRemote]file_size:, 9M
[ log ] [ClFileCatchRemote]file_size:, 10M
[ log ] [ClFileCatchRemote]file_size:, 11M
[ log ] [ClFileCatchRemote]file_size:, 12M
[ log ] [ClFileCatchRemote]file_size:, 13M
[ log ] [ClFileCatchRemote]file_size:, 14M
[ log ] [ClFileCatchRemote]file_size:, 15M
[ log ] [ClFileCatchRemote]file_size:, 16M
[ log ] [ClFileCatchRemote]file_size:, 17M
[ log ] [ClFileCatchRemote]file_size:, 18M
[ log ] [ClFileCatchRemote]file_size:, 19M
[ log ] [ClFileCatchRemote]file_size:, 20M
[ log ] [ClFileCatchRemote]file_size:, 21M
[ log ] [ClFileCatchRemote]file_size:, 22M
[ log ] [ClFileCatchRemote]file_size:, 23M
[ log ] [ClFileCatchRemote]file_size:, 24M
[ log ] [ClFileCatchRemote]file_size:, 25M
[ log ] [ClFileCatchRemote]file_size:, 26M
[ log ] [ClFileCatchRemote]file_size:, 27M
[ log ] [ClFileCatchRemote]file_size:, 28M
[ log ] [ClFileCatchRemote]file_size:, 29M
[ log ] [ClFileCatchRemote]file_size:, 30M
[ log ] [ClFileCatchRemote]file_size:, 31M
[ log ] [ClFileCatchRemote]file_size:, 32M
[ log ] [ClFileCatchRemote]file_size:, 33M
[ log ] [ClFileCatchRemote]file_size:, 34M
[ log ] [ClFileCatchRemote]file_size:, 35M
[ log ] [ClFileCatchRemote]file_size:, 36M
[ log ] [ClFileCatchRemote]file_size:, 37M
[ log ] [ClFileCatchRemote]file_size:, 38M
[ log ] [ClFileCatchRemote]file_size:, 39M
[ log ] [ClFileCatchRemote]file_size:, 40M
[ log ] [ClFileCatchRemote]file_size:, 41M
[ log ] [ClFileCatchRemote]file_size:, 42M
[ log ] [ClFileCatchRemote]file_size:, 43M
[ log ] [ClFileCatchRemote]file_size:, 44M
[ log ] [ClFileCatchRemote]file_size:, 45M
[ log ] [ClFileCatchRemote]file_size:, 46M
[ log ] [ClFileCatchRemote]file_size:, 47M
[ log ] [ClFileCatchRemote]file_size:, 48M
[ log ] [ClFileCatchRemote]file_size:, 49M
[ log ] [ClFileCatchRemote]file_size:, 50M
[ log ] [ClFileCatchRemote]file_size:, 51M
[ log ] [ClFileCatchRemote]file_size:, 52M
[ log ] [ClFileCatchRemote]file_size:, 53M
[ log ] [ClFileCatchRemote]file_size:, 54M
[ log ] [ClFileCatchRemote]file_size:, 55M
[ log ] [ClFileCatchRemote]file_size:, 56M
[ log ] [ClFileCatchRemote]file_size:, 57M
[ log ] [ClFileCatchRemote]file_size:, 58M
[ log ] [ClFileCatchRemote]file_size:, 59M
[ log ] [ClFileCatchRemote]file_size:, 60M
[ log ] [ClFileCatchRemote]file_size:, 61M
[ log ] [ClFileCatchRemote]file_size:, 62M
[ log ] [ClFileCatchRemote]file_size:, 63M
[ log ] [ClFileCatchRemote]file_size:, 64M
[ log ] [ClFileCatchRemote]file_size:, 65M
[ log ] [ClFileCatchRemote]file_size:, 66M
[ log ] [ClFileCatchRemote]file_size:, 67M
[ log ] [ClFileCatchRemote]file_size:, 68M
[ log ] [ClFileCatchRemote]file_size:, 69M
[ log ] [ClFileCatchRemote]file_size:, 70M
[ log ] [ClFileCatchRemote]file_size:, 71M
[ log ] [ClFileCatchRemote]file_size:, 72M
[ log ] [ClFileCatchRemote]file_size:, 73M
[ log ] [ClFileCatchRemote]file_size:, 74M
[ log ] [ClFileCatchRemote]file_size:, 75M
[ log ] [ClFileCatchRemote]file_size:, 76M
[ log ] [ClFileCatchRemote]file_size:, 77M
[ error ] [2]filesize(): stat failed for /home/wwwroot/h2o-media-api/public/upload/h2o-media/download/temp[/home/wwwroot/h2o-media-api/extend/ClassLibrary/ClFile.php:599]
