[ 2022-06-12T23:06:04+08:00 ][ info ] [ LANG ] /home/wwwroot/h2o-media-api/thinkphp/lang/zh-cn.php
[ info ] [ LOG ] INIT File
[ 2022-06-12T23:06:04+08:00 ][ info ] [ ROUTE ] array (
  'type' => 'module',
  'module' => 
  array (
    0 => 'Tools',
    1 => 'task',
    2 => 'catchRemote',
  ),
)
[ 2022-06-12T23:06:04+08:00 ][ info ] [ HEADER ] array (
)
[ 2022-06-12T23:06:04+08:00 ][ info ] [ PARAM ] array (
)
[ 2022-06-12T23:06:15+08:00 ][ info ] [ LANG ] /home/wwwroot/h2o-media-api/thinkphp/lang/zh-cn.php
[ info ] [ LOG ] INIT File
[ 2022-06-12T23:06:15+08:00 ][ info ] [ ROUTE ] array (
  'type' => 'module',
  'module' => 
  array (
    0 => 'Tools',
    1 => 'task',
    2 => 'catchRemote',
  ),
)
[ 2022-06-12T23:06:15+08:00 ][ info ] [ HEADER ] array (
)
[ 2022-06-12T23:06:15+08:00 ][ info ] [ PARAM ] array (
)
[ 2022-06-12T23:06:45+08:00 ][ info ] [ LANG ] /home/wwwroot/h2o-media-api/thinkphp/lang/zh-cn.php
[ info ] [ LOG ] INIT File
[ 2022-06-12T23:06:45+08:00 ][ info ] [ ROUTE ] array (
  'type' => 'module',
  'module' => 
  array (
    0 => 'Tools',
    1 => 'task',
    2 => 'catchRemote',
  ),
)
[ 2022-06-12T23:06:45+08:00 ][ info ] [ HEADER ] array (
)
[ 2022-06-12T23:06:45+08:00 ][ info ] [ PARAM ] array (
)
