[ 2022-06-29T19:38:04+08:00 ][ info ] [ LANG ] /home/wwwroot/h2o-media-api/thinkphp/lang/zh-cn.php
[ info ] [ LOG ] INIT File
[ 2022-06-29T19:38:04+08:00 ][ info ] [ ROUTE ] array (
  'type' => 'module',
  'module' => 
  array (
    0 => 'Tools',
    1 => 'Task',
    2 => 'huobiDemo',
  ),
)
[ 2022-06-29T19:38:04+08:00 ][ info ] [ HEADER ] array (
)
[ 2022-06-29T19:38:04+08:00 ][ info ] [ PARAM ] array (
)
[ 2022-06-29T19:38:55+08:00 ][ info ] [ LANG ] /home/wwwroot/h2o-media-api/thinkphp/lang/zh-cn.php
[ info ] [ LOG ] INIT File
[ 2022-06-29T19:38:55+08:00 ][ info ] [ ROUTE ] array (
  'type' => 'module',
  'module' => 
  array (
    0 => 'Tools',
    1 => 'Task',
    2 => 'huobiDemo',
  ),
)
[ 2022-06-29T19:38:55+08:00 ][ info ] [ HEADER ] array (
)
[ 2022-06-29T19:38:55+08:00 ][ info ] [ PARAM ] array (
)
[ 2022-06-29T19:42:49+08:00 ][ info ] [ LANG ] /home/wwwroot/h2o-media-api/thinkphp/lang/zh-cn.php
[ info ] [ LOG ] INIT File
[ 2022-06-29T19:42:49+08:00 ][ info ] [ ROUTE ] array (
  'type' => 'module',
  'module' => 
  array (
    0 => 'Tools',
    1 => 'Task',
    2 => 'huobiDemo',
  ),
)
[ 2022-06-29T19:42:49+08:00 ][ info ] [ HEADER ] array (
)
[ 2022-06-29T19:42:49+08:00 ][ info ] [ PARAM ] array (
)
[ 2022-06-29T19:42:53+08:00 ][ info ] [ LANG ] /home/wwwroot/h2o-media-api/thinkphp/lang/zh-cn.php
[ info ] [ LOG ] INIT File
[ 2022-06-29T19:42:53+08:00 ][ info ] [ ROUTE ] array (
  'type' => 'module',
  'module' => 
  array (
    0 => 'Tools',
    1 => 'Task',
    2 => 'huobiDemo',
  ),
)
[ 2022-06-29T19:42:53+08:00 ][ info ] [ HEADER ] array (
)
[ 2022-06-29T19:42:53+08:00 ][ info ] [ PARAM ] array (
)
[ 2022-06-29T19:43:02+08:00 ][ info ] [ LANG ] /home/wwwroot/h2o-media-api/thinkphp/lang/zh-cn.php
[ info ] [ LOG ] INIT File
[ 2022-06-29T19:43:02+08:00 ][ info ] [ ROUTE ] array (
  'type' => 'module',
  'module' => 
  array (
    0 => 'Tools',
    1 => 'Task',
    2 => 'huobiDemo',
  ),
)
[ 2022-06-29T19:43:02+08:00 ][ info ] [ HEADER ] array (
)
[ 2022-06-29T19:43:02+08:00 ][ info ] [ PARAM ] array (
)
[ 2022-06-29T19:43:20+08:00 ][ info ] [ LANG ] /home/wwwroot/h2o-media-api/thinkphp/lang/zh-cn.php
[ info ] [ LOG ] INIT File
[ 2022-06-29T19:43:20+08:00 ][ info ] [ ROUTE ] array (
  'type' => 'module',
  'module' => 
  array (
    0 => 'Tools',
    1 => 'Task',
    2 => 'huobiDemo',
  ),
)
[ 2022-06-29T19:43:20+08:00 ][ info ] [ HEADER ] array (
)
[ 2022-06-29T19:43:20+08:00 ][ info ] [ PARAM ] array (
)
[ 2022-06-29T19:43:47+08:00 ][ info ] [ LANG ] /home/wwwroot/h2o-media-api/thinkphp/lang/zh-cn.php
[ info ] [ LOG ] INIT File
[ 2022-06-29T19:43:47+08:00 ][ info ] [ ROUTE ] array (
  'type' => 'module',
  'module' => 
  array (
    0 => 'Tools',
    1 => 'Task',
    2 => 'huobiDemo',
  ),
)
[ 2022-06-29T19:43:47+08:00 ][ info ] [ HEADER ] array (
)
[ 2022-06-29T19:43:47+08:00 ][ info ] [ PARAM ] array (
)
[ 2022-06-29T19:50:56+08:00 ][ info ] [ LANG ] /home/wwwroot/h2o-media-api/thinkphp/lang/zh-cn.php
[ info ] [ LOG ] INIT File
[ 2022-06-29T19:50:56+08:00 ][ info ] [ ROUTE ] array (
  'type' => 'module',
  'module' => 
  array (
    0 => 'Tools',
    1 => 'Task',
    2 => 'huobiDemo',
  ),
)
[ 2022-06-29T19:50:56+08:00 ][ info ] [ HEADER ] array (
)
[ 2022-06-29T19:50:56+08:00 ][ info ] [ PARAM ] array (
)
[ 2022-06-29T19:51:24+08:00 ][ info ] [ LANG ] /home/wwwroot/h2o-media-api/thinkphp/lang/zh-cn.php
[ info ] [ LOG ] INIT File
[ 2022-06-29T19:51:24+08:00 ][ info ] [ ROUTE ] array (
  'type' => 'module',
  'module' => 
  array (
    0 => 'Tools',
    1 => 'Task',
    2 => 'huobiDemo',
  ),
)
[ 2022-06-29T19:51:24+08:00 ][ info ] [ HEADER ] array (
)
[ 2022-06-29T19:51:24+08:00 ][ info ] [ PARAM ] array (
)
