---------------------------------------------------------------
[ 2022-04-12T15:16:28+08:00 ] 172.18.0.1 GET www.h2oapi.com/
[运行时间：0.248975s] [吞吐率：4.02req/s] [内存消耗：1,581.40kb] [文件加载：47]
[ info ] [ LANG ] /home/wwwroot/h2o-api/thinkphp/lang/zh-cn.php
[ info ] [ ROUTE ] array (
  'type' => 'module',
  'module' => 
  array (
    0 => '',
    1 => NULL,
    2 => NULL,
  ),
)
[ info ] [ HEADER ] array (
  'cookie' => 'sid=b3dba46e-ba2d-11ec-a5ec-ffe1e2ade95b',
  'accept-language' => 'zh-CN,zh;q=0.9',
  'accept-encoding' => 'gzip, deflate',
  'purpose' => 'prefetch',
  'accept' => 'text/html,application/xhtml+xml,application/xml;q=0.9,image/avif,image/webp,image/apng,*/*;q=0.8,application/signed-exchange;v=b3;q=0.9',
  'user-agent' => 'Mozilla/5.0 (Macintosh; Intel Mac OS X 10_15_7) AppleWebKit/537.36 (KHTML, like Gecko) Chrome/99.0.4844.83 Safari/537.36',
  'upgrade-insecure-requests' => '1',
  'connection' => 'keep-alive',
  'host' => 'www.h2oapi.com',
  'content-type' => '',
  'content-length' => '',
)
[ info ] [ PARAM ] array (
)
[ info ] [ RUN ] app\index\controller\IndexController->index[ /home/wwwroot/h2o-api/application/index/controller/IndexController.php ]
[ info ] [ LOG ] INIT File
---------------------------------------------------------------
[ 2022-04-12T15:16:36+08:00 ] 172.18.0.1 GET www.h2oapi.com/
[运行时间：0.151067s] [吞吐率：6.62req/s] [内存消耗：1,581.38kb] [文件加载：47]
[ info ] [ LANG ] /home/wwwroot/h2o-api/thinkphp/lang/zh-cn.php
[ info ] [ ROUTE ] array (
  'type' => 'module',
  'module' => 
  array (
    0 => '',
    1 => NULL,
    2 => NULL,
  ),
)
[ info ] [ HEADER ] array (
  'cookie' => 'sid=b3dba46e-ba2d-11ec-a5ec-ffe1e2ade95b',
  'accept-language' => 'zh-CN,zh;q=0.9',
  'accept-encoding' => 'gzip, deflate',
  'accept' => 'text/html,application/xhtml+xml,application/xml;q=0.9,image/avif,image/webp,image/apng,*/*;q=0.8,application/signed-exchange;v=b3;q=0.9',
  'user-agent' => 'Mozilla/5.0 (Macintosh; Intel Mac OS X 10_15_7) AppleWebKit/537.36 (KHTML, like Gecko) Chrome/99.0.4844.83 Safari/537.36',
  'upgrade-insecure-requests' => '1',
  'cache-control' => 'max-age=0',
  'connection' => 'keep-alive',
  'host' => 'www.h2oapi.com',
  'content-type' => '',
  'content-length' => '',
)
[ info ] [ PARAM ] array (
)
[ info ] [ RUN ] app\index\controller\IndexController->index[ /home/wwwroot/h2o-api/application/index/controller/IndexController.php ]
[ info ] [ LOG ] INIT File
---------------------------------------------------------------
[ 2022-04-12T15:16:37+08:00 ] 172.18.0.1 GET www.h2oapi.com/
[运行时间：0.125919s] [吞吐率：7.94req/s] [内存消耗：1,581.38kb] [文件加载：47]
[ info ] [ LANG ] /home/wwwroot/h2o-api/thinkphp/lang/zh-cn.php
[ info ] [ ROUTE ] array (
  'type' => 'module',
  'module' => 
  array (
    0 => '',
    1 => NULL,
    2 => NULL,
  ),
)
[ info ] [ HEADER ] array (
  'cookie' => 'sid=b3dba46e-ba2d-11ec-a5ec-ffe1e2ade95b',
  'accept-language' => 'zh-CN,zh;q=0.9',
  'accept-encoding' => 'gzip, deflate',
  'accept' => 'text/html,application/xhtml+xml,application/xml;q=0.9,image/avif,image/webp,image/apng,*/*;q=0.8,application/signed-exchange;v=b3;q=0.9',
  'user-agent' => 'Mozilla/5.0 (Macintosh; Intel Mac OS X 10_15_7) AppleWebKit/537.36 (KHTML, like Gecko) Chrome/99.0.4844.83 Safari/537.36',
  'upgrade-insecure-requests' => '1',
  'cache-control' => 'max-age=0',
  'connection' => 'keep-alive',
  'host' => 'www.h2oapi.com',
  'content-type' => '',
  'content-length' => '',
)
[ info ] [ PARAM ] array (
)
[ info ] [ RUN ] app\index\controller\IndexController->index[ /home/wwwroot/h2o-api/application/index/controller/IndexController.php ]
[ info ] [ LOG ] INIT File
---------------------------------------------------------------
[ 2022-04-12T15:16:37+08:00 ] 172.18.0.1 GET www.h2oapi.com/
[运行时间：0.116424s] [吞吐率：8.59req/s] [内存消耗：1,581.38kb] [文件加载：47]
[ info ] [ LANG ] /home/wwwroot/h2o-api/thinkphp/lang/zh-cn.php
[ info ] [ ROUTE ] array (
  'type' => 'module',
  'module' => 
  array (
    0 => '',
    1 => NULL,
    2 => NULL,
  ),
)
[ info ] [ HEADER ] array (
  'cookie' => 'sid=b3dba46e-ba2d-11ec-a5ec-ffe1e2ade95b',
  'accept-language' => 'zh-CN,zh;q=0.9',
  'accept-encoding' => 'gzip, deflate',
  'accept' => 'text/html,application/xhtml+xml,application/xml;q=0.9,image/avif,image/webp,image/apng,*/*;q=0.8,application/signed-exchange;v=b3;q=0.9',
  'user-agent' => 'Mozilla/5.0 (Macintosh; Intel Mac OS X 10_15_7) AppleWebKit/537.36 (KHTML, like Gecko) Chrome/99.0.4844.83 Safari/537.36',
  'upgrade-insecure-requests' => '1',
  'cache-control' => 'max-age=0',
  'connection' => 'keep-alive',
  'host' => 'www.h2oapi.com',
  'content-type' => '',
  'content-length' => '',
)
[ info ] [ PARAM ] array (
)
[ info ] [ RUN ] app\index\controller\IndexController->index[ /home/wwwroot/h2o-api/application/index/controller/IndexController.php ]
[ info ] [ LOG ] INIT File
---------------------------------------------------------------
[ 2022-04-12T15:16:37+08:00 ] 172.18.0.1 GET www.h2oapi.com/
[运行时间：0.129414s] [吞吐率：7.73req/s] [内存消耗：1,581.38kb] [文件加载：47]
[ info ] [ LANG ] /home/wwwroot/h2o-api/thinkphp/lang/zh-cn.php
[ info ] [ ROUTE ] array (
  'type' => 'module',
  'module' => 
  array (
    0 => '',
    1 => NULL,
    2 => NULL,
  ),
)
[ info ] [ HEADER ] array (
  'cookie' => 'sid=b3dba46e-ba2d-11ec-a5ec-ffe1e2ade95b',
  'accept-language' => 'zh-CN,zh;q=0.9',
  'accept-encoding' => 'gzip, deflate',
  'accept' => 'text/html,application/xhtml+xml,application/xml;q=0.9,image/avif,image/webp,image/apng,*/*;q=0.8,application/signed-exchange;v=b3;q=0.9',
  'user-agent' => 'Mozilla/5.0 (Macintosh; Intel Mac OS X 10_15_7) AppleWebKit/537.36 (KHTML, like Gecko) Chrome/99.0.4844.83 Safari/537.36',
  'upgrade-insecure-requests' => '1',
  'cache-control' => 'max-age=0',
  'connection' => 'keep-alive',
  'host' => 'www.h2oapi.com',
  'content-type' => '',
  'content-length' => '',
)
[ info ] [ PARAM ] array (
)
[ info ] [ RUN ] app\index\controller\IndexController->index[ /home/wwwroot/h2o-api/application/index/controller/IndexController.php ]
[ info ] [ LOG ] INIT File
---------------------------------------------------------------
[ 2022-04-12T15:16:38+08:00 ] 172.18.0.1 GET www.h2oapi.com/
[运行时间：0.127772s] [吞吐率：7.83req/s] [内存消耗：1,581.38kb] [文件加载：47]
[ info ] [ LANG ] /home/wwwroot/h2o-api/thinkphp/lang/zh-cn.php
[ info ] [ ROUTE ] array (
  'type' => 'module',
  'module' => 
  array (
    0 => '',
    1 => NULL,
    2 => NULL,
  ),
)
[ info ] [ HEADER ] array (
  'cookie' => 'sid=b3dba46e-ba2d-11ec-a5ec-ffe1e2ade95b',
  'accept-language' => 'zh-CN,zh;q=0.9',
  'accept-encoding' => 'gzip, deflate',
  'accept' => 'text/html,application/xhtml+xml,application/xml;q=0.9,image/avif,image/webp,image/apng,*/*;q=0.8,application/signed-exchange;v=b3;q=0.9',
  'user-agent' => 'Mozilla/5.0 (Macintosh; Intel Mac OS X 10_15_7) AppleWebKit/537.36 (KHTML, like Gecko) Chrome/99.0.4844.83 Safari/537.36',
  'upgrade-insecure-requests' => '1',
  'cache-control' => 'max-age=0',
  'connection' => 'keep-alive',
  'host' => 'www.h2oapi.com',
  'content-type' => '',
  'content-length' => '',
)
[ info ] [ PARAM ] array (
)
[ info ] [ RUN ] app\index\controller\IndexController->index[ /home/wwwroot/h2o-api/application/index/controller/IndexController.php ]
[ info ] [ LOG ] INIT File
---------------------------------------------------------------
[ 2022-04-12T15:16:50+08:00 ] 172.18.0.1 GET www.h2oapi.com/
[运行时间：0.136814s] [吞吐率：7.31req/s] [内存消耗：1,581.38kb] [文件加载：47]
[ info ] [ LANG ] /home/wwwroot/h2o-api/thinkphp/lang/zh-cn.php
[ info ] [ ROUTE ] array (
  'type' => 'module',
  'module' => 
  array (
    0 => '',
    1 => NULL,
    2 => NULL,
  ),
)
[ info ] [ HEADER ] array (
  'cookie' => 'sid=b3dba46e-ba2d-11ec-a5ec-ffe1e2ade95b',
  'accept-language' => 'zh-CN,zh;q=0.9',
  'accept-encoding' => 'gzip, deflate',
  'accept' => 'text/html,application/xhtml+xml,application/xml;q=0.9,image/avif,image/webp,image/apng,*/*;q=0.8,application/signed-exchange;v=b3;q=0.9',
  'user-agent' => 'Mozilla/5.0 (Macintosh; Intel Mac OS X 10_15_7) AppleWebKit/537.36 (KHTML, like Gecko) Chrome/99.0.4844.83 Safari/537.36',
  'upgrade-insecure-requests' => '1',
  'cache-control' => 'max-age=0',
  'connection' => 'keep-alive',
  'host' => 'www.h2oapi.com',
  'content-type' => '',
  'content-length' => '',
)
[ info ] [ PARAM ] array (
)
[ info ] [ RUN ] app\index\controller\IndexController->index[ /home/wwwroot/h2o-api/application/index/controller/IndexController.php ]
[ info ] [ LOG ] INIT File
---------------------------------------------------------------
[ 2022-04-12T15:16:50+08:00 ] 172.18.0.1 GET www.h2oapi.com/
[运行时间：0.111681s] [吞吐率：8.95req/s] [内存消耗：1,581.38kb] [文件加载：47]
[ info ] [ LANG ] /home/wwwroot/h2o-api/thinkphp/lang/zh-cn.php
[ info ] [ ROUTE ] array (
  'type' => 'module',
  'module' => 
  array (
    0 => '',
    1 => NULL,
    2 => NULL,
  ),
)
[ info ] [ HEADER ] array (
  'cookie' => 'sid=b3dba46e-ba2d-11ec-a5ec-ffe1e2ade95b',
  'accept-language' => 'zh-CN,zh;q=0.9',
  'accept-encoding' => 'gzip, deflate',
  'accept' => 'text/html,application/xhtml+xml,application/xml;q=0.9,image/avif,image/webp,image/apng,*/*;q=0.8,application/signed-exchange;v=b3;q=0.9',
  'user-agent' => 'Mozilla/5.0 (Macintosh; Intel Mac OS X 10_15_7) AppleWebKit/537.36 (KHTML, like Gecko) Chrome/99.0.4844.83 Safari/537.36',
  'upgrade-insecure-requests' => '1',
  'cache-control' => 'max-age=0',
  'connection' => 'keep-alive',
  'host' => 'www.h2oapi.com',
  'content-type' => '',
  'content-length' => '',
)
[ info ] [ PARAM ] array (
)
[ info ] [ RUN ] app\index\controller\IndexController->index[ /home/wwwroot/h2o-api/application/index/controller/IndexController.php ]
[ info ] [ LOG ] INIT File
---------------------------------------------------------------
[ 2022-04-12T15:16:51+08:00 ] 172.18.0.1 GET www.h2oapi.com/
[运行时间：0.127317s] [吞吐率：7.85req/s] [内存消耗：1,581.38kb] [文件加载：47]
[ info ] [ LANG ] /home/wwwroot/h2o-api/thinkphp/lang/zh-cn.php
[ info ] [ ROUTE ] array (
  'type' => 'module',
  'module' => 
  array (
    0 => '',
    1 => NULL,
    2 => NULL,
  ),
)
[ info ] [ HEADER ] array (
  'cookie' => 'sid=b3dba46e-ba2d-11ec-a5ec-ffe1e2ade95b',
  'accept-language' => 'zh-CN,zh;q=0.9',
  'accept-encoding' => 'gzip, deflate',
  'accept' => 'text/html,application/xhtml+xml,application/xml;q=0.9,image/avif,image/webp,image/apng,*/*;q=0.8,application/signed-exchange;v=b3;q=0.9',
  'user-agent' => 'Mozilla/5.0 (Macintosh; Intel Mac OS X 10_15_7) AppleWebKit/537.36 (KHTML, like Gecko) Chrome/99.0.4844.83 Safari/537.36',
  'upgrade-insecure-requests' => '1',
  'cache-control' => 'max-age=0',
  'connection' => 'keep-alive',
  'host' => 'www.h2oapi.com',
  'content-type' => '',
  'content-length' => '',
)
[ info ] [ PARAM ] array (
)
[ info ] [ RUN ] app\index\controller\IndexController->index[ /home/wwwroot/h2o-api/application/index/controller/IndexController.php ]
[ info ] [ LOG ] INIT File
---------------------------------------------------------------
[ 2022-04-12T15:16:51+08:00 ] 172.18.0.1 GET www.h2oapi.com/
[运行时间：0.116288s] [吞吐率：8.60req/s] [内存消耗：1,581.38kb] [文件加载：47]
[ info ] [ LANG ] /home/wwwroot/h2o-api/thinkphp/lang/zh-cn.php
[ info ] [ ROUTE ] array (
  'type' => 'module',
  'module' => 
  array (
    0 => '',
    1 => NULL,
    2 => NULL,
  ),
)
[ info ] [ HEADER ] array (
  'cookie' => 'sid=b3dba46e-ba2d-11ec-a5ec-ffe1e2ade95b',
  'accept-language' => 'zh-CN,zh;q=0.9',
  'accept-encoding' => 'gzip, deflate',
  'accept' => 'text/html,application/xhtml+xml,application/xml;q=0.9,image/avif,image/webp,image/apng,*/*;q=0.8,application/signed-exchange;v=b3;q=0.9',
  'user-agent' => 'Mozilla/5.0 (Macintosh; Intel Mac OS X 10_15_7) AppleWebKit/537.36 (KHTML, like Gecko) Chrome/99.0.4844.83 Safari/537.36',
  'upgrade-insecure-requests' => '1',
  'cache-control' => 'max-age=0',
  'connection' => 'keep-alive',
  'host' => 'www.h2oapi.com',
  'content-type' => '',
  'content-length' => '',
)
[ info ] [ PARAM ] array (
)
[ info ] [ RUN ] app\index\controller\IndexController->index[ /home/wwwroot/h2o-api/application/index/controller/IndexController.php ]
[ info ] [ LOG ] INIT File
---------------------------------------------------------------
[ 2022-04-12T15:40:53+08:00 ] 172.18.0.1 GET www.h2oapi.com/
[运行时间：0.127325s] [吞吐率：7.85req/s] [内存消耗：1,581.38kb] [文件加载：47]
[ info ] [ LANG ] /home/wwwroot/h2o-api/thinkphp/lang/zh-cn.php
[ info ] [ ROUTE ] array (
  'type' => 'module',
  'module' => 
  array (
    0 => '',
    1 => NULL,
    2 => NULL,
  ),
)
[ info ] [ HEADER ] array (
  'cookie' => 'sid=b3dba46e-ba2d-11ec-a5ec-ffe1e2ade95b',
  'accept-language' => 'zh-CN,zh;q=0.9',
  'accept-encoding' => 'gzip, deflate',
  'accept' => 'text/html,application/xhtml+xml,application/xml;q=0.9,image/avif,image/webp,image/apng,*/*;q=0.8,application/signed-exchange;v=b3;q=0.9',
  'user-agent' => 'Mozilla/5.0 (Macintosh; Intel Mac OS X 10_15_7) AppleWebKit/537.36 (KHTML, like Gecko) Chrome/99.0.4844.83 Safari/537.36',
  'upgrade-insecure-requests' => '1',
  'cache-control' => 'max-age=0',
  'connection' => 'keep-alive',
  'host' => 'www.h2oapi.com',
  'content-type' => '',
  'content-length' => '',
)
[ info ] [ PARAM ] array (
)
[ info ] [ RUN ] app\index\controller\IndexController->index[ /home/wwwroot/h2o-api/application/index/controller/IndexController.php ]
[ info ] [ LOG ] INIT File
---------------------------------------------------------------
[ 2022-04-12T15:40:55+08:00 ] 172.18.0.1 GET www.h2oapi.com/
[运行时间：0.123091s] [吞吐率：8.12req/s] [内存消耗：1,581.38kb] [文件加载：47]
[ info ] [ LANG ] /home/wwwroot/h2o-api/thinkphp/lang/zh-cn.php
[ info ] [ ROUTE ] array (
  'type' => 'module',
  'module' => 
  array (
    0 => '',
    1 => NULL,
    2 => NULL,
  ),
)
[ info ] [ HEADER ] array (
  'cookie' => 'sid=b3dba46e-ba2d-11ec-a5ec-ffe1e2ade95b',
  'accept-language' => 'zh-CN,zh;q=0.9',
  'accept-encoding' => 'gzip, deflate',
  'accept' => 'text/html,application/xhtml+xml,application/xml;q=0.9,image/avif,image/webp,image/apng,*/*;q=0.8,application/signed-exchange;v=b3;q=0.9',
  'user-agent' => 'Mozilla/5.0 (Macintosh; Intel Mac OS X 10_15_7) AppleWebKit/537.36 (KHTML, like Gecko) Chrome/99.0.4844.83 Safari/537.36',
  'upgrade-insecure-requests' => '1',
  'cache-control' => 'max-age=0',
  'connection' => 'keep-alive',
  'host' => 'www.h2oapi.com',
  'content-type' => '',
  'content-length' => '',
)
[ info ] [ PARAM ] array (
)
[ info ] [ RUN ] app\index\controller\IndexController->index[ /home/wwwroot/h2o-api/application/index/controller/IndexController.php ]
[ info ] [ LOG ] INIT File
---------------------------------------------------------------
[ 2022-04-12T15:41:01+08:00 ] 172.18.0.1 GET www.h2oapi.com/
[运行时间：0.118594s] [吞吐率：8.43req/s] [内存消耗：1,581.41kb] [文件加载：47]
[ info ] [ LANG ] /home/wwwroot/h2o-api/thinkphp/lang/zh-cn.php
[ info ] [ ROUTE ] array (
  'type' => 'module',
  'module' => 
  array (
    0 => '',
    1 => NULL,
    2 => NULL,
  ),
)
[ info ] [ HEADER ] array (
  'cookie' => 'sid=b3dba46e-ba2d-11ec-a5ec-ffe1e2ade95b',
  'accept-language' => 'zh-CN,zh;q=0.9',
  'accept-encoding' => 'gzip, deflate',
  'accept' => 'text/html,application/xhtml+xml,application/xml;q=0.9,image/avif,image/webp,image/apng,*/*;q=0.8,application/signed-exchange;v=b3;q=0.9',
  'user-agent' => 'Mozilla/5.0 (Macintosh; Intel Mac OS X 10_15_7) AppleWebKit/537.36 (KHTML, like Gecko) Chrome/99.0.4844.83 Safari/537.36',
  'upgrade-insecure-requests' => '1',
  'cache-control' => 'no-cache',
  'pragma' => 'no-cache',
  'connection' => 'keep-alive',
  'host' => 'www.h2oapi.com',
  'content-type' => '',
  'content-length' => '',
)
[ info ] [ PARAM ] array (
)
[ info ] [ RUN ] app\index\controller\IndexController->index[ /home/wwwroot/h2o-api/application/index/controller/IndexController.php ]
[ info ] [ LOG ] INIT File
---------------------------------------------------------------
[ 2022-04-12T15:42:06+08:00 ] 172.18.0.1 GET www.h2oapi.com/
[运行时间：0.125376s] [吞吐率：7.98req/s] [内存消耗：1,581.38kb] [文件加载：47]
[ info ] [ LANG ] /home/wwwroot/h2o-api/thinkphp/lang/zh-cn.php
[ info ] [ ROUTE ] array (
  'type' => 'module',
  'module' => 
  array (
    0 => '',
    1 => NULL,
    2 => NULL,
  ),
)
[ info ] [ HEADER ] array (
  'cookie' => 'sid=b3dba46e-ba2d-11ec-a5ec-ffe1e2ade95b',
  'accept-language' => 'zh-CN,zh;q=0.9',
  'accept-encoding' => 'gzip, deflate',
  'accept' => 'text/html,application/xhtml+xml,application/xml;q=0.9,image/avif,image/webp,image/apng,*/*;q=0.8,application/signed-exchange;v=b3;q=0.9',
  'user-agent' => 'Mozilla/5.0 (Macintosh; Intel Mac OS X 10_15_7) AppleWebKit/537.36 (KHTML, like Gecko) Chrome/99.0.4844.83 Safari/537.36',
  'upgrade-insecure-requests' => '1',
  'cache-control' => 'max-age=0',
  'connection' => 'keep-alive',
  'host' => 'www.h2oapi.com',
  'content-type' => '',
  'content-length' => '',
)
[ info ] [ PARAM ] array (
)
[ info ] [ RUN ] app\index\controller\IndexController->index[ /home/wwwroot/h2o-api/application/index/controller/IndexController.php ]
[ info ] [ LOG ] INIT File
---------------------------------------------------------------
[ 2022-04-12T15:42:08+08:00 ] 172.18.0.1 GET www.h2oapi.com/
[运行时间：0.132246s] [吞吐率：7.56req/s] [内存消耗：1,581.38kb] [文件加载：47]
[ info ] [ LANG ] /home/wwwroot/h2o-api/thinkphp/lang/zh-cn.php
[ info ] [ ROUTE ] array (
  'type' => 'module',
  'module' => 
  array (
    0 => '',
    1 => NULL,
    2 => NULL,
  ),
)
[ info ] [ HEADER ] array (
  'cookie' => 'sid=b3dba46e-ba2d-11ec-a5ec-ffe1e2ade95b',
  'accept-language' => 'zh-CN,zh;q=0.9',
  'accept-encoding' => 'gzip, deflate',
  'accept' => 'text/html,application/xhtml+xml,application/xml;q=0.9,image/avif,image/webp,image/apng,*/*;q=0.8,application/signed-exchange;v=b3;q=0.9',
  'user-agent' => 'Mozilla/5.0 (Macintosh; Intel Mac OS X 10_15_7) AppleWebKit/537.36 (KHTML, like Gecko) Chrome/99.0.4844.83 Safari/537.36',
  'upgrade-insecure-requests' => '1',
  'cache-control' => 'max-age=0',
  'connection' => 'keep-alive',
  'host' => 'www.h2oapi.com',
  'content-type' => '',
  'content-length' => '',
)
[ info ] [ PARAM ] array (
)
[ info ] [ RUN ] app\index\controller\IndexController->index[ /home/wwwroot/h2o-api/application/index/controller/IndexController.php ]
[ info ] [ LOG ] INIT File
