[ 2022-07-11T00:06:25+08:00 ][ info ] [ LANG ] /home/wwwroot/Swanlake/thinkphp/lang/zh-cn.php
[ info ] [ LOG ] INIT File
[ 2022-07-11T00:06:25+08:00 ][ info ] [ ROUTE ] array (
  'type' => 'module',
  'module' => 
  array (
    0 => 'Tools',
    1 => 'Task',
    2 => 'saveUserProductData',
  ),
)
[ 2022-07-11T00:06:25+08:00 ][ info ] [ HEADER ] array (
)
[ 2022-07-11T00:06:25+08:00 ][ info ] [ PARAM ] array (
)
[ 2022-07-11T00:06:41+08:00 ][ info ] [ LANG ] /home/wwwroot/Swanlake/thinkphp/lang/zh-cn.php
[ info ] [ LOG ] INIT File
[ 2022-07-11T00:06:41+08:00 ][ info ] [ ROUTE ] array (
  'type' => 'module',
  'module' => 
  array (
    0 => 'Tools',
    1 => 'Task',
    2 => 'saveUserProductData',
  ),
)
[ 2022-07-11T00:06:41+08:00 ][ info ] [ HEADER ] array (
)
[ 2022-07-11T00:06:41+08:00 ][ info ] [ PARAM ] array (
)
[ 2022-07-11T01:09:02+08:00 ][ info ] [ LANG ] /home/wwwroot/Swanlake/thinkphp/lang/zh-cn.php
[ info ] [ LOG ] INIT File
[ 2022-07-11T01:09:02+08:00 ][ info ] [ ROUTE ] array (
  'type' => 'module',
  'module' => 
  array (
    0 => 'Tools',
    1 => 'Task',
    2 => 'saveUserProductData',
  ),
)
[ 2022-07-11T01:09:02+08:00 ][ info ] [ HEADER ] array (
)
[ 2022-07-11T01:09:02+08:00 ][ info ] [ PARAM ] array (
)
[ 2022-07-11T01:26:52+08:00 ][ info ] [ LANG ] /home/wwwroot/Swanlake/thinkphp/lang/zh-cn.php
[ info ] [ LOG ] INIT File
[ 2022-07-11T01:26:52+08:00 ][ info ] [ ROUTE ] array (
  'type' => 'module',
  'module' => 
  array (
    0 => 'Tools',
    1 => 'Task',
    2 => 'saveUserProductData',
  ),
)
[ 2022-07-11T01:26:52+08:00 ][ info ] [ HEADER ] array (
)
[ 2022-07-11T01:26:52+08:00 ][ info ] [ PARAM ] array (
)
[ 2022-07-11T01:27:14+08:00 ][ info ] [ LANG ] /home/wwwroot/Swanlake/thinkphp/lang/zh-cn.php
[ info ] [ LOG ] INIT File
[ 2022-07-11T01:27:14+08:00 ][ info ] [ ROUTE ] array (
  'type' => 'module',
  'module' => 
  array (
    0 => 'Tools',
    1 => 'Task',
    2 => 'saveUserProductData',
  ),
)
[ 2022-07-11T01:27:14+08:00 ][ info ] [ HEADER ] array (
)
[ 2022-07-11T01:27:14+08:00 ][ info ] [ PARAM ] array (
)
[ 2022-07-11T01:27:30+08:00 ][ info ] [ LANG ] /home/wwwroot/Swanlake/thinkphp/lang/zh-cn.php
[ info ] [ LOG ] INIT File
[ 2022-07-11T01:27:30+08:00 ][ info ] [ ROUTE ] array (
  'type' => 'module',
  'module' => 
  array (
    0 => 'Tools',
    1 => 'Task',
    2 => 'saveUserProductData',
  ),
)
[ 2022-07-11T01:27:30+08:00 ][ info ] [ HEADER ] array (
)
[ 2022-07-11T01:27:30+08:00 ][ info ] [ PARAM ] array (
)
[ 2022-07-11T01:27:59+08:00 ][ info ] [ LANG ] /home/wwwroot/Swanlake/thinkphp/lang/zh-cn.php
[ info ] [ LOG ] INIT File
[ 2022-07-11T01:27:59+08:00 ][ info ] [ ROUTE ] array (
  'type' => 'module',
  'module' => 
  array (
    0 => 'Tools',
    1 => 'Task',
    2 => 'saveUserProductData',
  ),
)
[ 2022-07-11T01:27:59+08:00 ][ info ] [ HEADER ] array (
)
[ 2022-07-11T01:27:59+08:00 ][ info ] [ PARAM ] array (
)
[ 2022-07-11T01:28:44+08:00 ][ info ] [ LANG ] /home/wwwroot/Swanlake/thinkphp/lang/zh-cn.php
[ info ] [ LOG ] INIT File
[ 2022-07-11T01:28:44+08:00 ][ info ] [ ROUTE ] array (
  'type' => 'module',
  'module' => 
  array (
    0 => 'Tools',
    1 => 'Task',
    2 => 'saveUserProductData',
  ),
)
[ 2022-07-11T01:28:44+08:00 ][ info ] [ HEADER ] array (
)
[ 2022-07-11T01:28:44+08:00 ][ info ] [ PARAM ] array (
)
[ 2022-07-11T01:29:00+08:00 ][ info ] [ LANG ] /home/wwwroot/Swanlake/thinkphp/lang/zh-cn.php
[ info ] [ LOG ] INIT File
[ 2022-07-11T01:29:00+08:00 ][ info ] [ ROUTE ] array (
  'type' => 'module',
  'module' => 
  array (
    0 => 'Tools',
    1 => 'Task',
    2 => 'saveUserProductData',
  ),
)
[ 2022-07-11T01:29:00+08:00 ][ info ] [ HEADER ] array (
)
[ 2022-07-11T01:29:00+08:00 ][ info ] [ PARAM ] array (
)
[ 2022-07-11T01:37:32+08:00 ][ info ] [ LANG ] /home/wwwroot/Swanlake/thinkphp/lang/zh-cn.php
[ info ] [ LOG ] INIT File
[ 2022-07-11T01:37:32+08:00 ][ info ] [ ROUTE ] array (
  'type' => 'module',
  'module' => 
  array (
    0 => 'Tools',
    1 => 'Task',
    2 => 'saveUserProductData',
  ),
)
[ 2022-07-11T01:37:32+08:00 ][ info ] [ HEADER ] array (
)
[ 2022-07-11T01:37:32+08:00 ][ info ] [ PARAM ] array (
)
[ 2022-07-11T01:39:36+08:00 ][ info ] [ LANG ] /home/wwwroot/Swanlake/thinkphp/lang/zh-cn.php
[ info ] [ LOG ] INIT File
[ 2022-07-11T01:39:36+08:00 ][ info ] [ ROUTE ] array (
  'type' => 'module',
  'module' => 
  array (
    0 => 'Tools',
    1 => 'Task',
    2 => 'saveUserProductData',
  ),
)
[ 2022-07-11T01:39:36+08:00 ][ info ] [ HEADER ] array (
)
[ 2022-07-11T01:39:36+08:00 ][ info ] [ PARAM ] array (
)
[ 2022-07-11T01:44:13+08:00 ][ info ] [ LANG ] /home/wwwroot/Swanlake/thinkphp/lang/zh-cn.php
[ info ] [ LOG ] INIT File
[ 2022-07-11T01:44:13+08:00 ][ info ] [ ROUTE ] array (
  'type' => 'module',
  'module' => 
  array (
    0 => 'Tools',
    1 => 'Task',
    2 => 'saveUserProductData',
  ),
)
[ 2022-07-11T01:44:13+08:00 ][ info ] [ HEADER ] array (
)
[ 2022-07-11T01:44:13+08:00 ][ info ] [ PARAM ] array (
)
[ 2022-07-11T01:44:47+08:00 ][ info ] [ LANG ] /home/wwwroot/Swanlake/thinkphp/lang/zh-cn.php
[ info ] [ LOG ] INIT File
[ 2022-07-11T01:44:47+08:00 ][ info ] [ ROUTE ] array (
  'type' => 'module',
  'module' => 
  array (
    0 => 'Tools',
    1 => 'Task',
    2 => 'saveUserProductData',
  ),
)
[ 2022-07-11T01:44:47+08:00 ][ info ] [ HEADER ] array (
)
[ 2022-07-11T01:44:47+08:00 ][ info ] [ PARAM ] array (
)
[ 2022-07-11T01:46:35+08:00 ][ info ] [ LANG ] /home/wwwroot/Swanlake/thinkphp/lang/zh-cn.php
[ info ] [ LOG ] INIT File
[ 2022-07-11T01:46:35+08:00 ][ info ] [ ROUTE ] array (
  'type' => 'module',
  'module' => 
  array (
    0 => 'Tools',
    1 => 'Task',
    2 => 'saveUserProductData',
  ),
)
[ 2022-07-11T01:46:35+08:00 ][ info ] [ HEADER ] array (
)
[ 2022-07-11T01:46:35+08:00 ][ info ] [ PARAM ] array (
)
